<?xml version="1.0" encoding="UTF-8"?>
<!DOCTYPE coverage SYSTEM "https://raw.githubusercontent.com/cobertura/cobertura/master/cobertura/src/site/htdocs/xml/coverage-04.dtd">
<coverage line-rate="0.927781392322707" branch-rate="0" lines-covered="2852" lines-valid="3074" branches-covered="0" branches-valid="0" complexity="0" version="3.6.5" timestamp="2025-12-08 10:59:39.644507">
  <sources>
    <source>/__w/formatters/formatters/formatters</source>
  </sources>
  <packages>
    <package name="formatters" line-rate="0.927781392322707" branch-rate="0" complexity="0">
      <classes>
        <class name="format_value.R" filename="R/format_value.R" line-rate="0.977941176470588" branch-rate="0" complexity="0">
          <methods>
            <method name="fun_takes" signature="" line-rate="1" branch-rate="0" complexity="0">
              <lines>
                <line number="2" hits="15" branch="false"/>
              </lines>
            </method>
            <method name="call_format_fun" signature="" line-rate="1" branch-rate="0" complexity="0">
              <lines>
                <line number="10" hits="5" branch="false"/>
                <line number="11" hits="5" branch="false"/>
                <line number="12" hits="5" branch="false"/>
                <line number="13" hits="5" branch="false"/>
                <line number="14" hits="5" branch="false"/>
                <line number="15" hits="5" branch="false"/>
                <line number="16" hits="5" branch="false"/>
              </lines>
            </method>
            <method name="list_valid_format_labels" signature="" line-rate="1" branch-rate="0" complexity="0">
              <lines>
                <line number="72" hits="65" branch="false"/>
                <line number="73" hits="65" branch="false"/>
                <line number="74" hits="65" branch="false"/>
                <line number="75" hits="65" branch="false"/>
                <line number="76" hits="65" branch="false"/>
                <line number="77" hits="65" branch="false"/>
                <line number="78" hits="65" branch="false"/>
                <line number="79" hits="65" branch="false"/>
              </lines>
            </method>
            <method name="list_valid_aligns" signature="" line-rate="1" branch-rate="0" complexity="0">
              <lines>
                <line number="91" hits="16382" branch="false"/>
              </lines>
            </method>
            <method name="is_valid_format" signature="" line-rate="0.75" branch-rate="0" complexity="0">
              <lines>
                <line number="114" hits="61" branch="false"/>
                <line number="116" hits="61" branch="false"/>
                <line number="117" hits="0" branch="false"/>
                <line number="120" hits="61" branch="false"/>
              </lines>
            </method>
            <method name="check_aligns" signature="" line-rate="1" branch-rate="0" complexity="0">
              <lines>
                <line number="134" hits="3" branch="false"/>
                <line number="135" hits="1" branch="false"/>
                <line number="137" hits="2" branch="false"/>
                <line number="138" hits="2" branch="false"/>
                <line number="139" hits="1" branch="false"/>
                <line number="141" hits="1" branch="false"/>
              </lines>
            </method>
            <method name="sprintf_format" signature="" line-rate="1" branch-rate="0" complexity="0">
              <lines>
                <line number="162" hits="1" branch="false"/>
                <line number="163" hits="1" branch="false"/>
                <line number="164" hits="1" branch="false"/>
              </lines>
            </method>
            <method name="round_fmt" signature="" line-rate="0.928571428571429" branch-rate="0" complexity="0">
              <lines>
                <line number="233" hits="1415" branch="false"/>
                <line number="234" hits="1415" branch="false"/>
                <line number="235" hits="0" branch="false"/>
                <line number="237" hits="1415" branch="false"/>
                <line number="238" hits="11" branch="false"/>
                <line number="239" hits="1404" branch="false"/>
                <line number="240" hits="321" branch="false"/>
                <line number="242" hits="1083" branch="false"/>
                <line number="243" hits="1083" branch="false"/>
                <line number="244" hits="1083" branch="false"/>
                <line number="245" hits="1083" branch="false"/>
                <line number="246" hits="1083" branch="false"/>
                <line number="247" hits="1083" branch="false"/>
                <line number="248" hits="1083" branch="false"/>
              </lines>
            </method>
            <method name="round_sas" signature="" line-rate="1" branch-rate="0" complexity="0">
              <lines>
                <line number="259" hits="446" branch="false"/>
                <line number="260" hits="446" branch="false"/>
                <line number="261" hits="446" branch="false"/>
                <line number="262" hits="446" branch="false"/>
                <line number="263" hits="446" branch="false"/>
                <line number="265" hits="445" branch="false"/>
                <line number="267" hits="446" branch="false"/>
              </lines>
            </method>
            <method name="round_iec_mod" signature="" line-rate="0.75" branch-rate="0" complexity="0">
              <lines>
                <line number="275" hits="1" branch="false"/>
                <line number="276" hits="1" branch="false"/>
                <line number="278" hits="0" branch="false"/>
                <line number="280" hits="1" branch="false"/>
              </lines>
            </method>
            <method name="val_pct_helper" signature="" line-rate="0.909090909090909" branch-rate="0" complexity="0">
              <lines>
                <line number="285" hits="200" branch="false"/>
                <line number="286" hits="200" branch="false"/>
                <line number="287" hits="90" branch="false"/>
                <line number="289" hits="200" branch="false"/>
                <line number="290" hits="0" branch="false"/>
                <line number="292" hits="200" branch="false"/>
                <line number="293" hits="200" branch="false"/>
                <line number="294" hits="200" branch="false"/>
                <line number="295" hits="200" branch="false"/>
                <line number="296" hits="200" branch="false"/>
                <line number="297" hits="200" branch="false"/>
              </lines>
            </method>
            <method name="sep_2d_helper" signature="" line-rate="1" branch-rate="0" complexity="0">
              <lines>
                <line number="301" hits="282" branch="false"/>
                <line number="302" hits="282" branch="false"/>
                <line number="303" hits="282" branch="false"/>
                <line number="304" hits="282" branch="false"/>
                <line number="305" hits="282" branch="false"/>
                <line number="306" hits="114" branch="false"/>
                <line number="308" hits="282" branch="false"/>
              </lines>
            </method>
            <method name="format_value" signature="" line-rate="0.98989898989899" branch-rate="0" complexity="0">
              <lines>
                <line number="348" hits="11364" branch="false"/>
                <line number="349" hits="2" branch="false"/>
                <line number="352" hits="11362" branch="false"/>
                <line number="353" hits="11362" branch="false"/>
                <line number="356" hits="11362" branch="false"/>
                <line number="357" hits="1" branch="false"/>
                <line number="359" hits="11362" branch="false"/>
                <line number="360" hits="1" branch="false"/>
                <line number="362" hits="11362" branch="false"/>
                <line number="363" hits="11358" branch="false"/>
                <line number="365" hits="11326" branch="false"/>
                <line number="368" hits="4" branch="false"/>
                <line number="369" hits="4" branch="false"/>
                <line number="370" hits="4" branch="false"/>
                <line number="376" hits="11362" branch="false"/>
                <line number="377" hits="32" branch="false"/>
                <line number="378" hits="11362" branch="false"/>
                <line number="379" hits="382" branch="false"/>
                <line number="380" hits="11362" branch="false"/>
                <line number="381" hits="5" branch="false"/>
                <line number="382" hits="11362" branch="false"/>
                <line number="383" hits="10943" branch="false"/>
                <line number="384" hits="10458" branch="false"/>
                <line number="385" hits="10943" branch="false"/>
                <line number="386" hits="403" branch="false"/>
                <line number="387" hits="10943" branch="false"/>
                <line number="388" hits="81" branch="false"/>
                <line number="389" hits="10943" branch="false"/>
                <line number="390" hits="1" branch="false"/>
                <line number="391" hits="1" branch="false"/>
                <line number="392" hits="1" branch="false"/>
                <line number="393" hits="1" branch="false"/>
                <line number="394" hits="10943" branch="false"/>
                <line number="398" hits="10942" branch="false"/>
                <line number="399" hits="14" branch="false"/>
                <line number="400" hits="11362" branch="false"/>
                <line number="402" hits="10942" branch="false"/>
                <line number="403" hits="2" branch="false"/>
                <line number="404" hits="2" branch="false"/>
                <line number="405" hits="2" branch="false"/>
                <line number="406" hits="2" branch="false"/>
                <line number="407" hits="11362" branch="false"/>
                <line number="408" hits="10940" branch="false"/>
                <line number="409" hits="10052" branch="false"/>
                <line number="410" hits="12" branch="false"/>
                <line number="411" hits="15" branch="false"/>
                <line number="412" hits="209" branch="false"/>
                <line number="413" hits="12" branch="false"/>
                <line number="414" hits="12" branch="false"/>
                <line number="415" hits="11" branch="false"/>
                <line number="416" hits="22" branch="false"/>
                <line number="417" hits="22" branch="false"/>
                <line number="418" hits="22" branch="false"/>
                <line number="419" hits="11" branch="false"/>
                <line number="420" hits="11" branch="false"/>
                <line number="421" hits="11" branch="false"/>
                <line number="422" hits="12" branch="false"/>
                <line number="423" hits="12" branch="false"/>
                <line number="424" hits="12" branch="false"/>
                <line number="425" hits="12" branch="false"/>
                <line number="426" hits="12" branch="false"/>
                <line number="427" hits="12" branch="false"/>
                <line number="428" hits="12" branch="false"/>
                <line number="429" hits="12" branch="false"/>
                <line number="430" hits="11" branch="false"/>
                <line number="431" hits="11" branch="false"/>
                <line number="432" hits="11" branch="false"/>
                <line number="433" hits="11" branch="false"/>
                <line number="434" hits="11" branch="false"/>
                <line number="435" hits="11" branch="false"/>
                <line number="436" hits="12" branch="false"/>
                <line number="437" hits="11" branch="false"/>
                <line number="438" hits="11" branch="false"/>
                <line number="439" hits="11" branch="false"/>
                <line number="440" hits="11" branch="false"/>
                <line number="441" hits="12" branch="false"/>
                <line number="442" hits="11" branch="false"/>
                <line number="443" hits="11" branch="false"/>
                <line number="444" hits="11" branch="false"/>
                <line number="445" hits="11" branch="false"/>
                <line number="446" hits="11" branch="false"/>
                <line number="447" hits="11" branch="false"/>
                <line number="448" hits="11" branch="false"/>
                <line number="449" hits="11" branch="false"/>
                <line number="450" hits="11" branch="false"/>
                <line number="451" hits="11" branch="false"/>
                <line number="452" hits="11" branch="false"/>
                <line number="453" hits="11" branch="false"/>
                <line number="454" hits="11" branch="false"/>
                <line number="455" hits="11" branch="false"/>
                <line number="456" hits="11" branch="false"/>
                <line number="457" hits="11" branch="false"/>
                <line number="458" hits="11" branch="false"/>
                <line number="459" hits="11" branch="false"/>
                <line number="460" hits="11" branch="false"/>
                <line number="461" hits="11" branch="false"/>
                <line number="462" hits="11" branch="false"/>
                <line number="463" hits="11" branch="false"/>
                <line number="464" hits="11" branch="false"/>
                <line number="465" hits="11" branch="false"/>
                <line number="466" hits="11" branch="false"/>
                <line number="467" hits="11" branch="false"/>
                <line number="468" hits="11" branch="false"/>
                <line number="469" hits="11" branch="false"/>
                <line number="470" hits="11" branch="false"/>
                <line number="471" hits="11" branch="false"/>
                <line number="472" hits="11" branch="false"/>
                <line number="473" hits="11" branch="false"/>
                <line number="474" hits="14" branch="false"/>
                <line number="475" hits="11" branch="false"/>
                <line number="476" hits="11" branch="false"/>
                <line number="477" hits="11" branch="false"/>
                <line number="478" hits="11" branch="false"/>
                <line number="479" hits="11" branch="false"/>
                <line number="480" hits="11" branch="false"/>
                <line number="481" hits="11" branch="false"/>
                <line number="482" hits="11" branch="false"/>
                <line number="483" hits="11" branch="false"/>
                <line number="484" hits="11" branch="false"/>
                <line number="485" hits="11" branch="false"/>
                <line number="486" hits="11" branch="false"/>
                <line number="487" hits="11" branch="false"/>
                <line number="488" hits="11" branch="false"/>
                <line number="489" hits="11" branch="false"/>
                <line number="490" hits="11" branch="false"/>
                <line number="491" hits="11" branch="false"/>
                <line number="492" hits="11" branch="false"/>
                <line number="493" hits="11" branch="false"/>
                <line number="494" hits="11" branch="false"/>
                <line number="495" hits="11" branch="false"/>
                <line number="496" hits="11" branch="false"/>
                <line number="497" hits="11" branch="false"/>
                <line number="498" hits="11" branch="false"/>
                <line number="499" hits="11" branch="false"/>
                <line number="500" hits="11" branch="false"/>
                <line number="501" hits="11" branch="false"/>
                <line number="502" hits="11" branch="false"/>
                <line number="503" hits="11" branch="false"/>
                <line number="504" hits="11" branch="false"/>
                <line number="505" hits="11" branch="false"/>
                <line number="506" hits="11" branch="false"/>
                <line number="507" hits="11" branch="false"/>
                <line number="508" hits="15" branch="false"/>
                <line number="509" hits="15" branch="false"/>
                <line number="510" hits="15" branch="false"/>
                <line number="511" hits="15" branch="false"/>
                <line number="512" hits="15" branch="false"/>
                <line number="513" hits="15" branch="false"/>
                <line number="514" hits="15" branch="false"/>
                <line number="515" hits="15" branch="false"/>
                <line number="516" hits="15" branch="false"/>
                <line number="517" hits="11" branch="false"/>
                <line number="518" hits="11" branch="false"/>
                <line number="519" hits="11" branch="false"/>
                <line number="520" hits="11" branch="false"/>
                <line number="521" hits="11" branch="false"/>
                <line number="522" hits="11" branch="false"/>
                <line number="523" hits="11" branch="false"/>
                <line number="524" hits="11" branch="false"/>
                <line number="525" hits="11" branch="false"/>
                <line number="526" hits="11" branch="false"/>
                <line number="527" hits="11" branch="false"/>
                <line number="528" hits="11" branch="false"/>
                <line number="529" hits="11" branch="false"/>
                <line number="530" hits="11" branch="false"/>
                <line number="531" hits="11" branch="false"/>
                <line number="532" hits="11" branch="false"/>
                <line number="533" hits="11" branch="false"/>
                <line number="534" hits="11" branch="false"/>
                <line number="535" hits="11" branch="false"/>
                <line number="536" hits="11" branch="false"/>
                <line number="537" hits="11" branch="false"/>
                <line number="538" hits="11" branch="false"/>
                <line number="539" hits="11" branch="false"/>
                <line number="540" hits="11" branch="false"/>
                <line number="541" hits="11" branch="false"/>
                <line number="542" hits="11" branch="false"/>
                <line number="543" hits="11" branch="false"/>
                <line number="544" hits="11" branch="false"/>
                <line number="545" hits="11" branch="false"/>
                <line number="546" hits="11" branch="false"/>
                <line number="547" hits="11" branch="false"/>
                <line number="548" hits="11" branch="false"/>
                <line number="549" hits="11" branch="false"/>
                <line number="552" hits="11362" branch="false"/>
                <line number="553" hits="11362" branch="false"/>
                <line number="554" hits="11362" branch="false"/>
                <line number="556" hits="11359" branch="false"/>
                <line number="559" hits="11359" branch="false"/>
                <line number="560" hits="11358" branch="false"/>
                <line number="561" hits="1" branch="false"/>
                <line number="565" hits="1" branch="false"/>
                <line number="566" hits="0" branch="false"/>
                <line number="568" hits="1" branch="false"/>
                <line number="569" hits="1" branch="false"/>
                <line number="570" hits="1" branch="false"/>
                <line number="571" hits="1" branch="false"/>
                <line number="574" hits="0" branch="false"/>
              </lines>
            </method>
            <method name="fmt_config" signature="" line-rate="1" branch-rate="0" complexity="0">
              <lines>
                <line number="605" hits="2" branch="false"/>
                <line number="331" hits="2" branch="false"/>
                <line number="348" hits="1" branch="false"/>
                <line number="349" hits="1" branch="false"/>
                <line number="364" hits="2" branch="false"/>
                <line number="380" hits="1" branch="false"/>
                <line number="381" hits="1" branch="false"/>
                <line number="396" hits="2" branch="false"/>
                <line number="412" hits="1" branch="false"/>
                <line number="413" hits="1" branch="false"/>
              </lines>
            </method>
          </methods>
          <lines>
            <line number="2" hits="15" branch="false"/>
            <line number="10" hits="5" branch="false"/>
            <line number="11" hits="5" branch="false"/>
            <line number="12" hits="5" branch="false"/>
            <line number="13" hits="5" branch="false"/>
            <line number="14" hits="5" branch="false"/>
            <line number="15" hits="5" branch="false"/>
            <line number="16" hits="5" branch="false"/>
            <line number="72" hits="65" branch="false"/>
            <line number="73" hits="65" branch="false"/>
            <line number="74" hits="65" branch="false"/>
            <line number="75" hits="65" branch="false"/>
            <line number="76" hits="65" branch="false"/>
            <line number="77" hits="65" branch="false"/>
            <line number="78" hits="65" branch="false"/>
            <line number="79" hits="65" branch="false"/>
            <line number="91" hits="16382" branch="false"/>
            <line number="114" hits="61" branch="false"/>
            <line number="116" hits="61" branch="false"/>
            <line number="117" hits="0" branch="false"/>
            <line number="120" hits="61" branch="false"/>
            <line number="134" hits="3" branch="false"/>
            <line number="135" hits="1" branch="false"/>
            <line number="137" hits="2" branch="false"/>
            <line number="138" hits="2" branch="false"/>
            <line number="139" hits="1" branch="false"/>
            <line number="141" hits="1" branch="false"/>
            <line number="162" hits="1" branch="false"/>
            <line number="163" hits="1" branch="false"/>
            <line number="164" hits="1" branch="false"/>
            <line number="233" hits="1415" branch="false"/>
            <line number="234" hits="1415" branch="false"/>
            <line number="235" hits="0" branch="false"/>
            <line number="237" hits="1415" branch="false"/>
            <line number="238" hits="11" branch="false"/>
            <line number="239" hits="1404" branch="false"/>
            <line number="240" hits="321" branch="false"/>
            <line number="242" hits="1083" branch="false"/>
            <line number="243" hits="1083" branch="false"/>
            <line number="244" hits="1083" branch="false"/>
            <line number="245" hits="1083" branch="false"/>
            <line number="246" hits="1083" branch="false"/>
            <line number="247" hits="1083" branch="false"/>
            <line number="248" hits="1083" branch="false"/>
            <line number="259" hits="446" branch="false"/>
            <line number="260" hits="446" branch="false"/>
            <line number="261" hits="446" branch="false"/>
            <line number="262" hits="446" branch="false"/>
            <line number="263" hits="446" branch="false"/>
            <line number="265" hits="445" branch="false"/>
            <line number="267" hits="446" branch="false"/>
            <line number="275" hits="1" branch="false"/>
            <line number="276" hits="1" branch="false"/>
            <line number="278" hits="0" branch="false"/>
            <line number="280" hits="1" branch="false"/>
            <line number="285" hits="200" branch="false"/>
            <line number="286" hits="200" branch="false"/>
            <line number="287" hits="90" branch="false"/>
            <line number="289" hits="200" branch="false"/>
            <line number="290" hits="0" branch="false"/>
            <line number="292" hits="200" branch="false"/>
            <line number="293" hits="200" branch="false"/>
            <line number="294" hits="200" branch="false"/>
            <line number="295" hits="200" branch="false"/>
            <line number="296" hits="200" branch="false"/>
            <line number="297" hits="200" branch="false"/>
            <line number="301" hits="282" branch="false"/>
            <line number="302" hits="282" branch="false"/>
            <line number="303" hits="282" branch="false"/>
            <line number="304" hits="282" branch="false"/>
            <line number="305" hits="282" branch="false"/>
            <line number="306" hits="114" branch="false"/>
            <line number="308" hits="282" branch="false"/>
            <line number="348" hits="11364" branch="false"/>
            <line number="349" hits="2" branch="false"/>
            <line number="352" hits="11362" branch="false"/>
            <line number="353" hits="11362" branch="false"/>
            <line number="356" hits="11362" branch="false"/>
            <line number="357" hits="1" branch="false"/>
            <line number="359" hits="11362" branch="false"/>
            <line number="360" hits="1" branch="false"/>
            <line number="362" hits="11362" branch="false"/>
            <line number="363" hits="11358" branch="false"/>
            <line number="365" hits="11326" branch="false"/>
            <line number="368" hits="4" branch="false"/>
            <line number="369" hits="4" branch="false"/>
            <line number="370" hits="4" branch="false"/>
            <line number="376" hits="11362" branch="false"/>
            <line number="377" hits="32" branch="false"/>
            <line number="378" hits="11362" branch="false"/>
            <line number="379" hits="382" branch="false"/>
            <line number="380" hits="11362" branch="false"/>
            <line number="381" hits="5" branch="false"/>
            <line number="382" hits="11362" branch="false"/>
            <line number="383" hits="10943" branch="false"/>
            <line number="384" hits="10458" branch="false"/>
            <line number="385" hits="10943" branch="false"/>
            <line number="386" hits="403" branch="false"/>
            <line number="387" hits="10943" branch="false"/>
            <line number="388" hits="81" branch="false"/>
            <line number="389" hits="10943" branch="false"/>
            <line number="390" hits="1" branch="false"/>
            <line number="391" hits="1" branch="false"/>
            <line number="392" hits="1" branch="false"/>
            <line number="393" hits="1" branch="false"/>
            <line number="394" hits="10943" branch="false"/>
            <line number="398" hits="10942" branch="false"/>
            <line number="399" hits="14" branch="false"/>
            <line number="400" hits="11362" branch="false"/>
            <line number="402" hits="10942" branch="false"/>
            <line number="403" hits="2" branch="false"/>
            <line number="404" hits="2" branch="false"/>
            <line number="405" hits="2" branch="false"/>
            <line number="406" hits="2" branch="false"/>
            <line number="407" hits="11362" branch="false"/>
            <line number="408" hits="10940" branch="false"/>
            <line number="409" hits="10052" branch="false"/>
            <line number="410" hits="12" branch="false"/>
            <line number="411" hits="15" branch="false"/>
            <line number="412" hits="209" branch="false"/>
            <line number="413" hits="12" branch="false"/>
            <line number="414" hits="12" branch="false"/>
            <line number="415" hits="11" branch="false"/>
            <line number="416" hits="22" branch="false"/>
            <line number="417" hits="22" branch="false"/>
            <line number="418" hits="22" branch="false"/>
            <line number="419" hits="11" branch="false"/>
            <line number="420" hits="11" branch="false"/>
            <line number="421" hits="11" branch="false"/>
            <line number="422" hits="12" branch="false"/>
            <line number="423" hits="12" branch="false"/>
            <line number="424" hits="12" branch="false"/>
            <line number="425" hits="12" branch="false"/>
            <line number="426" hits="12" branch="false"/>
            <line number="427" hits="12" branch="false"/>
            <line number="428" hits="12" branch="false"/>
            <line number="429" hits="12" branch="false"/>
            <line number="430" hits="11" branch="false"/>
            <line number="431" hits="11" branch="false"/>
            <line number="432" hits="11" branch="false"/>
            <line number="433" hits="11" branch="false"/>
            <line number="434" hits="11" branch="false"/>
            <line number="435" hits="11" branch="false"/>
            <line number="436" hits="12" branch="false"/>
            <line number="437" hits="11" branch="false"/>
            <line number="438" hits="11" branch="false"/>
            <line number="439" hits="11" branch="false"/>
            <line number="440" hits="11" branch="false"/>
            <line number="441" hits="12" branch="false"/>
            <line number="442" hits="11" branch="false"/>
            <line number="443" hits="11" branch="false"/>
            <line number="444" hits="11" branch="false"/>
            <line number="445" hits="11" branch="false"/>
            <line number="446" hits="11" branch="false"/>
            <line number="447" hits="11" branch="false"/>
            <line number="448" hits="11" branch="false"/>
            <line number="449" hits="11" branch="false"/>
            <line number="450" hits="11" branch="false"/>
            <line number="451" hits="11" branch="false"/>
            <line number="452" hits="11" branch="false"/>
            <line number="453" hits="11" branch="false"/>
            <line number="454" hits="11" branch="false"/>
            <line number="455" hits="11" branch="false"/>
            <line number="456" hits="11" branch="false"/>
            <line number="457" hits="11" branch="false"/>
            <line number="458" hits="11" branch="false"/>
            <line number="459" hits="11" branch="false"/>
            <line number="460" hits="11" branch="false"/>
            <line number="461" hits="11" branch="false"/>
            <line number="462" hits="11" branch="false"/>
            <line number="463" hits="11" branch="false"/>
            <line number="464" hits="11" branch="false"/>
            <line number="465" hits="11" branch="false"/>
            <line number="466" hits="11" branch="false"/>
            <line number="467" hits="11" branch="false"/>
            <line number="468" hits="11" branch="false"/>
            <line number="469" hits="11" branch="false"/>
            <line number="470" hits="11" branch="false"/>
            <line number="471" hits="11" branch="false"/>
            <line number="472" hits="11" branch="false"/>
            <line number="473" hits="11" branch="false"/>
            <line number="474" hits="14" branch="false"/>
            <line number="475" hits="11" branch="false"/>
            <line number="476" hits="11" branch="false"/>
            <line number="477" hits="11" branch="false"/>
            <line number="478" hits="11" branch="false"/>
            <line number="479" hits="11" branch="false"/>
            <line number="480" hits="11" branch="false"/>
            <line number="481" hits="11" branch="false"/>
            <line number="482" hits="11" branch="false"/>
            <line number="483" hits="11" branch="false"/>
            <line number="484" hits="11" branch="false"/>
            <line number="485" hits="11" branch="false"/>
            <line number="486" hits="11" branch="false"/>
            <line number="487" hits="11" branch="false"/>
            <line number="488" hits="11" branch="false"/>
            <line number="489" hits="11" branch="false"/>
            <line number="490" hits="11" branch="false"/>
            <line number="491" hits="11" branch="false"/>
            <line number="492" hits="11" branch="false"/>
            <line number="493" hits="11" branch="false"/>
            <line number="494" hits="11" branch="false"/>
            <line number="495" hits="11" branch="false"/>
            <line number="496" hits="11" branch="false"/>
            <line number="497" hits="11" branch="false"/>
            <line number="498" hits="11" branch="false"/>
            <line number="499" hits="11" branch="false"/>
            <line number="500" hits="11" branch="false"/>
            <line number="501" hits="11" branch="false"/>
            <line number="502" hits="11" branch="false"/>
            <line number="503" hits="11" branch="false"/>
            <line number="504" hits="11" branch="false"/>
            <line number="505" hits="11" branch="false"/>
            <line number="506" hits="11" branch="false"/>
            <line number="507" hits="11" branch="false"/>
            <line number="508" hits="15" branch="false"/>
            <line number="509" hits="15" branch="false"/>
            <line number="510" hits="15" branch="false"/>
            <line number="511" hits="15" branch="false"/>
            <line number="512" hits="15" branch="false"/>
            <line number="513" hits="15" branch="false"/>
            <line number="514" hits="15" branch="false"/>
            <line number="515" hits="15" branch="false"/>
            <line number="516" hits="15" branch="false"/>
            <line number="517" hits="11" branch="false"/>
            <line number="518" hits="11" branch="false"/>
            <line number="519" hits="11" branch="false"/>
            <line number="520" hits="11" branch="false"/>
            <line number="521" hits="11" branch="false"/>
            <line number="522" hits="11" branch="false"/>
            <line number="523" hits="11" branch="false"/>
            <line number="524" hits="11" branch="false"/>
            <line number="525" hits="11" branch="false"/>
            <line number="526" hits="11" branch="false"/>
            <line number="527" hits="11" branch="false"/>
            <line number="528" hits="11" branch="false"/>
            <line number="529" hits="11" branch="false"/>
            <line number="530" hits="11" branch="false"/>
            <line number="531" hits="11" branch="false"/>
            <line number="532" hits="11" branch="false"/>
            <line number="533" hits="11" branch="false"/>
            <line number="534" hits="11" branch="false"/>
            <line number="535" hits="11" branch="false"/>
            <line number="536" hits="11" branch="false"/>
            <line number="537" hits="11" branch="false"/>
            <line number="538" hits="11" branch="false"/>
            <line number="539" hits="11" branch="false"/>
            <line number="540" hits="11" branch="false"/>
            <line number="541" hits="11" branch="false"/>
            <line number="542" hits="11" branch="false"/>
            <line number="543" hits="11" branch="false"/>
            <line number="544" hits="11" branch="false"/>
            <line number="545" hits="11" branch="false"/>
            <line number="546" hits="11" branch="false"/>
            <line number="547" hits="11" branch="false"/>
            <line number="548" hits="11" branch="false"/>
            <line number="549" hits="11" branch="false"/>
            <line number="552" hits="11362" branch="false"/>
            <line number="553" hits="11362" branch="false"/>
            <line number="554" hits="11362" branch="false"/>
            <line number="556" hits="11359" branch="false"/>
            <line number="559" hits="11359" branch="false"/>
            <line number="560" hits="11358" branch="false"/>
            <line number="561" hits="1" branch="false"/>
            <line number="565" hits="1" branch="false"/>
            <line number="566" hits="0" branch="false"/>
            <line number="568" hits="1" branch="false"/>
            <line number="569" hits="1" branch="false"/>
            <line number="570" hits="1" branch="false"/>
            <line number="571" hits="1" branch="false"/>
            <line number="574" hits="0" branch="false"/>
            <line number="605" hits="2" branch="false"/>
          </lines>
        </class>
        <class name="generics.R" filename="R/generics.R" line-rate="0.887323943661972" branch-rate="0" complexity="0">
          <methods>
            <method name="make_row_df" signature="" line-rate="1" branch-rate="0" complexity="0">
              <lines>
                <line number="72" hits="1" branch="false"/>
              </lines>
            </method>
            <method name="MatrixPrintForm" signature="" line-rate="0.887029288702929" branch-rate="0" complexity="0">
              <lines>
                <line number="89" hits="1" branch="false"/>
                <line number="90" hits="1" branch="false"/>
                <line number="91" hits="1" branch="false"/>
                <line number="92" hits="1" branch="false"/>
                <line number="93" hits="1" branch="false"/>
                <line number="144" hits="285" branch="false"/>
                <line number="145" hits="280" branch="false"/>
                <line number="147" hits="285" branch="false"/>
                <line number="148" hits="0" branch="false"/>
                <line number="150" hits="285" branch="false"/>
                <line number="434" hits="513" branch="false"/>
                <line number="446" hits="19" branch="false"/>
                <line number="447" hits="19" branch="false"/>
                <line number="461" hits="512" branch="false"/>
                <line number="473" hits="16" branch="false"/>
                <line number="474" hits="16" branch="false"/>
                <line number="488" hits="554" branch="false"/>
                <line number="503" hits="2" branch="false"/>
                <line number="504" hits="0" branch="false"/>
                <line number="506" hits="2" branch="false"/>
                <line number="507" hits="2" branch="false"/>
                <line number="521" hits="492" branch="false"/>
                <line number="534" hits="290" branch="false"/>
                <line number="535" hits="0" branch="false"/>
                <line number="537" hits="290" branch="false"/>
                <line number="538" hits="290" branch="false"/>
                <line number="552" hits="618" branch="false"/>
                <line number="564" hits="373" branch="false"/>
                <line number="565" hits="0" branch="false"/>
                <line number="567" hits="373" branch="false"/>
                <line number="568" hits="373" branch="false"/>
                <line number="605" hits="467" branch="false"/>
                <line number="617" hits="4" branch="false"/>
                <line number="618" hits="4" branch="false"/>
                <line number="619" hits="1" branch="false"/>
                <line number="621" hits="3" branch="false"/>
                <line number="622" hits="3" branch="false"/>
                <line number="677" hits="577" branch="false"/>
                <line number="691" hits="96" branch="false"/>
                <line number="692" hits="96" branch="false"/>
                <line number="703" hits="158" branch="false"/>
                <line number="713" hits="0" branch="false"/>
                <line number="714" hits="0" branch="false"/>
                <line number="726" hits="123" branch="false"/>
                <line number="736" hits="1" branch="false"/>
                <line number="737" hits="1" branch="false"/>
                <line number="759" hits="3" branch="false"/>
                <line number="798" hits="1" branch="false"/>
                <line number="799" hits="1" branch="false"/>
                <line number="800" hits="1" branch="false"/>
                <line number="801" hits="1" branch="false"/>
                <line number="333" hits="58" branch="false"/>
                <line number="334" hits="58" branch="false"/>
                <line number="336" hits="58" branch="false"/>
                <line number="337" hits="58" branch="false"/>
                <line number="338" hits="58" branch="false"/>
                <line number="339" hits="58" branch="false"/>
                <line number="340" hits="58" branch="false"/>
                <line number="341" hits="58" branch="false"/>
                <line number="342" hits="58" branch="false"/>
                <line number="343" hits="58" branch="false"/>
                <line number="344" hits="58" branch="false"/>
                <line number="345" hits="58" branch="false"/>
                <line number="346" hits="58" branch="false"/>
                <line number="347" hits="58" branch="false"/>
                <line number="348" hits="58" branch="false"/>
                <line number="349" hits="58" branch="false"/>
                <line number="350" hits="58" branch="false"/>
                <line number="351" hits="58" branch="false"/>
                <line number="352" hits="58" branch="false"/>
                <line number="353" hits="58" branch="false"/>
                <line number="354" hits="58" branch="false"/>
                <line number="355" hits="58" branch="false"/>
                <line number="356" hits="58" branch="false"/>
                <line number="357" hits="58" branch="false"/>
                <line number="358" hits="58" branch="false"/>
                <line number="359" hits="58" branch="false"/>
                <line number="360" hits="58" branch="false"/>
                <line number="361" hits="58" branch="false"/>
                <line number="362" hits="58" branch="false"/>
                <line number="363" hits="58" branch="false"/>
                <line number="364" hits="58" branch="false"/>
                <line number="365" hits="58" branch="false"/>
                <line number="366" hits="58" branch="false"/>
                <line number="367" hits="58" branch="false"/>
                <line number="370" hits="58" branch="false"/>
                <line number="371" hits="58" branch="false"/>
                <line number="375" hits="58" branch="false"/>
                <line number="376" hits="58" branch="false"/>
                <line number="378" hits="58" branch="false"/>
                <line number="379" hits="58" branch="false"/>
                <line number="380" hits="58" branch="false"/>
                <line number="382" hits="58" branch="false"/>
                <line number="883" hits="27" branch="false"/>
                <line number="650" hits="165" branch="false"/>
                <line number="654" hits="165" branch="false"/>
                <line number="655" hits="165" branch="false"/>
                <line number="656" hits="155" branch="false"/>
                <line number="659" hits="165" branch="false"/>
                <line number="660" hits="0" branch="false"/>
                <line number="661" hits="0" branch="false"/>
                <line number="662" hits="0" branch="false"/>
                <line number="663" hits="0" branch="false"/>
                <line number="665" hits="165" branch="false"/>
                <line number="668" hits="165" branch="false"/>
                <line number="669" hits="0" branch="false"/>
                <line number="670" hits="0" branch="false"/>
                <line number="671" hits="0" branch="false"/>
                <line number="672" hits="0" branch="false"/>
                <line number="673" hits="0" branch="false"/>
                <line number="675" hits="165" branch="false"/>
                <line number="676" hits="0" branch="false"/>
                <line number="677" hits="0" branch="false"/>
                <line number="678" hits="0" branch="false"/>
                <line number="679" hits="0" branch="false"/>
                <line number="683" hits="165" branch="false"/>
                <line number="684" hits="165" branch="false"/>
                <line number="685" hits="165" branch="false"/>
                <line number="686" hits="0" branch="false"/>
                <line number="687" hits="0" branch="false"/>
                <line number="688" hits="0" branch="false"/>
                <line number="689" hits="0" branch="false"/>
                <line number="690" hits="0" branch="false"/>
                <line number="691" hits="0" branch="false"/>
                <line number="694" hits="165" branch="false"/>
                <line number="698" hits="165" branch="false"/>
                <line number="699" hits="22" branch="false"/>
                <line number="702" hits="20" branch="false"/>
                <line number="703" hits="9" branch="false"/>
                <line number="704" hits="9" branch="false"/>
                <line number="705" hits="9" branch="false"/>
                <line number="706" hits="2" branch="false"/>
                <line number="707" hits="2" branch="false"/>
                <line number="708" hits="2" branch="false"/>
                <line number="709" hits="2" branch="false"/>
                <line number="710" hits="2" branch="false"/>
                <line number="711" hits="2" branch="false"/>
                <line number="712" hits="2" branch="false"/>
                <line number="713" hits="2" branch="false"/>
                <line number="719" hits="161" branch="false"/>
                <line number="721" hits="135" branch="false"/>
                <line number="723" hits="26" branch="false"/>
                <line number="729" hits="161" branch="false"/>
                <line number="732" hits="161" branch="false"/>
                <line number="733" hits="161" branch="false"/>
                <line number="734" hits="161" branch="false"/>
                <line number="735" hits="161" branch="false"/>
                <line number="736" hits="161" branch="false"/>
                <line number="737" hits="161" branch="false"/>
                <line number="738" hits="161" branch="false"/>
                <line number="741" hits="161" branch="false"/>
                <line number="743" hits="158" branch="false"/>
                <line number="744" hits="158" branch="false"/>
                <line number="745" hits="158" branch="false"/>
                <line number="747" hits="158" branch="false"/>
                <line number="748" hits="158" branch="false"/>
                <line number="749" hits="158" branch="false"/>
                <line number="751" hits="158" branch="false"/>
                <line number="754" hits="158" branch="false"/>
                <line number="755" hits="18" branch="false"/>
                <line number="759" hits="158" branch="false"/>
                <line number="760" hits="158" branch="false"/>
                <line number="761" hits="158" branch="false"/>
                <line number="762" hits="158" branch="false"/>
                <line number="763" hits="158" branch="false"/>
                <line number="766" hits="158" branch="false"/>
                <line number="767" hits="158" branch="false"/>
                <line number="768" hits="123" branch="false"/>
                <line number="770" hits="158" branch="false"/>
                <line number="771" hits="158" branch="false"/>
                <line number="772" hits="158" branch="false"/>
                <line number="773" hits="158" branch="false"/>
                <line number="774" hits="0" branch="false"/>
                <line number="775" hits="0" branch="false"/>
                <line number="777" hits="158" branch="false"/>
                <line number="781" hits="158" branch="false"/>
                <line number="784" hits="158" branch="false"/>
                <line number="785" hits="158" branch="false"/>
                <line number="786" hits="2" branch="false"/>
                <line number="789" hits="2" branch="false"/>
                <line number="790" hits="2" branch="false"/>
                <line number="791" hits="2" branch="false"/>
                <line number="794" hits="2" branch="false"/>
                <line number="795" hits="2" branch="false"/>
                <line number="796" hits="2" branch="false"/>
                <line number="797" hits="2" branch="false"/>
                <line number="798" hits="2" branch="false"/>
                <line number="799" hits="2" branch="false"/>
                <line number="800" hits="2" branch="false"/>
                <line number="801" hits="2" branch="false"/>
                <line number="802" hits="6" branch="false"/>
                <line number="803" hits="6" branch="false"/>
                <line number="804" hits="6" branch="false"/>
                <line number="805" hits="6" branch="false"/>
                <line number="806" hits="6" branch="false"/>
                <line number="807" hits="6" branch="false"/>
                <line number="808" hits="6" branch="false"/>
                <line number="809" hits="6" branch="false"/>
                <line number="810" hits="6" branch="false"/>
                <line number="815" hits="6" branch="false"/>
                <line number="816" hits="4" branch="false"/>
                <line number="817" hits="4" branch="false"/>
                <line number="818" hits="4" branch="false"/>
                <line number="819" hits="4" branch="false"/>
                <line number="820" hits="4" branch="false"/>
                <line number="821" hits="6" branch="false"/>
                <line number="822" hits="6" branch="false"/>
                <line number="823" hits="6" branch="false"/>
                <line number="827" hits="156" branch="false"/>
                <line number="831" hits="158" branch="false"/>
                <line number="833" hits="158" branch="false"/>
                <line number="835" hits="158" branch="false"/>
                <line number="836" hits="2" branch="false"/>
                <line number="839" hits="158" branch="false"/>
                <line number="840" hits="158" branch="false"/>
                <line number="841" hits="158" branch="false"/>
                <line number="842" hits="158" branch="false"/>
                <line number="843" hits="158" branch="false"/>
                <line number="844" hits="158" branch="false"/>
                <line number="847" hits="158" branch="false"/>
                <line number="848" hits="70" branch="false"/>
                <line number="849" hits="70" branch="false"/>
                <line number="851" hits="158" branch="false"/>
                <line number="854" hits="158" branch="false"/>
                <line number="855" hits="70" branch="false"/>
                <line number="856" hits="70" branch="false"/>
                <line number="857" hits="70" branch="false"/>
                <line number="859" hits="70" branch="false"/>
                <line number="863" hits="158" branch="false"/>
                <line number="864" hits="158" branch="false"/>
                <line number="865" hits="158" branch="false"/>
                <line number="866" hits="158" branch="false"/>
                <line number="867" hits="158" branch="false"/>
                <line number="868" hits="158" branch="false"/>
                <line number="869" hits="158" branch="false"/>
                <line number="870" hits="158" branch="false"/>
                <line number="871" hits="158" branch="false"/>
                <line number="872" hits="158" branch="false"/>
                <line number="873" hits="158" branch="false"/>
              </lines>
            </method>
            <method name="matrix_form" signature="" line-rate="1" branch-rate="0" complexity="0">
              <lines>
                <line number="131" hits="285" branch="false"/>
              </lines>
            </method>
            <method name="divider_height" signature="" line-rate="1" branch-rate="0" complexity="0">
              <lines>
                <line number="173" hits="50" branch="false"/>
              </lines>
            </method>
            <method name="ANY" signature="" line-rate="0.833333333333333" branch-rate="0" complexity="0">
              <lines>
                <line number="179" hits="50" branch="false"/>
                <line number="306" hits="3" branch="false"/>
                <line number="313" hits="2" branch="false"/>
                <line number="314" hits="2" branch="false"/>
                <line number="327" hits="358" branch="false"/>
                <line number="341" hits="4" branch="false"/>
                <line number="342" hits="4" branch="false"/>
                <line number="360" hits="1" branch="false"/>
                <line number="373" hits="1" branch="false"/>
                <line number="374" hits="1" branch="false"/>
                <line number="392" hits="1" branch="false"/>
                <line number="405" hits="1" branch="false"/>
                <line number="406" hits="1" branch="false"/>
                <line number="492" hits="0" branch="false"/>
                <line number="645" hits="103" branch="false"/>
                <line number="673" hits="0" branch="false"/>
                <line number="686" hits="0" branch="false"/>
                <line number="1176" hits="48" branch="false"/>
              </lines>
            </method>
            <method name="nlines" signature="" line-rate="1" branch-rate="0" complexity="0">
              <lines>
                <line number="202" hits="52585" branch="false"/>
              </lines>
            </method>
            <method name="list" signature="" line-rate="0.692307692307692" branch-rate="0" complexity="0">
              <lines>
                <line number="211" hits="2" branch="false"/>
                <line number="212" hits="1" branch="false"/>
                <line number="214" hits="1" branch="false"/>
                <line number="765" hits="1" branch="false"/>
                <line number="766" hits="0" branch="false"/>
                <line number="768" hits="1" branch="false"/>
                <line number="783" hits="1" branch="false"/>
                <line number="784" hits="0" branch="false"/>
                <line number="786" hits="1" branch="false"/>
                <line number="787" hits="1" branch="false"/>
                <line number="788" hits="0" branch="false"/>
                <line number="789" hits="1" branch="false"/>
                <line number="790" hits="0" branch="false"/>
              </lines>
            </method>
            <method name="character" signature="" line-rate="1" branch-rate="0" complexity="0">
              <lines>
                <line number="226" hits="52582" branch="false"/>
                <line number="227" hits="52582" branch="false"/>
                <line number="228" hits="1" branch="false"/>
                <line number="231" hits="52581" branch="false"/>
                <line number="232" hits="52581" branch="false"/>
                <line number="233" hits="52581" branch="false"/>
                <line number="234" hits="1546" branch="false"/>
                <line number="235" hits="51087" branch="false"/>
                <line number="236" hits="50959" branch="false"/>
                <line number="237" hits="52581" branch="false"/>
                <line number="238" hits="128" branch="false"/>
                <line number="239" hits="52581" branch="false"/>
                <line number="240" hits="52581" branch="false"/>
                <line number="241" hits="52581" branch="false"/>
                <line number="242" hits="52581" branch="false"/>
              </lines>
            </method>
            <method name="obj_name" signature="" line-rate="0" branch-rate="0" complexity="0">
              <lines>
                <line number="286" hits="0" branch="false"/>
              </lines>
            </method>
            <method name="obj_name&lt;-" signature="" line-rate="0" branch-rate="0" complexity="0">
              <lines>
                <line number="290" hits="0" branch="false"/>
              </lines>
            </method>
            <method name="obj_label" signature="" line-rate="1" branch-rate="0" complexity="0">
              <lines>
                <line number="297" hits="3" branch="false"/>
              </lines>
            </method>
            <method name="obj_label&lt;-" signature="" line-rate="1" branch-rate="0" complexity="0">
              <lines>
                <line number="302" hits="2" branch="false"/>
              </lines>
            </method>
            <method name="obj_format" signature="" line-rate="1" branch-rate="0" complexity="0">
              <lines>
                <line number="322" hits="360" branch="false"/>
              </lines>
            </method>
            <method name="fmt_config" signature="" line-rate="1" branch-rate="0" complexity="0">
              <lines>
                <line number="605" hits="2" branch="false"/>
                <line number="331" hits="2" branch="false"/>
                <line number="348" hits="1" branch="false"/>
                <line number="349" hits="1" branch="false"/>
                <line number="364" hits="2" branch="false"/>
                <line number="380" hits="1" branch="false"/>
                <line number="381" hits="1" branch="false"/>
                <line number="396" hits="2" branch="false"/>
                <line number="412" hits="1" branch="false"/>
                <line number="413" hits="1" branch="false"/>
              </lines>
            </method>
            <method name="obj_format&lt;-" signature="" line-rate="1" branch-rate="0" complexity="0">
              <lines>
                <line number="335" hits="5" branch="false"/>
              </lines>
            </method>
            <method name="obj_na_str" signature="" line-rate="1" branch-rate="0" complexity="0">
              <lines>
                <line number="356" hits="3" branch="false"/>
              </lines>
            </method>
            <method name="obj_na_str&lt;-" signature="" line-rate="1" branch-rate="0" complexity="0">
              <lines>
                <line number="368" hits="2" branch="false"/>
              </lines>
            </method>
            <method name="obj_align" signature="" line-rate="1" branch-rate="0" complexity="0">
              <lines>
                <line number="388" hits="3" branch="false"/>
              </lines>
            </method>
            <method name="obj_align&lt;-" signature="" line-rate="1" branch-rate="0" complexity="0">
              <lines>
                <line number="400" hits="2" branch="false"/>
              </lines>
            </method>
            <method name="main_title" signature="" line-rate="1" branch-rate="0" complexity="0">
              <lines>
                <line number="428" hits="513" branch="false"/>
              </lines>
            </method>
            <method name="main_title&lt;-" signature="" line-rate="1" branch-rate="0" complexity="0">
              <lines>
                <line number="439" hits="19" branch="false"/>
              </lines>
            </method>
            <method name="subtitles" signature="" line-rate="1" branch-rate="0" complexity="0">
              <lines>
                <line number="455" hits="512" branch="false"/>
              </lines>
            </method>
            <method name="subtitles&lt;-" signature="" line-rate="1" branch-rate="0" complexity="0">
              <lines>
                <line number="466" hits="16" branch="false"/>
              </lines>
            </method>
            <method name="page_titles" signature="" line-rate="1" branch-rate="0" complexity="0">
              <lines>
                <line number="482" hits="554" branch="false"/>
              </lines>
            </method>
            <method name="page_titles&lt;-" signature="" line-rate="1" branch-rate="0" complexity="0">
              <lines>
                <line number="496" hits="2" branch="false"/>
              </lines>
            </method>
            <method name="main_footer" signature="" line-rate="1" branch-rate="0" complexity="0">
              <lines>
                <line number="515" hits="492" branch="false"/>
              </lines>
            </method>
            <method name="main_footer&lt;-" signature="" line-rate="1" branch-rate="0" complexity="0">
              <lines>
                <line number="527" hits="290" branch="false"/>
              </lines>
            </method>
            <method name="prov_footer" signature="" line-rate="1" branch-rate="0" complexity="0">
              <lines>
                <line number="546" hits="618" branch="false"/>
              </lines>
            </method>
            <method name="prov_footer&lt;-" signature="" line-rate="1" branch-rate="0" complexity="0">
              <lines>
                <line number="557" hits="373" branch="false"/>
              </lines>
            </method>
            <method name="all_footers" signature="" line-rate="1" branch-rate="0" complexity="0">
              <lines>
                <line number="574" hits="1" branch="false"/>
              </lines>
            </method>
            <method name="all_titles" signature="" line-rate="1" branch-rate="0" complexity="0">
              <lines>
                <line number="578" hits="505" branch="false"/>
              </lines>
            </method>
            <method name="table_inset" signature="" line-rate="1" branch-rate="0" complexity="0">
              <lines>
                <line number="599" hits="467" branch="false"/>
              </lines>
            </method>
            <method name="table_inset&lt;-" signature="" line-rate="1" branch-rate="0" complexity="0">
              <lines>
                <line number="610" hits="4" branch="false"/>
              </lines>
            </method>
            <method name="do_forced_paginate" signature="" line-rate="1" branch-rate="0" complexity="0">
              <lines>
                <line number="641" hits="106" branch="false"/>
              </lines>
            </method>
            <method name="num_rep_cols" signature="" line-rate="1" branch-rate="0" complexity="0">
              <lines>
                <line number="669" hits="577" branch="false"/>
              </lines>
            </method>
            <method name="num_rep_cols&lt;-" signature="" line-rate="1" branch-rate="0" complexity="0">
              <lines>
                <line number="682" hits="96" branch="false"/>
              </lines>
            </method>
            <method name="header_section_div" signature="" line-rate="1" branch-rate="0" complexity="0">
              <lines>
                <line number="698" hits="158" branch="false"/>
              </lines>
            </method>
            <method name="header_section_div&lt;-" signature="" line-rate="0" branch-rate="0" complexity="0">
              <lines>
                <line number="707" hits="0" branch="false"/>
              </lines>
            </method>
            <method name="horizontal_sep" signature="" line-rate="1" branch-rate="0" complexity="0">
              <lines>
                <line number="721" hits="123" branch="false"/>
              </lines>
            </method>
            <method name="horizontal_sep&lt;-" signature="" line-rate="1" branch-rate="0" complexity="0">
              <lines>
                <line number="730" hits="1" branch="false"/>
              </lines>
            </method>
            <method name="obj_round_type" signature="" line-rate="1" branch-rate="0" complexity="0">
              <lines>
                <line number="754" hits="4" branch="false"/>
              </lines>
            </method>
            <method name="obj_round_type&lt;-" signature="" line-rate="1" branch-rate="0" complexity="0">
              <lines>
                <line number="778" hits="2" branch="false"/>
              </lines>
            </method>
          </methods>
          <lines>
            <line number="72" hits="1" branch="false"/>
            <line number="89" hits="1" branch="false"/>
            <line number="90" hits="1" branch="false"/>
            <line number="91" hits="1" branch="false"/>
            <line number="92" hits="1" branch="false"/>
            <line number="93" hits="1" branch="false"/>
            <line number="131" hits="285" branch="false"/>
            <line number="144" hits="285" branch="false"/>
            <line number="145" hits="280" branch="false"/>
            <line number="147" hits="285" branch="false"/>
            <line number="148" hits="0" branch="false"/>
            <line number="150" hits="285" branch="false"/>
            <line number="173" hits="50" branch="false"/>
            <line number="179" hits="50" branch="false"/>
            <line number="202" hits="52585" branch="false"/>
            <line number="211" hits="2" branch="false"/>
            <line number="212" hits="1" branch="false"/>
            <line number="214" hits="1" branch="false"/>
            <line number="226" hits="52582" branch="false"/>
            <line number="227" hits="52582" branch="false"/>
            <line number="228" hits="1" branch="false"/>
            <line number="231" hits="52581" branch="false"/>
            <line number="232" hits="52581" branch="false"/>
            <line number="233" hits="52581" branch="false"/>
            <line number="234" hits="1546" branch="false"/>
            <line number="235" hits="51087" branch="false"/>
            <line number="236" hits="50959" branch="false"/>
            <line number="237" hits="52581" branch="false"/>
            <line number="238" hits="128" branch="false"/>
            <line number="239" hits="52581" branch="false"/>
            <line number="240" hits="52581" branch="false"/>
            <line number="241" hits="52581" branch="false"/>
            <line number="242" hits="52581" branch="false"/>
            <line number="286" hits="0" branch="false"/>
            <line number="290" hits="0" branch="false"/>
            <line number="297" hits="3" branch="false"/>
            <line number="302" hits="2" branch="false"/>
            <line number="306" hits="3" branch="false"/>
            <line number="313" hits="2" branch="false"/>
            <line number="314" hits="2" branch="false"/>
            <line number="322" hits="360" branch="false"/>
            <line number="327" hits="358" branch="false"/>
            <line number="331" hits="2" branch="false"/>
            <line number="335" hits="5" branch="false"/>
            <line number="341" hits="4" branch="false"/>
            <line number="342" hits="4" branch="false"/>
            <line number="348" hits="1" branch="false"/>
            <line number="349" hits="1" branch="false"/>
            <line number="356" hits="3" branch="false"/>
            <line number="360" hits="1" branch="false"/>
            <line number="364" hits="2" branch="false"/>
            <line number="368" hits="2" branch="false"/>
            <line number="373" hits="1" branch="false"/>
            <line number="374" hits="1" branch="false"/>
            <line number="380" hits="1" branch="false"/>
            <line number="381" hits="1" branch="false"/>
            <line number="388" hits="3" branch="false"/>
            <line number="392" hits="1" branch="false"/>
            <line number="396" hits="2" branch="false"/>
            <line number="400" hits="2" branch="false"/>
            <line number="405" hits="1" branch="false"/>
            <line number="406" hits="1" branch="false"/>
            <line number="412" hits="1" branch="false"/>
            <line number="413" hits="1" branch="false"/>
            <line number="428" hits="513" branch="false"/>
            <line number="434" hits="513" branch="false"/>
            <line number="439" hits="19" branch="false"/>
            <line number="446" hits="19" branch="false"/>
            <line number="447" hits="19" branch="false"/>
            <line number="455" hits="512" branch="false"/>
            <line number="461" hits="512" branch="false"/>
            <line number="466" hits="16" branch="false"/>
            <line number="473" hits="16" branch="false"/>
            <line number="474" hits="16" branch="false"/>
            <line number="482" hits="554" branch="false"/>
            <line number="488" hits="554" branch="false"/>
            <line number="492" hits="0" branch="false"/>
            <line number="496" hits="2" branch="false"/>
            <line number="503" hits="2" branch="false"/>
            <line number="504" hits="0" branch="false"/>
            <line number="506" hits="2" branch="false"/>
            <line number="507" hits="2" branch="false"/>
            <line number="515" hits="492" branch="false"/>
            <line number="521" hits="492" branch="false"/>
            <line number="527" hits="290" branch="false"/>
            <line number="534" hits="290" branch="false"/>
            <line number="535" hits="0" branch="false"/>
            <line number="537" hits="290" branch="false"/>
            <line number="538" hits="290" branch="false"/>
            <line number="546" hits="618" branch="false"/>
            <line number="552" hits="618" branch="false"/>
            <line number="557" hits="373" branch="false"/>
            <line number="564" hits="373" branch="false"/>
            <line number="565" hits="0" branch="false"/>
            <line number="567" hits="373" branch="false"/>
            <line number="568" hits="373" branch="false"/>
            <line number="574" hits="1" branch="false"/>
            <line number="578" hits="505" branch="false"/>
            <line number="599" hits="467" branch="false"/>
            <line number="605" hits="467" branch="false"/>
            <line number="610" hits="4" branch="false"/>
            <line number="617" hits="4" branch="false"/>
            <line number="618" hits="4" branch="false"/>
            <line number="619" hits="1" branch="false"/>
            <line number="621" hits="3" branch="false"/>
            <line number="622" hits="3" branch="false"/>
            <line number="641" hits="106" branch="false"/>
            <line number="645" hits="103" branch="false"/>
            <line number="669" hits="577" branch="false"/>
            <line number="673" hits="0" branch="false"/>
            <line number="677" hits="577" branch="false"/>
            <line number="682" hits="96" branch="false"/>
            <line number="686" hits="0" branch="false"/>
            <line number="691" hits="96" branch="false"/>
            <line number="692" hits="96" branch="false"/>
            <line number="698" hits="158" branch="false"/>
            <line number="703" hits="158" branch="false"/>
            <line number="707" hits="0" branch="false"/>
            <line number="713" hits="0" branch="false"/>
            <line number="714" hits="0" branch="false"/>
            <line number="721" hits="123" branch="false"/>
            <line number="726" hits="123" branch="false"/>
            <line number="730" hits="1" branch="false"/>
            <line number="736" hits="1" branch="false"/>
            <line number="737" hits="1" branch="false"/>
            <line number="754" hits="4" branch="false"/>
            <line number="759" hits="3" branch="false"/>
            <line number="765" hits="1" branch="false"/>
            <line number="766" hits="0" branch="false"/>
            <line number="768" hits="1" branch="false"/>
            <line number="778" hits="2" branch="false"/>
            <line number="783" hits="1" branch="false"/>
            <line number="784" hits="0" branch="false"/>
            <line number="786" hits="1" branch="false"/>
            <line number="787" hits="1" branch="false"/>
            <line number="788" hits="0" branch="false"/>
            <line number="789" hits="1" branch="false"/>
            <line number="790" hits="0" branch="false"/>
            <line number="798" hits="1" branch="false"/>
            <line number="799" hits="1" branch="false"/>
            <line number="800" hits="1" branch="false"/>
            <line number="801" hits="1" branch="false"/>
          </lines>
        </class>
        <class name="labels.R" filename="R/labels.R" line-rate="0.872727272727273" branch-rate="0" complexity="0">
          <methods>
            <method name="with_label" signature="" line-rate="1" branch-rate="0" complexity="0">
              <lines>
                <line number="15" hits="1" branch="false"/>
                <line number="16" hits="1" branch="false"/>
              </lines>
            </method>
            <method name="var_labels" signature="" line-rate="0.863636363636364" branch-rate="0" complexity="0">
              <lines>
                <line number="41" hits="5" branch="false"/>
                <line number="42" hits="5" branch="false"/>
                <line number="43" hits="1" branch="false"/>
                <line number="46" hits="4" branch="false"/>
                <line number="47" hits="4" branch="false"/>
                <line number="49" hits="4" branch="false"/>
                <line number="50" hits="4" branch="false"/>
                <line number="51" hits="0" branch="false"/>
                <line number="52" hits="4" branch="false"/>
                <line number="53" hits="4" branch="false"/>
                <line number="54" hits="4" branch="false"/>
                <line number="55" hits="4" branch="false"/>
                <line number="56" hits="4" branch="false"/>
                <line number="57" hits="0" branch="false"/>
                <line number="58" hits="4" branch="false"/>
                <line number="59" hits="4" branch="false"/>
                <line number="60" hits="4" branch="false"/>
                <line number="61" hits="4" branch="false"/>
                <line number="63" hits="4" branch="false"/>
                <line number="65" hits="4" branch="false"/>
                <line number="66" hits="0" branch="false"/>
                <line number="69" hits="4" branch="false"/>
              </lines>
            </method>
            <method name="var_labels&lt;-" signature="" line-rate="0.923076923076923" branch-rate="0" complexity="0">
              <lines>
                <line number="95" hits="3" branch="false"/>
                <line number="96" hits="3" branch="false"/>
                <line number="97" hits="3" branch="false"/>
                <line number="98" hits="3" branch="false"/>
                <line number="99" hits="3" branch="false"/>
                <line number="101" hits="3" branch="false"/>
                <line number="103" hits="3" branch="false"/>
                <line number="104" hits="21" branch="false"/>
                <line number="105" hits="21" branch="false"/>
                <line number="106" hits="21" branch="false"/>
                <line number="107" hits="0" branch="false"/>
                <line number="108" hits="21" branch="false"/>
                <line number="111" hits="3" branch="false"/>
              </lines>
            </method>
            <method name="var_relabel" signature="" line-rate="0.785714285714286" branch-rate="0" complexity="0">
              <lines>
                <line number="131" hits="1" branch="false"/>
                <line number="132" hits="1" branch="false"/>
                <line number="133" hits="0" branch="false"/>
                <line number="135" hits="1" branch="false"/>
                <line number="136" hits="1" branch="false"/>
                <line number="137" hits="1" branch="false"/>
                <line number="139" hits="1" branch="false"/>
                <line number="141" hits="1" branch="false"/>
                <line number="142" hits="0" branch="false"/>
                <line number="145" hits="1" branch="false"/>
                <line number="146" hits="0" branch="false"/>
                <line number="149" hits="1" branch="false"/>
                <line number="150" hits="1" branch="false"/>
                <line number="153" hits="1" branch="false"/>
              </lines>
            </method>
            <method name="var_labels_remove" signature="" line-rate="1" branch-rate="0" complexity="0">
              <lines>
                <line number="169" hits="1" branch="false"/>
                <line number="171" hits="1" branch="false"/>
                <line number="172" hits="11" branch="false"/>
                <line number="175" hits="1" branch="false"/>
              </lines>
            </method>
          </methods>
          <lines>
            <line number="15" hits="1" branch="false"/>
            <line number="16" hits="1" branch="false"/>
            <line number="41" hits="5" branch="false"/>
            <line number="42" hits="5" branch="false"/>
            <line number="43" hits="1" branch="false"/>
            <line number="46" hits="4" branch="false"/>
            <line number="47" hits="4" branch="false"/>
            <line number="49" hits="4" branch="false"/>
            <line number="50" hits="4" branch="false"/>
            <line number="51" hits="0" branch="false"/>
            <line number="52" hits="4" branch="false"/>
            <line number="53" hits="4" branch="false"/>
            <line number="54" hits="4" branch="false"/>
            <line number="55" hits="4" branch="false"/>
            <line number="56" hits="4" branch="false"/>
            <line number="57" hits="0" branch="false"/>
            <line number="58" hits="4" branch="false"/>
            <line number="59" hits="4" branch="false"/>
            <line number="60" hits="4" branch="false"/>
            <line number="61" hits="4" branch="false"/>
            <line number="63" hits="4" branch="false"/>
            <line number="65" hits="4" branch="false"/>
            <line number="66" hits="0" branch="false"/>
            <line number="69" hits="4" branch="false"/>
            <line number="95" hits="3" branch="false"/>
            <line number="96" hits="3" branch="false"/>
            <line number="97" hits="3" branch="false"/>
            <line number="98" hits="3" branch="false"/>
            <line number="99" hits="3" branch="false"/>
            <line number="101" hits="3" branch="false"/>
            <line number="103" hits="3" branch="false"/>
            <line number="104" hits="21" branch="false"/>
            <line number="105" hits="21" branch="false"/>
            <line number="106" hits="21" branch="false"/>
            <line number="107" hits="0" branch="false"/>
            <line number="108" hits="21" branch="false"/>
            <line number="111" hits="3" branch="false"/>
            <line number="131" hits="1" branch="false"/>
            <line number="132" hits="1" branch="false"/>
            <line number="133" hits="0" branch="false"/>
            <line number="135" hits="1" branch="false"/>
            <line number="136" hits="1" branch="false"/>
            <line number="137" hits="1" branch="false"/>
            <line number="139" hits="1" branch="false"/>
            <line number="141" hits="1" branch="false"/>
            <line number="142" hits="0" branch="false"/>
            <line number="145" hits="1" branch="false"/>
            <line number="146" hits="0" branch="false"/>
            <line number="149" hits="1" branch="false"/>
            <line number="150" hits="1" branch="false"/>
            <line number="153" hits="1" branch="false"/>
            <line number="169" hits="1" branch="false"/>
[...]
            <line number="1028" hits="118" branch="false"/>
            <line number="1030" hits="36607" branch="false"/>
            <line number="1031" hits="36607" branch="false"/>
            <line number="1032" hits="3955" branch="false"/>
            <line number="1034" hits="32652" branch="false"/>
            <line number="1035" hits="32652" branch="false"/>
            <line number="1037" hits="32652" branch="false"/>
            <line number="1038" hits="0" branch="false"/>
            <line number="1039" hits="0" branch="false"/>
            <line number="1040" hits="0" branch="false"/>
            <line number="1041" hits="0" branch="false"/>
            <line number="1042" hits="0" branch="false"/>
            <line number="1045" hits="32652" branch="false"/>
            <line number="1046" hits="3" branch="false"/>
            <line number="1050" hits="32649" branch="false"/>
            <line number="1053" hits="32649" branch="false"/>
            <line number="1054" hits="68" branch="false"/>
            <line number="1057" hits="68" branch="false"/>
            <line number="1058" hits="68" branch="false"/>
            <line number="1060" hits="68" branch="false"/>
            <line number="1061" hits="68" branch="false"/>
            <line number="1062" hits="68" branch="false"/>
            <line number="1063" hits="6" branch="false"/>
            <line number="1064" hits="6" branch="false"/>
            <line number="1065" hits="6" branch="false"/>
            <line number="1066" hits="6" branch="false"/>
            <line number="1067" hits="6" branch="false"/>
            <line number="1068" hits="68" branch="false"/>
            <line number="1069" hits="68" branch="false"/>
            <line number="1070" hits="68" branch="false"/>
            <line number="1072" hits="68" branch="false"/>
            <line number="1073" hits="68" branch="false"/>
            <line number="1074" hits="68" branch="false"/>
            <line number="1075" hits="68" branch="false"/>
            <line number="1077" hits="68" branch="false"/>
            <line number="1078" hits="6" branch="false"/>
            <line number="1079" hits="6" branch="false"/>
            <line number="1080" hits="68" branch="false"/>
            <line number="1082" hits="68" branch="false"/>
            <line number="1085" hits="68" branch="false"/>
            <line number="1086" hits="68" branch="false"/>
            <line number="1087" hits="68" branch="false"/>
            <line number="1088" hits="68" branch="false"/>
            <line number="1091" hits="68" branch="false"/>
            <line number="1093" hits="14" branch="false"/>
            <line number="1094" hits="14" branch="false"/>
            <line number="1095" hits="14" branch="false"/>
            <line number="1096" hits="68" branch="false"/>
            <line number="1097" hits="61" branch="false"/>
            <line number="1098" hits="68" branch="false"/>
            <line number="1099" hits="68" branch="false"/>
            <line number="1102" hits="32588" branch="false"/>
            <line number="1103" hits="32119" branch="false"/>
            <line number="1106" hits="32588" branch="false"/>
            <line number="1110" hits="32799" branch="false"/>
            <line number="1111" hits="0" branch="false"/>
            <line number="1113" hits="32799" branch="false"/>
            <line number="1114" hits="32799" branch="false"/>
            <line number="1115" hits="32799" branch="false"/>
            <line number="1116" hits="32799" branch="false"/>
            <line number="1117" hits="32799" branch="false"/>
            <line number="1118" hits="32799" branch="false"/>
            <line number="1119" hits="32799" branch="false"/>
            <line number="1125" hits="11" branch="false"/>
            <line number="1126" hits="11" branch="false"/>
            <line number="1127" hits="11" branch="false"/>
            <line number="1128" hits="11" branch="false"/>
            <line number="1129" hits="3" branch="false"/>
            <line number="1130" hits="3" branch="false"/>
            <line number="1131" hits="3" branch="false"/>
            <line number="1132" hits="3" branch="false"/>
            <line number="1134" hits="8" branch="false"/>
            <line number="1135" hits="8" branch="false"/>
            <line number="1136" hits="8" branch="false"/>
            <line number="1137" hits="8" branch="false"/>
            <line number="1162" hits="12" branch="false"/>
            <line number="1163" hits="11" branch="false"/>
            <line number="1164" hits="0" branch="false"/>
            <line number="1167" hits="11" branch="false"/>
            <line number="1168" hits="11" branch="false"/>
            <line number="1169" hits="11" branch="false"/>
            <line number="1170" hits="11" branch="false"/>
            <line number="1171" hits="3" branch="false"/>
            <line number="1172" hits="8" branch="false"/>
            <line number="1173" hits="7" branch="false"/>
            <line number="1174" hits="7" branch="false"/>
            <line number="1175" hits="7" branch="false"/>
            <line number="1176" hits="7" branch="false"/>
            <line number="1177" hits="7" branch="false"/>
            <line number="1178" hits="7" branch="false"/>
            <line number="1179" hits="7" branch="false"/>
            <line number="1180" hits="7" branch="false"/>
            <line number="1181" hits="7" branch="false"/>
            <line number="1183" hits="0" branch="false"/>
            <line number="1184" hits="0" branch="false"/>
            <line number="1185" hits="0" branch="false"/>
            <line number="1186" hits="0" branch="false"/>
            <line number="1187" hits="0" branch="false"/>
            <line number="1190" hits="1" branch="false"/>
            <line number="1191" hits="1" branch="false"/>
            <line number="1192" hits="1" branch="false"/>
            <line number="1193" hits="1" branch="false"/>
            <line number="1194" hits="1" branch="false"/>
            <line number="1195" hits="1" branch="false"/>
            <line number="1196" hits="1" branch="false"/>
            <line number="1198" hits="0" branch="false"/>
            <line number="1200" hits="1" branch="false"/>
            <line number="1201" hits="1" branch="false"/>
            <line number="1202" hits="1" branch="false"/>
            <line number="1203" hits="1" branch="false"/>
            <line number="1204" hits="1" branch="false"/>
            <line number="1205" hits="1" branch="false"/>
            <line number="1206" hits="1" branch="false"/>
            <line number="1207" hits="1" branch="false"/>
            <line number="1208" hits="1" branch="false"/>
            <line number="1209" hits="1" branch="false"/>
            <line number="1211" hits="8" branch="false"/>
            <line number="1212" hits="8" branch="false"/>
            <line number="1213" hits="8" branch="false"/>
            <line number="1214" hits="8" branch="false"/>
            <line number="1215" hits="8" branch="false"/>
            <line number="1216" hits="0" branch="false"/>
            <line number="1218" hits="8" branch="false"/>
            <line number="1223" hits="14" branch="false"/>
            <line number="1224" hits="14" branch="false"/>
            <line number="1225" hits="14" branch="false"/>
            <line number="1226" hits="14" branch="false"/>
            <line number="1227" hits="14" branch="false"/>
            <line number="1228" hits="14" branch="false"/>
            <line number="1229" hits="14" branch="false"/>
            <line number="1230" hits="14" branch="false"/>
            <line number="1231" hits="14" branch="false"/>
            <line number="1233" hits="0" branch="false"/>
            <line number="1236" hits="14" branch="false"/>
            <line number="1241" hits="75" branch="false"/>
            <line number="1242" hits="75" branch="false"/>
            <line number="1243" hits="75" branch="false"/>
            <line number="1244" hits="75" branch="false"/>
            <line number="1245" hits="75" branch="false"/>
            <line number="1247" hits="75" branch="false"/>
            <line number="1248" hits="0" branch="false"/>
            <line number="1249" hits="75" branch="false"/>
            <line number="1250" hits="75" branch="false"/>
            <line number="1251" hits="75" branch="false"/>
            <line number="1254" hits="75" branch="false"/>
            <line number="1255" hits="75" branch="false"/>
            <line number="1265" hits="410" branch="false"/>
            <line number="1266" hits="410" branch="false"/>
            <line number="1267" hits="2" branch="false"/>
            <line number="1270" hits="410" branch="false"/>
            <line number="1274" hits="5810" branch="false"/>
            <line number="1278" hits="450" branch="false"/>
            <line number="1282" hits="777" branch="false"/>
            <line number="1283" hits="777" branch="false"/>
            <line number="1284" hits="777" branch="false"/>
            <line number="1288" hits="730" branch="false"/>
            <line number="1289" hits="730" branch="false"/>
            <line number="1290" hits="730" branch="false"/>
            <line number="1294" hits="893" branch="false"/>
            <line number="1295" hits="893" branch="false"/>
            <line number="1299" hits="1507" branch="false"/>
            <line number="1300" hits="1507" branch="false"/>
            <line number="1301" hits="1507" branch="false"/>
            <line number="1302" hits="893" branch="false"/>
            <line number="1304" hits="1507" branch="false"/>
            <line number="1308" hits="308" branch="false"/>
            <line number="1309" hits="308" branch="false"/>
            <line number="1310" hits="308" branch="false"/>
            <line number="1311" hits="308" branch="false"/>
            <line number="1312" hits="308" branch="false"/>
            <line number="1313" hits="308" branch="false"/>
            <line number="1314" hits="308" branch="false"/>
            <line number="1315" hits="308" branch="false"/>
            <line number="1345" hits="2" branch="false"/>
            <line number="1346" hits="0" branch="false"/>
            <line number="1348" hits="2" branch="false"/>
            <line number="1349" hits="2" branch="false"/>
            <line number="1350" hits="2" branch="false"/>
            <line number="1351" hits="2" branch="false"/>
            <line number="1352" hits="2" branch="false"/>
            <line number="1353" hits="2" branch="false"/>
            <line number="1354" hits="2" branch="false"/>
            <line number="1355" hits="2" branch="false"/>
            <line number="1356" hits="2" branch="false"/>
            <line number="1357" hits="2" branch="false"/>
            <line number="1358" hits="2" branch="false"/>
            <line number="1359" hits="2" branch="false"/>
            <line number="1383" hits="100" branch="false"/>
            <line number="1384" hits="100" branch="false"/>
            <line number="1385" hits="70" branch="false"/>
            <line number="1388" hits="100" branch="false"/>
            <line number="1389" hits="0" branch="false"/>
            <line number="1391" hits="100" branch="false"/>
            <line number="1392" hits="100" branch="false"/>
            <line number="1393" hits="100" branch="false"/>
            <line number="1394" hits="100" branch="false"/>
            <line number="1397" hits="100" branch="false"/>
            <line number="1398" hits="27" branch="false"/>
            <line number="1405" hits="97" branch="false"/>
            <line number="1408" hits="97" branch="false"/>
            <line number="1409" hits="97" branch="false"/>
            <line number="1410" hits="97" branch="false"/>
            <line number="1411" hits="97" branch="false"/>
            <line number="1414" hits="97" branch="false"/>
            <line number="1415" hits="1" branch="false"/>
            <line number="1417" hits="1" branch="false"/>
            <line number="1418" hits="1" branch="false"/>
            <line number="1419" hits="1" branch="false"/>
            <line number="1421" hits="1" branch="false"/>
            <line number="1422" hits="1" branch="false"/>
            <line number="1423" hits="1" branch="false"/>
            <line number="1424" hits="2" branch="false"/>
            <line number="1425" hits="1" branch="false"/>
            <line number="1427" hits="1" branch="false"/>
            <line number="1428" hits="1" branch="false"/>
            <line number="1429" hits="1" branch="false"/>
            <line number="1431" hits="1" branch="false"/>
            <line number="1434" hits="0" branch="false"/>
            <line number="1440" hits="97" branch="false"/>
            <line number="1492" hits="49001" branch="false"/>
            <line number="1493" hits="1" branch="false"/>
            <line number="1495" hits="49000" branch="false"/>
            <line number="1496" hits="49000" branch="false"/>
            <line number="1497" hits="149" branch="false"/>
            <line number="1499" hits="49000" branch="false"/>
            <line number="1500" hits="48976" branch="false"/>
            <line number="1502" hits="24" branch="false"/>
            <line number="1506" hits="24" branch="false"/>
            <line number="1507" hits="24" branch="false"/>
            <line number="1508" hits="24" branch="false"/>
            <line number="1509" hits="1" branch="false"/>
            <line number="1511" hits="1" branch="false"/>
            <line number="1512" hits="1" branch="false"/>
            <line number="1513" hits="1" branch="false"/>
            <line number="1514" hits="1" branch="false"/>
            <line number="1517" hits="23" branch="false"/>
            <line number="1519" hits="24" branch="false"/>
            <line number="1520" hits="0" branch="false"/>
            <line number="1522" hits="24" branch="false"/>
            <line number="1524" hits="24" branch="false"/>
            <line number="1551" hits="15763" branch="false"/>
            <line number="1553" hits="1" branch="false"/>
            <line number="1554" hits="1" branch="false"/>
            <line number="1556" hits="2" branch="false"/>
            <line number="1558" hits="15761" branch="false"/>
            <line number="1559" hits="0" branch="false"/>
            <line number="1561" hits="15761" branch="false"/>
            <line number="1563" hits="13853" branch="false"/>
            <line number="1564" hits="13853" branch="false"/>
            <line number="1566" hits="1756" branch="false"/>
            <line number="1567" hits="10" branch="false"/>
            <line number="1569" hits="62" branch="false"/>
            <line number="1570" hits="62" branch="false"/>
            <line number="1572" hits="45" branch="false"/>
            <line number="1573" hits="35" branch="false"/>
            <line number="1578" hits="29834" branch="false"/>
            <line number="1582" hits="2419" branch="false"/>
            <line number="1606" hits="2" branch="false"/>
            <line number="1607" hits="2" branch="false"/>
            <line number="1608" hits="2" branch="false"/>
            <line number="1609" hits="2" branch="false"/>
            <line number="1610" hits="2" branch="false"/>
            <line number="1612" hits="1" branch="false"/>
            <line number="1613" hits="0" branch="false"/>
            <line number="1615" hits="1" branch="false"/>
            <line number="1616" hits="1" branch="false"/>
            <line number="1617" hits="1" branch="false"/>
            <line number="1618" hits="1" branch="false"/>
            <line number="1619" hits="1" branch="false"/>
            <line number="1620" hits="0" branch="false"/>
            <line number="1621" hits="1" branch="false"/>
            <line number="1622" hits="1" branch="false"/>
            <line number="1623" hits="1" branch="false"/>
            <line number="1624" hits="1" branch="false"/>
            <line number="1625" hits="1" branch="false"/>
            <line number="1643" hits="3" branch="false"/>
          </lines>
        </class>
        <class name="utils.R" filename="R/utils.R" line-rate="1" branch-rate="0" complexity="0">
          <methods>
            <method name="%||%" signature="" line-rate="1" branch-rate="0" complexity="0">
              <lines>
                <line number="22" hits="445" branch="false"/>
                <line number="23" hits="138" branch="false"/>
                <line number="25" hits="307" branch="false"/>
              </lines>
            </method>
          </methods>
          <lines>
            <line number="22" hits="445" branch="false"/>
            <line number="23" hits="138" branch="false"/>
            <line number="25" hits="307" branch="false"/>
          </lines>
        </class>
        <class name="zzz.R" filename="R/zzz.R" line-rate="0.647058823529412" branch-rate="0" complexity="0">
          <methods>
            <method name="default_hsep" signature="" line-rate="0.5" branch-rate="0" complexity="0">
              <lines>
                <line number="22" hits="60" branch="false"/>
                <line number="24" hits="60" branch="false"/>
                <line number="25" hits="59" branch="false"/>
                <line number="26" hits="59" branch="false"/>
                <line number="28" hits="0" branch="false"/>
                <line number="29" hits="0" branch="false"/>
                <line number="30" hits="0" branch="false"/>
                <line number="31" hits="0" branch="false"/>
                <line number="32" hits="0" branch="false"/>
                <line number="33" hits="0" branch="false"/>
                <line number="38" hits="1" branch="false"/>
                <line number="40" hits="60" branch="false"/>
              </lines>
            </method>
            <method name="set_default_hsep" signature="" line-rate="1" branch-rate="0" complexity="0">
              <lines>
                <line number="46" hits="3" branch="false"/>
                <line number="47" hits="2" branch="false"/>
              </lines>
            </method>
            <method name="default_page_number" signature="" line-rate="1" branch-rate="0" complexity="0">
              <lines>
                <line number="70" hits="36" branch="false"/>
              </lines>
            </method>
            <method name="set_default_page_number" signature="" line-rate="1" branch-rate="0" complexity="0">
              <lines>
                <line number="76" hits="6" branch="false"/>
                <line number="77" hits="6" branch="false"/>
              </lines>
            </method>
          </methods>
          <lines>
            <line number="22" hits="60" branch="false"/>
            <line number="24" hits="60" branch="false"/>
            <line number="25" hits="59" branch="false"/>
            <line number="26" hits="59" branch="false"/>
            <line number="28" hits="0" branch="false"/>
            <line number="29" hits="0" branch="false"/>
            <line number="30" hits="0" branch="false"/>
            <line number="31" hits="0" branch="false"/>
            <line number="32" hits="0" branch="false"/>
            <line number="33" hits="0" branch="false"/>
            <line number="38" hits="1" branch="false"/>
            <line number="40" hits="60" branch="false"/>
            <line number="46" hits="3" branch="false"/>
            <line number="47" hits="2" branch="false"/>
            <line number="70" hits="36" branch="false"/>
            <line number="76" hits="6" branch="false"/>
            <line number="77" hits="6" branch="false"/>
          </lines>
        </class>
      </classes>
    </package>
  </packages>
</coverage>
