<?xml version="1.0" encoding="UTF-8"?>
<coverage line-rate="0.737976782752902" branch-rate="0" lines-covered="890" lines-valid="1206" branches-covered="0" branches-valid="0" complexity="0" version="3.6.1" timestamp="2023-01-26 19:21:51">
  <sources/>
  <packages>
    <package name="formatters" line-rate="0.737976782752902" branch-rate="0" complexity="0">
      <classes>
        <class name="format_value.R" filename="R/format_value.R" line-rate="0.923076923076923" branch-rate="0" complexity="0">
          <methods>
            <method name="list_valid_format_labels" signature="" line-rate="1" branch-rate="0">
              <lines>
                <line number="42" hits="51" branch="false"/>
                <line number="43" hits="51" branch="false"/>
                <line number="44" hits="51" branch="false"/>
                <line number="45" hits="51" branch="false"/>
                <line number="46" hits="51" branch="false"/>
                <line number="47" hits="51" branch="false"/>
                <line number="48" hits="51" branch="false"/>
                <line number="49" hits="51" branch="false"/>
              </lines>
            </method>
            <method name="is_valid_format" signature="" line-rate="0.857142857142857" branch-rate="0">
              <lines>
                <line number="66" hits="50" branch="false"/>
                <line number="67" hits="50" branch="false"/>
                <line number="68" hits="50" branch="false"/>
                <line number="69" hits="50" branch="false"/>
                <line number="71" hits="50" branch="false"/>
                <line number="72" hits="0" branch="false"/>
                <line number="75" hits="50" branch="false"/>
              </lines>
            </method>
            <method name="sprintf_format" signature="" line-rate="1" branch-rate="0">
              <lines>
                <line number="97" hits="1" branch="false"/>
                <line number="98" hits="1" branch="false"/>
                <line number="99" hits="1" branch="false"/>
              </lines>
            </method>
            <method name="round_fmt" signature="" line-rate="0.875" branch-rate="0">
              <lines>
                <line number="155" hits="189" branch="false"/>
                <line number="156" hits="0" branch="false"/>
                <line number="158" hits="189" branch="false"/>
                <line number="159" hits="4" branch="false"/>
                <line number="160" hits="185" branch="false"/>
                <line number="161" hits="37" branch="false"/>
                <line number="163" hits="148" branch="false"/>
                <line number="164" hits="148" branch="false"/>
              </lines>
            </method>
            <method name="val_pct_helper" signature="" line-rate="0.9" branch-rate="0">
              <lines>
                <line number="171" hits="30" branch="false"/>
                <line number="172" hits="16" branch="false"/>
                <line number="174" hits="30" branch="false"/>
                <line number="175" hits="0" branch="false"/>
                <line number="177" hits="30" branch="false"/>
                <line number="178" hits="30" branch="false"/>
                <line number="179" hits="30" branch="false"/>
                <line number="180" hits="30" branch="false"/>
                <line number="181" hits="30" branch="false"/>
                <line number="182" hits="30" branch="false"/>
              </lines>
            </method>
            <method name="sep_2d_helper" signature="" line-rate="1" branch-rate="0">
              <lines>
                <line number="186" hits="43" branch="false"/>
                <line number="187" hits="43" branch="false"/>
                <line number="188" hits="43" branch="false"/>
                <line number="189" hits="43" branch="false"/>
                <line number="190" hits="20" branch="false"/>
                <line number="192" hits="43" branch="false"/>
              </lines>
            </method>
            <method name="format_value" signature="" line-rate="0.92156862745098" branch-rate="0">
              <lines>
                <line number="229" hits="1645" branch="false"/>
                <line number="230" hits="1" branch="false"/>
                <line number="233" hits="1644" branch="false"/>
                <line number="234" hits="1644" branch="false"/>
                <line number="235" hits="1" branch="false"/>
                <line number="237" hits="1644" branch="false"/>
                <line number="238" hits="1" branch="false"/>
                <line number="243" hits="1644" branch="false"/>
                <line number="244" hits="20" branch="false"/>
                <line number="245" hits="1644" branch="false"/>
                <line number="246" hits="0" branch="false"/>
                <line number="247" hits="1644" branch="false"/>
                <line number="248" hits="1" branch="false"/>
                <line number="249" hits="1644" branch="false"/>
                <line number="250" hits="1623" branch="false"/>
                <line number="251" hits="1547" branch="false"/>
                <line number="252" hits="1623" branch="false"/>
                <line number="253" hits="67" branch="false"/>
                <line number="254" hits="1623" branch="false"/>
                <line number="255" hits="8" branch="false"/>
                <line number="256" hits="1623" branch="false"/>
                <line number="257" hits="1" branch="false"/>
                <line number="258" hits="1" branch="false"/>
                <line number="259" hits="1" branch="false"/>
                <line number="260" hits="1" branch="false"/>
                <line number="261" hits="1623" branch="false"/>
                <line number="262" hits="1622" branch="false"/>
                <line number="263" hits="2" branch="false"/>
                <line number="264" hits="2" branch="false"/>
                <line number="265" hits="2" branch="false"/>
                <line number="266" hits="2" branch="false"/>
                <line number="267" hits="1644" branch="false"/>
                <line number="268" hits="1620" branch="false"/>
                <line number="269" hits="71" branch="false"/>
                <line number="270" hits="1644" branch="false"/>
                <line number="271" hits="1620" branch="false"/>
                <line number="272" hits="1509" branch="false"/>
                <line number="273" hits="3" branch="false"/>
                <line number="274" hits="6" branch="false"/>
                <line number="275" hits="3" branch="false"/>
                <line number="276" hits="3" branch="false"/>
                <line number="277" hits="3" branch="false"/>
                <line number="278" hits="2" branch="false"/>
                <line number="279" hits="2" branch="false"/>
                <line number="280" hits="2" branch="false"/>
                <line number="281" hits="2" branch="false"/>
                <line number="282" hits="2" branch="false"/>
                <line number="283" hits="1" branch="false"/>
                <line number="284" hits="3" branch="false"/>
                <line number="285" hits="3" branch="false"/>
                <line number="286" hits="3" branch="false"/>
                <line number="287" hits="2" branch="false"/>
                <line number="288" hits="2" branch="false"/>
                <line number="289" hits="2" branch="false"/>
                <line number="290" hits="2" branch="false"/>
                <line number="291" hits="2" branch="false"/>
                <line number="292" hits="3" branch="false"/>
                <line number="293" hits="2" branch="false"/>
                <line number="294" hits="2" branch="false"/>
                <line number="295" hits="2" branch="false"/>
                <line number="296" hits="2" branch="false"/>
                <line number="297" hits="3" branch="false"/>
                <line number="298" hits="2" branch="false"/>
                <line number="299" hits="2" branch="false"/>
                <line number="300" hits="2" branch="false"/>
                <line number="301" hits="2" branch="false"/>
                <line number="302" hits="2" branch="false"/>
                <line number="303" hits="2" branch="false"/>
                <line number="304" hits="2" branch="false"/>
                <line number="305" hits="2" branch="false"/>
                <line number="306" hits="2" branch="false"/>
                <line number="307" hits="2" branch="false"/>
                <line number="308" hits="2" branch="false"/>
                <line number="309" hits="2" branch="false"/>
                <line number="310" hits="2" branch="false"/>
                <line number="311" hits="2" branch="false"/>
                <line number="312" hits="2" branch="false"/>
                <line number="313" hits="2" branch="false"/>
                <line number="314" hits="2" branch="false"/>
                <line number="315" hits="2" branch="false"/>
                <line number="316" hits="2" branch="false"/>
                <line number="317" hits="2" branch="false"/>
                <line number="318" hits="2" branch="false"/>
                <line number="319" hits="2" branch="false"/>
                <line number="320" hits="2" branch="false"/>
                <line number="321" hits="2" branch="false"/>
                <line number="322" hits="2" branch="false"/>
                <line number="323" hits="2" branch="false"/>
                <line number="324" hits="5" branch="false"/>
                <line number="325" hits="2" branch="false"/>
                <line number="326" hits="2" branch="false"/>
                <line number="327" hits="2" branch="false"/>
                <line number="328" hits="2" branch="false"/>
                <line number="329" hits="2" branch="false"/>
                <line number="330" hits="2" branch="false"/>
                <line number="331" hits="2" branch="false"/>
                <line number="332" hits="2" branch="false"/>
                <line number="333" hits="2" branch="false"/>
                <line number="334" hits="2" branch="false"/>
                <line number="335" hits="2" branch="false"/>
                <line number="336" hits="2" branch="false"/>
                <line number="337" hits="2" branch="false"/>
                <line number="338" hits="2" branch="false"/>
                <line number="339" hits="2" branch="false"/>
                <line number="340" hits="2" branch="false"/>
                <line number="341" hits="2" branch="false"/>
                <line number="342" hits="2" branch="false"/>
                <line number="343" hits="2" branch="false"/>
                <line number="344" hits="2" branch="false"/>
                <line number="345" hits="2" branch="false"/>
                <line number="346" hits="2" branch="false"/>
                <line number="347" hits="2" branch="false"/>
                <line number="348" hits="2" branch="false"/>
                <line number="349" hits="2" branch="false"/>
                <line number="350" hits="2" branch="false"/>
                <line number="351" hits="2" branch="false"/>
                <line number="352" hits="2" branch="false"/>
                <line number="353" hits="2" branch="false"/>
                <line number="354" hits="2" branch="false"/>
                <line number="355" hits="2" branch="false"/>
                <line number="356" hits="2" branch="false"/>
                <line number="357" hits="2" branch="false"/>
                <line number="358" hits="2" branch="false"/>
                <line number="359" hits="0" branch="false"/>
                <line number="360" hits="0" branch="false"/>
                <line number="361" hits="0" branch="false"/>
                <line number="362" hits="0" branch="false"/>
                <line number="363" hits="0" branch="false"/>
                <line number="364" hits="0" branch="false"/>
                <line number="365" hits="0" branch="false"/>
                <line number="366" hits="0" branch="false"/>
                <line number="367" hits="2" branch="false"/>
                <line number="368" hits="2" branch="false"/>
                <line number="369" hits="2" branch="false"/>
                <line number="370" hits="2" branch="false"/>
                <line number="371" hits="2" branch="false"/>
                <line number="372" hits="2" branch="false"/>
                <line number="373" hits="2" branch="false"/>
                <line number="374" hits="2" branch="false"/>
                <line number="375" hits="0" branch="false"/>
                <line number="376" hits="1644" branch="false"/>
                <line number="377" hits="1644" branch="false"/>
                <line number="378" hits="1641" branch="false"/>
                <line number="379" hits="1641" branch="false"/>
                <line number="380" hits="1640" branch="false"/>
                <line number="381" hits="1" branch="false"/>
                <line number="385" hits="1" branch="false"/>
                <line number="386" hits="0" branch="false"/>
                <line number="388" hits="1" branch="false"/>
                <line number="389" hits="1" branch="false"/>
                <line number="390" hits="1" branch="false"/>
                <line number="391" hits="1" branch="false"/>
                <line number="394" hits="0" branch="false"/>
              </lines>
            </method>
          </methods>
          <lines>
            <line number="42" hits="51" branch="false"/>
            <line number="43" hits="51" branch="false"/>
            <line number="44" hits="51" branch="false"/>
            <line number="45" hits="51" branch="false"/>
            <line number="46" hits="51" branch="false"/>
            <line number="47" hits="51" branch="false"/>
            <line number="48" hits="51" branch="false"/>
            <line number="49" hits="51" branch="false"/>
            <line number="66" hits="50" branch="false"/>
            <line number="67" hits="50" branch="false"/>
            <line number="68" hits="50" branch="false"/>
            <line number="69" hits="50" branch="false"/>
            <line number="71" hits="50" branch="false"/>
            <line number="72" hits="0" branch="false"/>
            <line number="75" hits="50" branch="false"/>
            <line number="97" hits="1" branch="false"/>
            <line number="98" hits="1" branch="false"/>
            <line number="99" hits="1" branch="false"/>
            <line number="155" hits="189" branch="false"/>
            <line number="156" hits="0" branch="false"/>
            <line number="158" hits="189" branch="false"/>
            <line number="159" hits="4" branch="false"/>
            <line number="160" hits="185" branch="false"/>
            <line number="161" hits="37" branch="false"/>
            <line number="163" hits="148" branch="false"/>
            <line number="164" hits="148" branch="false"/>
            <line number="171" hits="30" branch="false"/>
            <line number="172" hits="16" branch="false"/>
            <line number="174" hits="30" branch="false"/>
            <line number="175" hits="0" branch="false"/>
            <line number="177" hits="30" branch="false"/>
            <line number="178" hits="30" branch="false"/>
            <line number="179" hits="30" branch="false"/>
            <line number="180" hits="30" branch="false"/>
            <line number="181" hits="30" branch="false"/>
            <line number="182" hits="30" branch="false"/>
            <line number="186" hits="43" branch="false"/>
            <line number="187" hits="43" branch="false"/>
            <line number="188" hits="43" branch="false"/>
            <line number="189" hits="43" branch="false"/>
            <line number="190" hits="20" branch="false"/>
            <line number="192" hits="43" branch="false"/>
            <line number="229" hits="1645" branch="false"/>
            <line number="230" hits="1" branch="false"/>
            <line number="233" hits="1644" branch="false"/>
            <line number="234" hits="1644" branch="false"/>
            <line number="235" hits="1" branch="false"/>
            <line number="237" hits="1644" branch="false"/>
            <line number="238" hits="1" branch="false"/>
            <line number="243" hits="1644" branch="false"/>
            <line number="244" hits="20" branch="false"/>
            <line number="245" hits="1644" branch="false"/>
            <line number="246" hits="0" branch="false"/>
            <line number="247" hits="1644" branch="false"/>
            <line number="248" hits="1" branch="false"/>
            <line number="249" hits="1644" branch="false"/>
            <line number="250" hits="1623" branch="false"/>
            <line number="251" hits="1547" branch="false"/>
            <line number="252" hits="1623" branch="false"/>
            <line number="253" hits="67" branch="false"/>
            <line number="254" hits="1623" branch="false"/>
            <line number="255" hits="8" branch="false"/>
            <line number="256" hits="1623" branch="false"/>
            <line number="257" hits="1" branch="false"/>
            <line number="258" hits="1" branch="false"/>
            <line number="259" hits="1" branch="false"/>
            <line number="260" hits="1" branch="false"/>
            <line number="261" hits="1623" branch="false"/>
            <line number="262" hits="1622" branch="false"/>
            <line number="263" hits="2" branch="false"/>
            <line number="264" hits="2" branch="false"/>
            <line number="265" hits="2" branch="false"/>
            <line number="266" hits="2" branch="false"/>
            <line number="267" hits="1644" branch="false"/>
            <line number="268" hits="1620" branch="false"/>
            <line number="269" hits="71" branch="false"/>
            <line number="270" hits="1644" branch="false"/>
            <line number="271" hits="1620" branch="false"/>
            <line number="272" hits="1509" branch="false"/>
            <line number="273" hits="3" branch="false"/>
            <line number="274" hits="6" branch="false"/>
            <line number="275" hits="3" branch="false"/>
            <line number="276" hits="3" branch="false"/>
            <line number="277" hits="3" branch="false"/>
            <line number="278" hits="2" branch="false"/>
            <line number="279" hits="2" branch="false"/>
            <line number="280" hits="2" branch="false"/>
            <line number="281" hits="2" branch="false"/>
            <line number="282" hits="2" branch="false"/>
            <line number="283" hits="1" branch="false"/>
            <line number="284" hits="3" branch="false"/>
            <line number="285" hits="3" branch="false"/>
            <line number="286" hits="3" branch="false"/>
            <line number="287" hits="2" branch="false"/>
            <line number="288" hits="2" branch="false"/>
            <line number="289" hits="2" branch="false"/>
            <line number="290" hits="2" branch="false"/>
            <line number="291" hits="2" branch="false"/>
            <line number="292" hits="3" branch="false"/>
            <line number="293" hits="2" branch="false"/>
            <line number="294" hits="2" branch="false"/>
            <line number="295" hits="2" branch="false"/>
            <line number="296" hits="2" branch="false"/>
            <line number="297" hits="3" branch="false"/>
            <line number="298" hits="2" branch="false"/>
            <line number="299" hits="2" branch="false"/>
            <line number="300" hits="2" branch="false"/>
            <line number="301" hits="2" branch="false"/>
            <line number="302" hits="2" branch="false"/>
            <line number="303" hits="2" branch="false"/>
            <line number="304" hits="2" branch="false"/>
            <line number="305" hits="2" branch="false"/>
            <line number="306" hits="2" branch="false"/>
            <line number="307" hits="2" branch="false"/>
            <line number="308" hits="2" branch="false"/>
            <line number="309" hits="2" branch="false"/>
            <line number="310" hits="2" branch="false"/>
            <line number="311" hits="2" branch="false"/>
            <line number="312" hits="2" branch="false"/>
            <line number="313" hits="2" branch="false"/>
            <line number="314" hits="2" branch="false"/>
            <line number="315" hits="2" branch="false"/>
            <line number="316" hits="2" branch="false"/>
            <line number="317" hits="2" branch="false"/>
            <line number="318" hits="2" branch="false"/>
            <line number="319" hits="2" branch="false"/>
            <line number="320" hits="2" branch="false"/>
            <line number="321" hits="2" branch="false"/>
            <line number="322" hits="2" branch="false"/>
            <line number="323" hits="2" branch="false"/>
            <line number="324" hits="5" branch="false"/>
            <line number="325" hits="2" branch="false"/>
            <line number="326" hits="2" branch="false"/>
            <line number="327" hits="2" branch="false"/>
            <line number="328" hits="2" branch="false"/>
            <line number="329" hits="2" branch="false"/>
            <line number="330" hits="2" branch="false"/>
            <line number="331" hits="2" branch="false"/>
            <line number="332" hits="2" branch="false"/>
            <line number="333" hits="2" branch="false"/>
            <line number="334" hits="2" branch="false"/>
            <line number="335" hits="2" branch="false"/>
            <line number="336" hits="2" branch="false"/>
            <line number="337" hits="2" branch="false"/>
            <line number="338" hits="2" branch="false"/>
            <line number="339" hits="2" branch="false"/>
            <line number="340" hits="2" branch="false"/>
            <line number="341" hits="2" branch="false"/>
            <line number="342" hits="2" branch="false"/>
            <line number="343" hits="2" branch="false"/>
            <line number="344" hits="2" branch="false"/>
            <line number="345" hits="2" branch="false"/>
            <line number="346" hits="2" branch="false"/>
            <line number="347" hits="2" branch="false"/>
            <line number="348" hits="2" branch="false"/>
            <line number="349" hits="2" branch="false"/>
            <line number="350" hits="2" branch="false"/>
            <line number="351" hits="2" branch="false"/>
            <line number="352" hits="2" branch="false"/>
            <line number="353" hits="2" branch="false"/>
            <line number="354" hits="2" branch="false"/>
            <line number="355" hits="2" branch="false"/>
            <line number="356" hits="2" branch="false"/>
            <line number="357" hits="2" branch="false"/>
            <line number="358" hits="2" branch="false"/>
            <line number="359" hits="0" branch="false"/>
            <line number="360" hits="0" branch="false"/>
            <line number="361" hits="0" branch="false"/>
            <line number="362" hits="0" branch="false"/>
            <line number="363" hits="0" branch="false"/>
            <line number="364" hits="0" branch="false"/>
            <line number="365" hits="0" branch="false"/>
            <line number="366" hits="0" branch="false"/>
            <line number="367" hits="2" branch="false"/>
            <line number="368" hits="2" branch="false"/>
            <line number="369" hits="2" branch="false"/>
            <line number="370" hits="2" branch="false"/>
            <line number="371" hits="2" branch="false"/>
            <line number="372" hits="2" branch="false"/>
            <line number="373" hits="2" branch="false"/>
            <line number="374" hits="2" branch="false"/>
            <line number="375" hits="0" branch="false"/>
            <line number="376" hits="1644" branch="false"/>
            <line number="377" hits="1644" branch="false"/>
            <line number="378" hits="1641" branch="false"/>
            <line number="379" hits="1641" branch="false"/>
            <line number="380" hits="1640" branch="false"/>
            <line number="381" hits="1" branch="false"/>
            <line number="385" hits="1" branch="false"/>
            <line number="386" hits="0" branch="false"/>
            <line number="388" hits="1" branch="false"/>
            <line number="389" hits="1" branch="false"/>
            <line number="390" hits="1" branch="false"/>
            <line number="391" hits="1" branch="false"/>
            <line number="394" hits="0" branch="false"/>
          </lines>
        </class>
        <class name="generics.R" filename="R/generics.R" line-rate="0.75609756097561" branch-rate="0" complexity="0">
          <methods>
            <method name="matrix_form" signature="" line-rate="1" branch-rate="0">
              <lines>
                <line number="96" hits="15" branch="false"/>
              </lines>
            </method>
            <method name="MatrixPrintForm" signature="" line-rate="0.892655367231638" branch-rate="0">
              <lines>
                <line number="104" hits="15" branch="false"/>
                <line number="319" hits="11" branch="false"/>
                <line number="330" hits="4" branch="false"/>
                <line number="331" hits="4" branch="false"/>
                <line number="345" hits="12" branch="false"/>
                <line number="357" hits="3" branch="false"/>
                <line number="358" hits="3" branch="false"/>
                <line number="370" hits="12" branch="false"/>
                <line number="385" hits="2" branch="false"/>
                <line number="386" hits="0" branch="false"/>
                <line number="388" hits="2" branch="false"/>
                <line number="389" hits="2" branch="false"/>
                <line number="403" hits="13" branch="false"/>
                <line number="418" hits="4" branch="false"/>
                <line number="419" hits="0" branch="false"/>
                <line number="421" hits="4" branch="false"/>
                <line number="422" hits="4" branch="false"/>
                <line number="435" hits="12" branch="false"/>
                <line number="447" hits="5" branch="false"/>
                <line number="448" hits="0" branch="false"/>
                <line number="450" hits="5" branch="false"/>
                <line number="451" hits="5" branch="false"/>
                <line number="492" hits="17" branch="false"/>
                <line number="505" hits="4" branch="false"/>
                <line number="506" hits="4" branch="false"/>
                <line number="507" hits="1" branch="false"/>
                <line number="509" hits="3" branch="false"/>
                <line number="510" hits="3" branch="false"/>
                <line number="174" hits="8" branch="false"/>
                <line number="176" hits="8" branch="false"/>
                <line number="177" hits="8" branch="false"/>
                <line number="178" hits="0" branch="false"/>
                <line number="179" hits="0" branch="false"/>
                <line number="180" hits="0" branch="false"/>
                <line number="181" hits="0" branch="false"/>
                <line number="182" hits="0" branch="false"/>
                <line number="186" hits="0" branch="false"/>
                <line number="188" hits="0" branch="false"/>
                <line number="189" hits="0" branch="false"/>
                <line number="190" hits="0" branch="false"/>
                <line number="191" hits="0" branch="false"/>
                <line number="192" hits="0" branch="false"/>
                <line number="193" hits="0" branch="false"/>
                <line number="197" hits="8" branch="false"/>
                <line number="198" hits="8" branch="false"/>
                <line number="199" hits="8" branch="false"/>
                <line number="200" hits="8" branch="false"/>
                <line number="201" hits="8" branch="false"/>
                <line number="202" hits="8" branch="false"/>
                <line number="203" hits="8" branch="false"/>
                <line number="204" hits="8" branch="false"/>
                <line number="205" hits="8" branch="false"/>
                <line number="206" hits="8" branch="false"/>
                <line number="207" hits="8" branch="false"/>
                <line number="208" hits="8" branch="false"/>
                <line number="209" hits="8" branch="false"/>
                <line number="210" hits="8" branch="false"/>
                <line number="211" hits="8" branch="false"/>
                <line number="212" hits="8" branch="false"/>
                <line number="213" hits="8" branch="false"/>
                <line number="214" hits="8" branch="false"/>
                <line number="215" hits="8" branch="false"/>
                <line number="216" hits="8" branch="false"/>
                <line number="217" hits="8" branch="false"/>
                <line number="218" hits="8" branch="false"/>
                <line number="219" hits="8" branch="false"/>
                <line number="220" hits="8" branch="false"/>
                <line number="222" hits="8" branch="false"/>
                <line number="223" hits="8" branch="false"/>
                <line number="225" hits="8" branch="false"/>
                <line number="390" hits="3" branch="false"/>
                <line number="107" hits="11" branch="false"/>
                <line number="108" hits="11" branch="false"/>
                <line number="110" hits="11" branch="false"/>
                <line number="111" hits="10" branch="false"/>
                <line number="113" hits="11" branch="false"/>
                <line number="116" hits="11" branch="false"/>
                <line number="117" hits="11" branch="false"/>
                <line number="118" hits="6" branch="false"/>
                <line number="119" hits="1" branch="false"/>
                <line number="120" hits="5" branch="false"/>
                <line number="121" hits="2" branch="false"/>
                <line number="123" hits="6" branch="false"/>
                <line number="127" hits="11" branch="false"/>
                <line number="130" hits="11" branch="false"/>
                <line number="133" hits="11" branch="false"/>
                <line number="134" hits="11" branch="false"/>
                <line number="135" hits="11" branch="false"/>
                <line number="136" hits="11" branch="false"/>
                <line number="138" hits="11" branch="false"/>
                <line number="139" hits="11" branch="false"/>
                <line number="140" hits="11" branch="false"/>
                <line number="141" hits="11" branch="false"/>
                <line number="142" hits="11" branch="false"/>
                <line number="143" hits="11" branch="false"/>
                <line number="144" hits="11" branch="false"/>
                <line number="147" hits="11" branch="false"/>
                <line number="150" hits="11" branch="false"/>
                <line number="151" hits="11" branch="false"/>
                <line number="152" hits="0" branch="false"/>
                <line number="153" hits="0" branch="false"/>
                <line number="154" hits="0" branch="false"/>
                <line number="155" hits="0" branch="false"/>
                <line number="158" hits="11" branch="false"/>
                <line number="159" hits="11" branch="false"/>
                <line number="160" hits="11" branch="false"/>
                <line number="161" hits="11" branch="false"/>
                <line number="162" hits="11" branch="false"/>
                <line number="164" hits="11" branch="false"/>
                <line number="165" hits="11" branch="false"/>
                <line number="166" hits="11" branch="false"/>
                <line number="169" hits="11" branch="false"/>
                <line number="170" hits="11" branch="false"/>
                <line number="172" hits="11" branch="false"/>
                <line number="195" hits="11" branch="false"/>
                <line number="196" hits="11" branch="false"/>
                <line number="199" hits="11" branch="false"/>
                <line number="201" hits="11" branch="false"/>
                <line number="202" hits="11" branch="false"/>
                <line number="203" hits="11" branch="false"/>
                <line number="204" hits="11" branch="false"/>
                <line number="205" hits="1" branch="false"/>
                <line number="208" hits="1" branch="false"/>
                <line number="209" hits="1" branch="false"/>
                <line number="210" hits="1" branch="false"/>
                <line number="213" hits="1" branch="false"/>
                <line number="214" hits="1" branch="false"/>
                <line number="215" hits="1" branch="false"/>
                <line number="216" hits="1" branch="false"/>
                <line number="217" hits="1" branch="false"/>
                <line number="218" hits="1" branch="false"/>
                <line number="219" hits="1" branch="false"/>
                <line number="220" hits="1" branch="false"/>
                <line number="221" hits="2" branch="false"/>
                <line number="222" hits="2" branch="false"/>
                <line number="223" hits="2" branch="false"/>
                <line number="224" hits="2" branch="false"/>
                <line number="225" hits="2" branch="false"/>
                <line number="226" hits="2" branch="false"/>
                <line number="227" hits="2" branch="false"/>
                <line number="228" hits="2" branch="false"/>
                <line number="229" hits="2" branch="false"/>
                <line number="234" hits="2" branch="false"/>
                <line number="235" hits="1" branch="false"/>
                <line number="236" hits="1" branch="false"/>
                <line number="237" hits="1" branch="false"/>
                <line number="238" hits="1" branch="false"/>
                <line number="239" hits="2" branch="false"/>
                <line number="240" hits="2" branch="false"/>
                <line number="241" hits="2" branch="false"/>
                <line number="244" hits="10" branch="false"/>
                <line number="248" hits="11" branch="false"/>
                <line number="250" hits="11" branch="false"/>
                <line number="251" hits="11" branch="false"/>
                <line number="252" hits="11" branch="false"/>
                <line number="253" hits="11" branch="false"/>
                <line number="254" hits="11" branch="false"/>
                <line number="255" hits="11" branch="false"/>
                <line number="259" hits="11" branch="false"/>
                <line number="260" hits="6" branch="false"/>
                <line number="261" hits="6" branch="false"/>
                <line number="264" hits="11" branch="false"/>
                <line number="267" hits="11" branch="false"/>
                <line number="268" hits="6" branch="false"/>
                <line number="269" hits="6" branch="false"/>
                <line number="270" hits="6" branch="false"/>
                <line number="272" hits="6" branch="false"/>
                <line number="275" hits="11" branch="false"/>
                <line number="276" hits="11" branch="false"/>
                <line number="277" hits="11" branch="false"/>
                <line number="278" hits="11" branch="false"/>
                <line number="279" hits="11" branch="false"/>
                <line number="280" hits="11" branch="false"/>
                <line number="281" hits="11" branch="false"/>
                <line number="282" hits="11" branch="false"/>
                <line number="283" hits="11" branch="false"/>
                <line number="284" hits="11" branch="false"/>
              </lines>
            </method>
            <method name="divider_height" signature="" line-rate="1" branch-rate="0">
              <lines>
                <line number="126" hits="1" branch="false"/>
              </lines>
            </method>
            <method name="ANY" signature="" line-rate="0.636363636363636" branch-rate="0">
              <lines>
                <line number="132" hits="1" branch="false"/>
                <line number="256" hits="3" branch="false"/>
                <line number="263" hits="2" branch="false"/>
                <line number="264" hits="2" branch="false"/>
                <line number="274" hits="38" branch="false"/>
                <line number="284" hits="1" branch="false"/>
                <line number="285" hits="1" branch="false"/>
                <line number="293" hits="0" branch="false"/>
                <line number="300" hits="0" branch="false"/>
                <line number="301" hits="0" branch="false"/>
                <line number="374" hits="0" branch="false"/>
              </lines>
            </method>
            <method name="nlines" signature="" line-rate="1" branch-rate="0">
              <lines>
                <line number="145" hits="4866" branch="false"/>
              </lines>
            </method>
            <method name="list" signature="" line-rate="0" branch-rate="0">
              <lines>
                <line number="154" hits="0" branch="false"/>
                <line number="155" hits="0" branch="false"/>
                <line number="157" hits="0" branch="false"/>
                <line number="158" hits="0" branch="false"/>
                <line number="159" hits="0" branch="false"/>
                <line number="160" hits="0" branch="false"/>
              </lines>
            </method>
            <method name="character" signature="" line-rate="0.857142857142857" branch-rate="0">
              <lines>
                <line number="172" hits="4865" branch="false"/>
                <line number="173" hits="0" branch="false"/>
                <line number="176" hits="4865" branch="false"/>
                <line number="177" hits="4865" branch="false"/>
                <line number="178" hits="4865" branch="false"/>
                <line number="179" hits="20" branch="false"/>
                <line number="180" hits="4845" branch="false"/>
                <line number="181" hits="4845" branch="false"/>
                <line number="182" hits="4865" branch="false"/>
                <line number="183" hits="0" branch="false"/>
                <line number="184" hits="4865" branch="false"/>
                <line number="185" hits="4865" branch="false"/>
                <line number="186" hits="4865" branch="false"/>
                <line number="187" hits="4865" branch="false"/>
              </lines>
            </method>
            <method name="obj_name" signature="" line-rate="0" branch-rate="0">
              <lines>
                <line number="236" hits="0" branch="false"/>
              </lines>
            </method>
            <method name="obj_name&lt;-" signature="" line-rate="0" branch-rate="0">
              <lines>
                <line number="241" hits="0" branch="false"/>
              </lines>
            </method>
            <method name="obj_label" signature="" line-rate="1" branch-rate="0">
              <lines>
                <line number="247" hits="3" branch="false"/>
              </lines>
            </method>
            <method name="obj_label&lt;-" signature="" line-rate="1" branch-rate="0">
              <lines>
                <line number="252" hits="2" branch="false"/>
              </lines>
            </method>
            <method name="obj_format" signature="" line-rate="1" branch-rate="0">
              <lines>
                <line number="270" hits="38" branch="false"/>
              </lines>
            </method>
            <method name="obj_format&lt;-" signature="" line-rate="1" branch-rate="0">
              <lines>
                <line number="279" hits="1" branch="false"/>
              </lines>
            </method>
            <method name="obj_na_str" signature="" line-rate="0" branch-rate="0">
              <lines>
                <line number="290" hits="0" branch="false"/>
              </lines>
            </method>
            <method name="obj_na_str&lt;-" signature="" line-rate="0" branch-rate="0">
              <lines>
                <line number="296" hits="0" branch="false"/>
              </lines>
            </method>
            <method name="main_title" signature="" line-rate="1" branch-rate="0">
              <lines>
                <line number="313" hits="11" branch="false"/>
              </lines>
            </method>
            <method name="main_title&lt;-" signature="" line-rate="1" branch-rate="0">
              <lines>
                <line number="324" hits="4" branch="false"/>
              </lines>
            </method>
            <method name="page_titles" signature="" line-rate="1" branch-rate="0">
              <lines>
                <line number="364" hits="12" branch="false"/>
              </lines>
            </method>
            <method name="page_titles&lt;-" signature="" line-rate="1" branch-rate="0">
              <lines>
                <line number="378" hits="2" branch="false"/>
              </lines>
            </method>
            <method name="main_footer" signature="" line-rate="1" branch-rate="0">
              <lines>
                <line number="397" hits="13" branch="false"/>
              </lines>
            </method>
            <method name="main_footer&lt;-" signature="" line-rate="1" branch-rate="0">
              <lines>
                <line number="409" hits="4" branch="false"/>
              </lines>
            </method>
            <method name="prov_footer" signature="" line-rate="1" branch-rate="0">
              <lines>
                <line number="429" hits="12" branch="false"/>
              </lines>
            </method>
            <method name="prov_footer&lt;-" signature="" line-rate="1" branch-rate="0">
              <lines>
                <line number="440" hits="5" branch="false"/>
              </lines>
            </method>
            <method name="all_footers" signature="" line-rate="0" branch-rate="0">
              <lines>
                <line number="460" hits="0" branch="false"/>
              </lines>
            </method>
            <method name="all_titles" signature="" line-rate="1" branch-rate="0">
              <lines>
                <line number="464" hits="11" branch="false"/>
              </lines>
            </method>
            <method name="table_inset" signature="" line-rate="1" branch-rate="0">
              <lines>
                <line number="486" hits="17" branch="false"/>
              </lines>
            </method>
            <method name="table_inset&lt;-" signature="" line-rate="1" branch-rate="0">
              <lines>
                <line number="498" hits="4" branch="false"/>
              </lines>
            </method>
          </methods>
          <lines>
            <line number="96" hits="15" branch="false"/>
            <line number="104" hits="15" branch="false"/>
            <line number="126" hits="1" branch="false"/>
            <line number="132" hits="1" branch="false"/>
            <line number="145" hits="4866" branch="false"/>
            <line number="154" hits="0" branch="false"/>
            <line number="155" hits="0" branch="false"/>
            <line number="157" hits="0" branch="false"/>
            <line number="158" hits="0" branch="false"/>
            <line number="159" hits="0" branch="false"/>
            <line number="160" hits="0" branch="false"/>
            <line number="172" hits="4865" branch="false"/>
            <line number="173" hits="0" branch="false"/>
            <line number="176" hits="4865" branch="false"/>
            <line number="177" hits="4865" branch="false"/>
            <line number="178" hits="4865" branch="false"/>
            <line number="179" hits="20" branch="false"/>
            <line number="180" hits="4845" branch="false"/>
            <line number="181" hits="4845" branch="false"/>
            <line number="182" hits="4865" branch="false"/>
            <line number="183" hits="0" branch="false"/>
            <line number="184" hits="4865" branch="false"/>
            <line number="185" hits="4865" branch="false"/>
            <line number="186" hits="4865" branch="false"/>
            <line number="187" hits="4865" branch="false"/>
            <line number="236" hits="0" branch="false"/>
            <line number="241" hits="0" branch="false"/>
            <line number="247" hits="3" branch="false"/>
            <line number="252" hits="2" branch="false"/>
            <line number="256" hits="3" branch="false"/>
            <line number="263" hits="2" branch="false"/>
            <line number="264" hits="2" branch="false"/>
            <line number="270" hits="38" branch="false"/>
            <line number="274" hits="38" branch="false"/>
            <line number="279" hits="1" branch="false"/>
            <line number="284" hits="1" branch="false"/>
            <line number="285" hits="1" branch="false"/>
            <line number="290" hits="0" branch="false"/>
            <line number="293" hits="0" branch="false"/>
            <line number="296" hits="0" branch="false"/>
            <line number="300" hits="0" branch="false"/>
            <line number="301" hits="0" branch="false"/>
            <line number="313" hits="11" branch="false"/>
            <line number="319" hits="11" branch="false"/>
            <line number="324" hits="4" branch="false"/>
            <line number="330" hits="4" branch="false"/>
            <line number="331" hits="4" branch="false"/>
            <line number="345" hits="12" branch="false"/>
            <line number="357" hits="3" branch="false"/>
            <line number="358" hits="3" branch="false"/>
            <line number="364" hits="12" branch="false"/>
            <line number="370" hits="12" branch="false"/>
            <line number="374" hits="0" branch="false"/>
            <line number="378" hits="2" branch="false"/>
            <line number="385" hits="2" branch="false"/>
            <line number="386" hits="0" branch="false"/>
            <line number="388" hits="2" branch="false"/>
            <line number="389" hits="2" branch="false"/>
            <line number="397" hits="13" branch="false"/>
            <line number="403" hits="13" branch="false"/>
            <line number="409" hits="4" branch="false"/>
            <line number="418" hits="4" branch="false"/>
            <line number="419" hits="0" branch="false"/>
            <line number="421" hits="4" branch="false"/>
            <line number="422" hits="4" branch="false"/>
            <line number="429" hits="12" branch="false"/>
            <line number="435" hits="12" branch="false"/>
            <line number="440" hits="5" branch="false"/>
            <line number="447" hits="5" branch="false"/>
            <line number="448" hits="0" branch="false"/>
            <line number="450" hits="5" branch="false"/>
            <line number="451" hits="5" branch="false"/>
            <line number="460" hits="0" branch="false"/>
            <line number="464" hits="11" branch="false"/>
            <line number="486" hits="17" branch="false"/>
            <line number="492" hits="17" branch="false"/>
            <line number="498" hits="4" branch="false"/>
            <line number="505" hits="4" branch="false"/>
            <line number="506" hits="4" branch="false"/>
            <line number="507" hits="1" branch="false"/>
            <line number="509" hits="3" branch="false"/>
            <line number="510" hits="3" branch="false"/>
          </lines>
        </class>
        <class name="labels.R" filename="R/labels.R" line-rate="0.872727272727273" branch-rate="0" complexity="0">
          <methods>
            <method name="with_label" signature="" line-rate="1" branch-rate="0">
              <lines>
                <line number="17" hits="1" branch="false"/>
                <line number="18" hits="1" branch="false"/>
              </lines>
            </method>
            <method name="var_labels" signature="" line-rate="0.863636363636364" branch-rate="0">
              <lines>
                <line number="43" hits="4" branch="false"/>
                <line number="44" hits="4" branch="false"/>
                <line number="45" hits="1" branch="false"/>
                <line number="48" hits="3" branch="false"/>
                <line number="49" hits="3" branch="false"/>
                <line number="51" hits="3" branch="false"/>
                <line number="52" hits="3" branch="false"/>
                <line number="53" hits="0" branch="false"/>
                <line number="54" hits="3" branch="false"/>
                <line number="55" hits="3" branch="false"/>
                <line number="56" hits="3" branch="false"/>
                <line number="57" hits="3" branch="false"/>
                <line number="58" hits="3" branch="false"/>
                <line number="59" hits="0" branch="false"/>
                <line number="60" hits="3" branch="false"/>
                <line number="61" hits="3" branch="false"/>
                <line number="62" hits="3" branch="false"/>
                <line number="63" hits="3" branch="false"/>
                <line number="65" hits="3" branch="false"/>
                <line number="67" hits="3" branch="false"/>
                <line number="68" hits="0" branch="false"/>
                <line number="71" hits="3" branch="false"/>
              </lines>
            </method>
            <method name="var_labels&lt;-" signature="" line-rate="0.923076923076923" branch-rate="0">
              <lines>
                <line number="97" hits="1" branch="false"/>
                <line number="98" hits="1" branch="false"/>
                <line number="99" hits="1" branch="false"/>
                <line number="100" hits="1" branch="false"/>
                <line number="101" hits="1" branch="false"/>
                <line number="103" hits="1" branch="false"/>
                <line number="105" hits="1" branch="false"/>
                <line number="106" hits="11" branch="false"/>
                <line number="107" hits="11" branch="false"/>
                <line number="108" hits="11" branch="false"/>
                <line number="109" hits="0" branch="false"/>
                <line number="110" hits="11" branch="false"/>
                <line number="113" hits="1" branch="false"/>
              </lines>
            </method>
            <method name="var_relabel" signature="" line-rate="0.785714285714286" branch-rate="0">
              <lines>
                <line number="135" hits="1" branch="false"/>
                <line number="136" hits="1" branch="false"/>
                <line number="137" hits="0" branch="false"/>
                <line number="139" hits="1" branch="false"/>
                <line number="140" hits="1" branch="false"/>
                <line number="141" hits="1" branch="false"/>
                <line number="143" hits="1" branch="false"/>
                <line number="145" hits="1" branch="false"/>
                <line number="146" hits="0" branch="false"/>
                <line number="149" hits="1" branch="false"/>
                <line number="150" hits="0" branch="false"/>
                <line number="153" hits="1" branch="false"/>
                <line number="154" hits="1" branch="false"/>
                <line number="157" hits="1" branch="false"/>
              </lines>
            </method>
            <method name="var_labels_remove" signature="" line-rate="1" branch-rate="0">
              <lines>
                <line number="174" hits="1" branch="false"/>
                <line number="176" hits="1" branch="false"/>
                <line number="177" hits="11" branch="false"/>
                <line number="180" hits="1" branch="false"/>
              </lines>
            </method>
          </methods>
          <lines>
            <line number="17" hits="1" branch="false"/>
            <line number="18" hits="1" branch="false"/>
            <line number="43" hits="4" branch="false"/>
            <line number="44" hits="4" branch="false"/>
            <line number="45" hits="1" branch="false"/>
            <line number="48" hits="3" branch="false"/>
            <line number="49" hits="3" branch="false"/>
            <line number="51" hits="3" branch="false"/>
            <line number="52" hits="3" branch="false"/>
            <line number="53" hits="0" branch="false"/>
            <line number="54" hits="3" branch="false"/>
            <line number="55" hits="3" branch="false"/>
            <line number="56" hits="3" branch="false"/>
            <line number="57" hits="3" branch="false"/>
            <line number="58" hits="3" branch="false"/>
            <line number="59" hits="0" branch="false"/>
            <line number="60" hits="3" branch="false"/>
            <line number="61" hits="3" branch="false"/>
            <line number="62" hits="3" branch="false"/>
            <line number="63" hits="3" branch="false"/>
            <line number="65" hits="3" branch="false"/>
            <line number="67" hits="3" branch="false"/>
            <line number="68" hits="0" branch="false"/>
            <line number="71" hits="3" branch="false"/>
            <line number="97" hits="1" branch="false"/>
            <line number="98" hits="1" branch="false"/>
            <line number="99" hits="1" branch="false"/>
            <line number="100" hits="1" branch="false"/>
            <line number="101" hits="1" branch="false"/>
            <line number="103" hits="1" branch="false"/>
            <line number="105" hits="1" branch="false"/>
            <line number="106" hits="11" branch="false"/>
            <line number="107" hits="11" branch="false"/>
            <line number="108" hits="11" branch="false"/>
            <line number="109" hits="0" branch="false"/>
            <line number="110" hits="11" branch="false"/>
            <line number="113" hits="1" branch="false"/>
            <line number="135" hits="1" branch="false"/>
            <line number="136" hits="1" branch="false"/>
            <line number="137" hits="0" branch="false"/>
            <line number="139" hits="1" branch="false"/>
            <line number="140" hits="1" branch="false"/>
            <line number="141" hits="1" branch="false"/>
            <line number="143" hits="1" branch="false"/>
            <line number="145" hits="1" branch="false"/>
            <line number="146" hits="0" branch="false"/>
            <line number="149" hits="1" branch="false"/>
            <line number="150" hits="0" branch="false"/>
            <line number="153" hits="1" branch="false"/>
            <line number="154" hits="1" branch="false"/>
            <line number="157" hits="1" branch="false"/>
            <line number="174" hits="1" branch="false"/>
            <line number="176" hits="1" branch="false"/>
            <line number="177" hits="11" branch="false"/>
            <line number="180" hits="1" branch="false"/>
          </lines>
        </class>
        <class name="matrix_form.R" filename="R/matrix_form.R" line-rate="0.804597701149425" branch-rate="0" complexity="0">
          <methods>
            <method name="mform_handle_newlines" signature="" line-rate="0.904761904761905" branch-rate="0">
              <lines>
                <line number="14" hits="20" branch="false"/>
                <line number="15" hits="20" branch="false"/>
                <line number="16" hits="20" branch="false"/>
                <line number="17" hits="20" branch="false"/>
                <line number="18" hits="20" branch="false"/>
                <line number="19" hits="20" branch="false"/>
                <line number="20" hits="20" branch="false"/>
                <line number="21" hits="3" branch="false"/>
                <line number="23" hits="3" branch="false"/>
                <line number="25" hits="3" branch="false"/>
                <line number="26" hits="1" branch="false"/>
                <line number="28" hits="2" branch="false"/>
                <line number="30" hits="3" branch="false"/>
                <line number="31" hits="3" branch="false"/>
                <line number="32" hits="3" branch="false"/>
                <line number="33" hits="3" branch="false"/>
                <line number="34" hits="3" branch="false"/>
                <line number="35" hits="3" branch="false"/>
                <line number="36" hits="3" branch="false"/>
                <line number="37" hits="3" branch="false"/>
                <line number="38" hits="3" branch="false"/>
                <line number="39" hits="3" branch="false"/>
                <line number="40" hits="3" branch="false"/>
                <line number="41" hits="3" branch="false"/>
                <line number="42" hits="3" branch="false"/>
                <line number="43" hits="3" branch="false"/>
                <line number="45" hits="3" branch="false"/>
                <line number="46" hits="1" branch="false"/>
                <line number="47" hits="1" branch="false"/>
                <line number="48" hits="0" branch="false"/>
                <line number="49" hits="0" branch="false"/>
                <line number="50" hits="0" branch="false"/>
                <line number="51" hits="0" branch="false"/>
                <line number="53" hits="1" branch="false"/>
                <line number="54" hits="1" branch="false"/>
                <line number="56" hits="3" branch="false"/>
                <line number="57" hits="3" branch="false"/>
                <line number="58" hits="3" branch="false"/>
                <line number="59" hits="3" branch="false"/>
                <line number="60" hits="3" branch="false"/>
                <line number="61" hits="3" branch="false"/>
                <line number="64" hits="20" branch="false"/>
              </lines>
            </method>
            <method name="MatrixPrintForm" signature="" line-rate="0.892655367231638" branch-rate="0">
              <lines>
                <line number="104" hits="15" branch="false"/>
                <line number="319" hits="11" branch="false"/>
                <line number="330" hits="4" branch="false"/>
                <line number="331" hits="4" branch="false"/>
                <line number="345" hits="12" branch="false"/>
                <line number="357" hits="3" branch="false"/>
                <line number="358" hits="3" branch="false"/>
                <line number="370" hits="12" branch="false"/>
                <line number="385" hits="2" branch="false"/>
                <line number="386" hits="0" branch="false"/>
                <line number="388" hits="2" branch="false"/>
                <line number="389" hits="2" branch="false"/>
                <line number="403" hits="13" branch="false"/>
                <line number="418" hits="4" branch="false"/>
                <line number="419" hits="0" branch="false"/>
                <line number="421" hits="4" branch="false"/>
                <line number="422" hits="4" branch="false"/>
                <line number="435" hits="12" branch="false"/>
                <line number="447" hits="5" branch="false"/>
                <line number="448" hits="0" branch="false"/>
                <line number="450" hits="5" branch="false"/>
                <line number="451" hits="5" branch="false"/>
                <line number="492" hits="17" branch="false"/>
                <line number="505" hits="4" branch="false"/>
                <line number="506" hits="4" branch="false"/>
                <line number="507" hits="1" branch="false"/>
                <line number="509" hits="3" branch="false"/>
                <line number="510" hits="3" branch="false"/>
                <line number="174" hits="8" branch="false"/>
                <line number="176" hits="8" branch="false"/>
                <line number="177" hits="8" branch="false"/>
                <line number="178" hits="0" branch="false"/>
                <line number="179" hits="0" branch="false"/>
                <line number="180" hits="0" branch="false"/>
                <line number="181" hits="0" branch="false"/>
                <line number="182" hits="0" branch="false"/>
                <line number="186" hits="0" branch="false"/>
                <line number="188" hits="0" branch="false"/>
                <line number="189" hits="0" branch="false"/>
                <line number="190" hits="0" branch="false"/>
                <line number="191" hits="0" branch="false"/>
                <line number="192" hits="0" branch="false"/>
                <line number="193" hits="0" branch="false"/>
                <line number="197" hits="8" branch="false"/>
                <line number="198" hits="8" branch="false"/>
                <line number="199" hits="8" branch="false"/>
                <line number="200" hits="8" branch="false"/>
                <line number="201" hits="8" branch="false"/>
                <line number="202" hits="8" branch="false"/>
                <line number="203" hits="8" branch="false"/>
                <line number="204" hits="8" branch="false"/>
                <line number="205" hits="8" branch="false"/>
                <line number="206" hits="8" branch="false"/>
                <line number="207" hits="8" branch="false"/>
                <line number="208" hits="8" branch="false"/>
                <line number="209" hits="8" branch="false"/>
                <line number="210" hits="8" branch="false"/>
                <line number="211" hits="8" branch="false"/>
                <line number="212" hits="8" branch="false"/>
                <line number="213" hits="8" branch="false"/>
                <line number="214" hits="8" branch="false"/>
                <line number="215" hits="8" branch="false"/>
                <line number="216" hits="8" branch="false"/>
                <line number="217" hits="8" branch="false"/>
                <line number="218" hits="8" branch="false"/>
                <line number="219" hits="8" branch="false"/>
                <line number="220" hits="8" branch="false"/>
                <line number="222" hits="8" branch="false"/>
                <line number="223" hits="8" branch="false"/>
                <line number="225" hits="8" branch="false"/>
                <line number="390" hits="3" branch="false"/>
                <line number="107" hits="11" branch="false"/>
                <line number="108" hits="11" branch="false"/>
                <line number="110" hits="11" branch="false"/>
                <line number="111" hits="10" branch="false"/>
                <line number="113" hits="11" branch="false"/>
                <line number="116" hits="11" branch="false"/>
                <line number="117" hits="11" branch="false"/>
                <line number="118" hits="6" branch="false"/>
                <line number="119" hits="1" branch="false"/>
                <line number="120" hits="5" branch="false"/>
                <line number="121" hits="2" branch="false"/>
                <line number="123" hits="6" branch="false"/>
                <line number="127" hits="11" branch="false"/>
                <line number="130" hits="11" branch="false"/>
                <line number="133" hits="11" branch="false"/>
                <line number="134" hits="11" branch="false"/>
                <line number="135" hits="11" branch="false"/>
                <line number="136" hits="11" branch="false"/>
                <line number="138" hits="11" branch="false"/>
                <line number="139" hits="11" branch="false"/>
                <line number="140" hits="11" branch="false"/>
                <line number="141" hits="11" branch="false"/>
                <line number="142" hits="11" branch="false"/>
                <line number="143" hits="11" branch="false"/>
                <line number="144" hits="11" branch="false"/>
                <line number="147" hits="11" branch="false"/>
                <line number="150" hits="11" branch="false"/>
                <line number="151" hits="11" branch="false"/>
                <line number="152" hits="0" branch="false"/>
                <line number="153" hits="0" branch="false"/>
                <line number="154" hits="0" branch="false"/>
                <line number="155" hits="0" branch="false"/>
                <line number="158" hits="11" branch="false"/>
                <line number="159" hits="11" branch="false"/>
                <line number="160" hits="11" branch="false"/>
                <line number="161" hits="11" branch="false"/>
                <line number="162" hits="11" branch="false"/>
                <line number="164" hits="11" branch="false"/>
                <line number="165" hits="11" branch="false"/>
                <line number="166" hits="11" branch="false"/>
                <line number="169" hits="11" branch="false"/>
                <line number="170" hits="11" branch="false"/>
                <line number="172" hits="11" branch="false"/>
                <line number="195" hits="11" branch="false"/>
                <line number="196" hits="11" branch="false"/>
                <line number="199" hits="11" branch="false"/>
                <line number="201" hits="11" branch="false"/>
                <line number="202" hits="11" branch="false"/>
                <line number="203" hits="11" branch="false"/>
                <line number="204" hits="11" branch="false"/>
                <line number="205" hits="1" branch="false"/>
                <line number="208" hits="1" branch="false"/>
                <line number="209" hits="1" branch="false"/>
                <line number="210" hits="1" branch="false"/>
                <line number="213" hits="1" branch="false"/>
                <line number="214" hits="1" branch="false"/>
                <line number="215" hits="1" branch="false"/>
                <line number="216" hits="1" branch="false"/>
                <line number="217" hits="1" branch="false"/>
                <line number="218" hits="1" branch="false"/>
                <line number="219" hits="1" branch="false"/>
                <line number="220" hits="1" branch="false"/>
                <line number="221" hits="2" branch="false"/>
                <line number="222" hits="2" branch="false"/>
                <line number="223" hits="2" branch="false"/>
                <line number="224" hits="2" branch="false"/>
                <line number="225" hits="2" branch="false"/>
                <line number="226" hits="2" branch="false"/>
                <line number="227" hits="2" branch="false"/>
                <line number="228" hits="2" branch="false"/>
                <line number="229" hits="2" branch="false"/>
                <line number="234" hits="2" branch="false"/>
                <line number="235" hits="1" branch="false"/>
                <line number="236" hits="1" branch="false"/>
                <line number="237" hits="1" branch="false"/>
                <line number="238" hits="1" branch="false"/>
                <line number="239" hits="2" branch="false"/>
                <line number="240" hits="2" branch="false"/>
                <line number="241" hits="2" branch="false"/>
                <line number="244" hits="10" branch="false"/>
                <line number="248" hits="11" branch="false"/>
                <line number="250" hits="11" branch="false"/>
                <line number="251" hits="11" branch="false"/>
                <line number="252" hits="11" branch="false"/>
                <line number="253" hits="11" branch="false"/>
                <line number="254" hits="11" branch="false"/>
                <line number="255" hits="11" branch="false"/>
                <line number="259" hits="11" branch="false"/>
                <line number="260" hits="6" branch="false"/>
                <line number="261" hits="6" branch="false"/>
                <line number="264" hits="11" branch="false"/>
                <line number="267" hits="11" branch="false"/>
                <line number="268" hits="6" branch="false"/>
                <line number="269" hits="6" branch="false"/>
                <line number="270" hits="6" branch="false"/>
                <line number="272" hits="6" branch="false"/>
                <line number="275" hits="11" branch="false"/>
                <line number="276" hits="11" branch="false"/>
                <line number="277" hits="11" branch="false"/>
                <line number="278" hits="11" branch="false"/>
                <line number="279" hits="11" branch="false"/>
                <line number="280" hits="11" branch="false"/>
                <line number="281" hits="11" branch="false"/>
                <line number="282" hits="11" branch="false"/>
                <line number="283" hits="11" branch="false"/>
                <line number="284" hits="11" branch="false"/>
              </lines>
            </method>
            <method name="mf_strings" signature="" line-rate="1" branch-rate="0">
              <lines>
                <line number="247" hits="36" branch="false"/>
              </lines>
            </method>
            <method name="mf_spans" signature="" line-rate="1" branch-rate="0">
              <lines>
                <line number="251" hits="4" branch="false"/>
              </lines>
            </method>
            <method name="mf_aligns" signature="" line-rate="1" branch-rate="0">
              <lines>
                <line number="255" hits="3" branch="false"/>
              </lines>
            </method>
            <method name="mf_display" signature="" line-rate="1" branch-rate="0">
              <lines>
                <line number="259" hits="3" branch="false"/>
              </lines>
            </method>
            <method name="mf_formats" signature="" line-rate="1" branch-rate="0">
              <lines>
                <line number="263" hits="20" branch="false"/>
              </lines>
            </method>
            <method name="mf_rinfo" signature="" line-rate="1" branch-rate="0">
              <lines>
                <line number="267" hits="4" branch="false"/>
              </lines>
            </method>
            <method name="mf_has_topleft" signature="" line-rate="1" branch-rate="0">
              <lines>
                <line number="271" hits="20" branch="false"/>
              </lines>
            </method>
            <method name="mf_lgrouping" signature="" line-rate="1" branch-rate="0">
              <lines>
                <line number="275" hits="45" branch="false"/>
              </lines>
            </method>
            <method name="mf_rfnotes" signature="" line-rate="0" branch-rate="0">
              <lines>
                <line number="279" hits="0" branch="false"/>
              </lines>
            </method>
            <method name="mf_nlheader" signature="" line-rate="1" branch-rate="0">
              <lines>
                <line number="283" hits="12" branch="false"/>
              </lines>
            </method>
            <method name="mf_nrheader" signature="" line-rate="1" branch-rate="0">
              <lines>
                <line number="287" hits="33" branch="false"/>
              </lines>
            </method>
            <method name="mf_strings&lt;-" signature="" line-rate="1" branch-rate="0">
              <lines>
                <line number="293" hits="3" branch="false"/>
                <line number="294" hits="3" branch="false"/>
              </lines>
            </method>
            <method name=".chkdim_and_replace" signature="" line-rate="0.454545454545455" branch-rate="0">
              <lines>
                <line number="298" hits="12" branch="false"/>
                <line number="299" hits="12" branch="false"/>
                <line number="300" hits="12" branch="false"/>
                <line number="301" hits="0" branch="false"/>
                <line number="302" hits="0" branch="false"/>
                <line number="303" hits="0" branch="false"/>
                <line number="304" hits="0" branch="false"/>
                <line number="305" hits="0" branch="false"/>
                <line number="306" hits="0" branch="false"/>
                <line number="308" hits="12" branch="false"/>
                <line number="309" hits="12" branch="false"/>
              </lines>
            </method>
            <method name="mf_spans&lt;-" signature="" line-rate="1" branch-rate="0">
              <lines>
                <line number="318" hits="3" branch="false"/>
              </lines>
            </method>
            <method name="mf_aligns&lt;-" signature="" line-rate="1" branch-rate="0">
              <lines>
                <line number="324" hits="3" branch="false"/>
              </lines>
            </method>
            <method name="mf_display&lt;-" signature="" line-rate="1" branch-rate="0">
              <lines>
                <line number="331" hits="3" branch="false"/>
              </lines>
            </method>
            <method name="mf_formats&lt;-" signature="" line-rate="1" branch-rate="0">
              <lines>
                <line number="337" hits="3" branch="false"/>
              </lines>
            </method>
            <method name=".chknrow_and_replace" signature="" line-rate="0.454545454545455" branch-rate="0">
              <lines>
                <line number="343" hits="4" branch="false"/>
                <line number="344" hits="4" branch="false"/>
                <line number="345" hits="4" branch="false"/>
                <line number="346" hits="0" branch="false"/>
                <line number="347" hits="0" branch="false"/>
                <line number="348" hits="0" branch="false"/>
                <line number="349" hits="0" branch="false"/>
                <line number="350" hits="0" branch="false"/>
                <line number="351" hits="0" branch="false"/>
                <line number="353" hits="4" branch="false"/>
                <line number="354" hits="4" branch="false"/>
              </lines>
            </method>
            <method name="mf_rinfo&lt;-" signature="" line-rate="1" branch-rate="0">
              <lines>
                <line number="360" hits="1" branch="false"/>
              </lines>
            </method>
            <method name="mf_lgrouping&lt;-" signature="" line-rate="1" branch-rate="0">
              <lines>
                <line number="366" hits="3" branch="false"/>
              </lines>
            </method>
            <method name="mf_rfnotes&lt;-" signature="" line-rate="0" branch-rate="0">
              <lines>
                <line number="373" hits="0" branch="false"/>
                <line number="374" hits="0" branch="false"/>
              </lines>
            </method>
            <method name="mf_nrheader&lt;-" signature="" line-rate="0" branch-rate="0">
              <lines>
                <line number="382" hits="0" branch="false"/>
                <line number="383" hits="0" branch="false"/>
              </lines>
            </method>
            <method name="mpf_has_rlabels" signature="" line-rate="1" branch-rate="0">
              <lines>
                <line number="395" hits="3" branch="false"/>
              </lines>
            </method>
            <method name="basic_matrix_form" signature="" line-rate="0.976744186046512" branch-rate="0">
              <lines>
                <line number="412" hits="8" branch="false"/>
                <line number="414" hits="8" branch="false"/>
                <line number="415" hits="8" branch="false"/>
                <line number="416" hits="8" branch="false"/>
                <line number="418" hits="8" branch="false"/>
                <line number="419" hits="8" branch="false"/>
                <line number="420" hits="0" branch="false"/>
                <line number="423" hits="8" branch="false"/>
                <line number="425" hits="8" branch="false"/>
                <line number="426" hits="8" branch="false"/>
                <line number="427" hits="8" branch="false"/>
                <line number="428" hits="8" branch="false"/>
                <line number="430" hits="8" branch="false"/>
                <line number="431" hits="8" branch="false"/>
                <line number="434" hits="8" branch="false"/>
                <line number="435" hits="8" branch="false"/>
                <line number="436" hits="8" branch="false"/>
                <line number="437" hits="8" branch="false"/>
                <line number="441" hits="8" branch="false"/>
                <line number="442" hits="8" branch="false"/>
                <line number="443" hits="1" branch="false"/>
                <line number="445" hits="7" branch="false"/>
                <line number="447" hits="8" branch="false"/>
                <line number="448" hits="8" branch="false"/>
                <line number="449" hits="8" branch="false"/>
                <line number="450" hits="8" branch="false"/>
                <line number="451" hits="8" branch="false"/>
                <line number="452" hits="8" branch="false"/>
                <line number="453" hits="8" branch="false"/>
                <line number="454" hits="8" branch="false"/>
                <line number="455" hits="8" branch="false"/>
                <line number="456" hits="8" branch="false"/>
                <line number="458" hits="8" branch="false"/>
                <line number="459" hits="8" branch="false"/>
                <line number="460" hits="8" branch="false"/>
                <line number="461" hits="8" branch="false"/>
                <line number="462" hits="8" branch="false"/>
                <line number="463" hits="8" branch="false"/>
                <line number="464" hits="8" branch="false"/>
                <line number="465" hits="8" branch="false"/>
                <line number="466" hits="8" branch="false"/>
                <line number="467" hits="8" branch="false"/>
                <line number="468" hits="8" branch="false"/>
              </lines>
            </method>
          </methods>
          <lines>
            <line number="14" hits="20" branch="false"/>
            <line number="15" hits="20" branch="false"/>
            <line number="16" hits="20" branch="false"/>
            <line number="17" hits="20" branch="false"/>
            <line number="18" hits="20" branch="false"/>
            <line number="19" hits="20" branch="false"/>
            <line number="20" hits="20" branch="false"/>
            <line number="21" hits="3" branch="false"/>
            <line number="23" hits="3" branch="false"/>
            <line number="25" hits="3" branch="false"/>
            <line number="26" hits="1" branch="false"/>
            <line number="28" hits="2" branch="false"/>
            <line number="30" hits="3" branch="false"/>
            <line number="31" hits="3" branch="false"/>
            <line number="32" hits="3" branch="false"/>
            <line number="33" hits="3" branch="false"/>
            <line number="34" hits="3" branch="false"/>
            <line number="35" hits="3" branch="false"/>
            <line number="36" hits="3" branch="false"/>
            <line number="37" hits="3" branch="false"/>
            <line number="38" hits="3" branch="false"/>
            <line number="39" hits="3" branch="false"/>
            <line number="40" hits="3" branch="false"/>
[...]
            <line number="8" hits="0" branch="false"/>
            <line number="9" hits="0" branch="false"/>
            <line number="9" hits="6" branch="false"/>
            <line number="10" hits="0" branch="false"/>
            <line number="10" hits="6" branch="false"/>
            <line number="11" hits="0" branch="false"/>
            <line number="12" hits="0" branch="false"/>
            <line number="12" hits="0" branch="false"/>
            <line number="13" hits="0" branch="false"/>
            <line number="13" hits="0" branch="false"/>
            <line number="14" hits="0" branch="false"/>
            <line number="14" hits="0" branch="false"/>
            <line number="15" hits="0" branch="false"/>
            <line number="15" hits="0" branch="false"/>
            <line number="16" hits="0" branch="false"/>
            <line number="16" hits="0" branch="false"/>
            <line number="17" hits="0" branch="false"/>
            <line number="17" hits="0" branch="false"/>
            <line number="18" hits="0" branch="false"/>
            <line number="18" hits="0" branch="false"/>
            <line number="19" hits="0" branch="false"/>
            <line number="20" hits="0" branch="false"/>
            <line number="20" hits="0" branch="false"/>
            <line number="21" hits="0" branch="false"/>
            <line number="22" hits="0" branch="false"/>
            <line number="40" hits="22" branch="false"/>
            <line number="41" hits="22" branch="false"/>
            <line number="42" hits="22" branch="false"/>
            <line number="44" hits="22" branch="false"/>
            <line number="46" hits="22" branch="false"/>
            <line number="47" hits="22" branch="false"/>
            <line number="49" hits="22" branch="false"/>
            <line number="50" hits="781" branch="false"/>
            <line number="51" hits="4" branch="false"/>
            <line number="52" hits="4" branch="false"/>
            <line number="53" hits="4" branch="false"/>
            <line number="54" hits="4" branch="false"/>
            <line number="55" hits="4" branch="false"/>
            <line number="56" hits="4" branch="false"/>
            <line number="57" hits="4" branch="false"/>
            <line number="58" hits="4" branch="false"/>
            <line number="59" hits="4" branch="false"/>
            <line number="60" hits="4" branch="false"/>
            <line number="61" hits="4" branch="false"/>
            <line number="64" hits="22" branch="false"/>
            <line number="107" hits="11" branch="false"/>
            <line number="108" hits="11" branch="false"/>
            <line number="110" hits="11" branch="false"/>
            <line number="111" hits="10" branch="false"/>
            <line number="113" hits="11" branch="false"/>
            <line number="116" hits="11" branch="false"/>
            <line number="117" hits="11" branch="false"/>
            <line number="118" hits="6" branch="false"/>
            <line number="119" hits="1" branch="false"/>
            <line number="120" hits="5" branch="false"/>
            <line number="121" hits="2" branch="false"/>
            <line number="123" hits="6" branch="false"/>
            <line number="127" hits="11" branch="false"/>
            <line number="130" hits="11" branch="false"/>
            <line number="133" hits="11" branch="false"/>
            <line number="134" hits="11" branch="false"/>
            <line number="135" hits="11" branch="false"/>
            <line number="136" hits="11" branch="false"/>
            <line number="138" hits="11" branch="false"/>
            <line number="139" hits="11" branch="false"/>
            <line number="140" hits="11" branch="false"/>
            <line number="141" hits="11" branch="false"/>
            <line number="142" hits="11" branch="false"/>
            <line number="143" hits="11" branch="false"/>
            <line number="144" hits="11" branch="false"/>
            <line number="147" hits="11" branch="false"/>
            <line number="150" hits="11" branch="false"/>
            <line number="151" hits="11" branch="false"/>
            <line number="152" hits="0" branch="false"/>
            <line number="153" hits="0" branch="false"/>
            <line number="154" hits="0" branch="false"/>
            <line number="155" hits="0" branch="false"/>
            <line number="158" hits="11" branch="false"/>
            <line number="159" hits="11" branch="false"/>
            <line number="160" hits="11" branch="false"/>
            <line number="161" hits="11" branch="false"/>
            <line number="162" hits="11" branch="false"/>
            <line number="164" hits="11" branch="false"/>
            <line number="165" hits="11" branch="false"/>
            <line number="166" hits="11" branch="false"/>
            <line number="169" hits="11" branch="false"/>
            <line number="170" hits="11" branch="false"/>
            <line number="172" hits="11" branch="false"/>
            <line number="195" hits="11" branch="false"/>
            <line number="196" hits="11" branch="false"/>
            <line number="199" hits="11" branch="false"/>
            <line number="201" hits="11" branch="false"/>
            <line number="202" hits="11" branch="false"/>
            <line number="203" hits="11" branch="false"/>
            <line number="204" hits="11" branch="false"/>
            <line number="205" hits="1" branch="false"/>
            <line number="208" hits="1" branch="false"/>
            <line number="209" hits="1" branch="false"/>
            <line number="210" hits="1" branch="false"/>
            <line number="213" hits="1" branch="false"/>
            <line number="214" hits="1" branch="false"/>
            <line number="215" hits="1" branch="false"/>
            <line number="216" hits="1" branch="false"/>
            <line number="217" hits="1" branch="false"/>
            <line number="218" hits="1" branch="false"/>
            <line number="219" hits="1" branch="false"/>
            <line number="220" hits="1" branch="false"/>
            <line number="221" hits="2" branch="false"/>
            <line number="222" hits="2" branch="false"/>
            <line number="223" hits="2" branch="false"/>
            <line number="224" hits="2" branch="false"/>
            <line number="225" hits="2" branch="false"/>
            <line number="226" hits="2" branch="false"/>
            <line number="227" hits="2" branch="false"/>
            <line number="228" hits="2" branch="false"/>
            <line number="229" hits="2" branch="false"/>
            <line number="234" hits="2" branch="false"/>
            <line number="235" hits="1" branch="false"/>
            <line number="236" hits="1" branch="false"/>
            <line number="237" hits="1" branch="false"/>
            <line number="238" hits="1" branch="false"/>
            <line number="239" hits="2" branch="false"/>
            <line number="240" hits="2" branch="false"/>
            <line number="241" hits="2" branch="false"/>
            <line number="244" hits="10" branch="false"/>
            <line number="248" hits="11" branch="false"/>
            <line number="250" hits="11" branch="false"/>
            <line number="251" hits="11" branch="false"/>
            <line number="252" hits="11" branch="false"/>
            <line number="253" hits="11" branch="false"/>
            <line number="254" hits="11" branch="false"/>
            <line number="255" hits="11" branch="false"/>
            <line number="259" hits="11" branch="false"/>
            <line number="260" hits="6" branch="false"/>
            <line number="261" hits="6" branch="false"/>
            <line number="264" hits="11" branch="false"/>
            <line number="267" hits="11" branch="false"/>
            <line number="268" hits="6" branch="false"/>
            <line number="269" hits="6" branch="false"/>
            <line number="270" hits="6" branch="false"/>
            <line number="272" hits="6" branch="false"/>
            <line number="275" hits="11" branch="false"/>
            <line number="276" hits="11" branch="false"/>
            <line number="277" hits="11" branch="false"/>
            <line number="278" hits="11" branch="false"/>
            <line number="279" hits="11" branch="false"/>
            <line number="280" hits="11" branch="false"/>
            <line number="281" hits="11" branch="false"/>
            <line number="282" hits="11" branch="false"/>
            <line number="283" hits="11" branch="false"/>
            <line number="284" hits="11" branch="false"/>
            <line number="288" hits="74" branch="false"/>
            <line number="289" hits="55" branch="false"/>
            <line number="291" hits="19" branch="false"/>
            <line number="292" hits="19" branch="false"/>
            <line number="293" hits="19" branch="false"/>
            <line number="294" hits="0" branch="false"/>
            <line number="295" hits="0" branch="false"/>
            <line number="297" hits="19" branch="false"/>
            <line number="302" hits="14" branch="false"/>
            <line number="306" hits="11" branch="false"/>
            <line number="307" hits="11" branch="false"/>
            <line number="308" hits="11" branch="false"/>
            <line number="309" hits="11" branch="false"/>
            <line number="310" hits="11" branch="false"/>
            <line number="311" hits="11" branch="false"/>
            <line number="312" hits="5" branch="false"/>
            <line number="314" hits="11" branch="false"/>
            <line number="315" hits="11" branch="false"/>
            <line number="316" hits="11" branch="false"/>
            <line number="317" hits="11" branch="false"/>
            <line number="318" hits="9" branch="false"/>
            <line number="319" hits="7" branch="false"/>
            <line number="320" hits="7" branch="false"/>
            <line number="321" hits="7" branch="false"/>
            <line number="322" hits="7" branch="false"/>
            <line number="324" hits="2" branch="false"/>
            <line number="326" hits="9" branch="false"/>
            <line number="327" hits="9" branch="false"/>
            <line number="328" hits="9" branch="false"/>
            <line number="329" hits="9" branch="false"/>
            <line number="330" hits="9" branch="false"/>
            <line number="331" hits="9" branch="false"/>
            <line number="332" hits="9" branch="false"/>
            <line number="333" hits="9" branch="false"/>
            <line number="334" hits="9" branch="false"/>
            <line number="335" hits="9" branch="false"/>
            <line number="336" hits="9" branch="false"/>
            <line number="338" hits="11" branch="false"/>
            <line number="342" hits="12" branch="false"/>
            <line number="343" hits="2" branch="false"/>
            <line number="344" hits="2" branch="false"/>
            <line number="345" hits="2" branch="false"/>
            <line number="346" hits="2" branch="false"/>
            <line number="347" hits="2" branch="false"/>
            <line number="348" hits="2" branch="false"/>
            <line number="349" hits="2" branch="false"/>
            <line number="350" hits="2" branch="false"/>
            <line number="372" hits="2689" branch="false"/>
            <line number="373" hits="2689" branch="false"/>
            <line number="374" hits="2689" branch="false"/>
            <line number="375" hits="14" branch="false"/>
            <line number="376" hits="14" branch="false"/>
            <line number="377" hits="14" branch="false"/>
            <line number="378" hits="14" branch="false"/>
            <line number="379" hits="0" branch="false"/>
            <line number="380" hits="2689" branch="false"/>
            <line number="381" hits="14" branch="false"/>
            <line number="382" hits="4" branch="false"/>
            <line number="383" hits="2689" branch="false"/>
            <line number="384" hits="10" branch="false"/>
            <line number="385" hits="2689" branch="false"/>
            <line number="386" hits="14" branch="false"/>
            <line number="387" hits="14" branch="false"/>
            <line number="388" hits="4" branch="false"/>
            <line number="389" hits="4" branch="false"/>
            <line number="390" hits="4" branch="false"/>
            <line number="391" hits="2689" branch="false"/>
            <line number="392" hits="10" branch="false"/>
            <line number="393" hits="10" branch="false"/>
            <line number="394" hits="0" branch="false"/>
            <line number="395" hits="2689" branch="false"/>
            <line number="396" hits="10" branch="false"/>
            <line number="397" hits="2689" branch="false"/>
            <line number="398" hits="10" branch="false"/>
            <line number="399" hits="2689" branch="false"/>
            <line number="400" hits="14" branch="false"/>
            <line number="401" hits="14" branch="false"/>
            <line number="402" hits="13" branch="false"/>
            <line number="403" hits="2689" branch="false"/>
            <line number="404" hits="1" branch="false"/>
            <line number="405" hits="1" branch="false"/>
            <line number="406" hits="1" branch="false"/>
            <line number="407" hits="1" branch="false"/>
            <line number="408" hits="1" branch="false"/>
            <line number="409" hits="2689" branch="false"/>
            <line number="410" hits="14" branch="false"/>
            <line number="411" hits="14" branch="false"/>
            <line number="412" hits="2689" branch="false"/>
            <line number="413" hits="2689" branch="false"/>
            <line number="414" hits="2658" branch="false"/>
            <line number="416" hits="2689" branch="false"/>
            <line number="424" hits="24" branch="false"/>
            <line number="428" hits="1608" branch="false"/>
            <line number="432" hits="54" branch="false"/>
            <line number="436" hits="138" branch="false"/>
            <line number="437" hits="138" branch="false"/>
            <line number="438" hits="138" branch="false"/>
            <line number="442" hits="207" branch="false"/>
            <line number="443" hits="207" branch="false"/>
            <line number="444" hits="207" branch="false"/>
            <line number="449" hits="207" branch="false"/>
            <line number="450" hits="207" branch="false"/>
            <line number="454" hits="345" branch="false"/>
            <line number="455" hits="345" branch="false"/>
            <line number="456" hits="345" branch="false"/>
            <line number="457" hits="207" branch="false"/>
            <line number="459" hits="345" branch="false"/>
            <line number="463" hits="21" branch="false"/>
            <line number="464" hits="21" branch="false"/>
            <line number="465" hits="21" branch="false"/>
            <line number="466" hits="21" branch="false"/>
            <line number="467" hits="21" branch="false"/>
            <line number="468" hits="21" branch="false"/>
            <line number="469" hits="21" branch="false"/>
            <line number="470" hits="21" branch="false"/>
            <line number="501" hits="0" branch="false"/>
            <line number="502" hits="0" branch="false"/>
            <line number="504" hits="0" branch="false"/>
            <line number="505" hits="0" branch="false"/>
            <line number="506" hits="0" branch="false"/>
            <line number="507" hits="0" branch="false"/>
            <line number="508" hits="0" branch="false"/>
            <line number="509" hits="0" branch="false"/>
            <line number="510" hits="0" branch="false"/>
            <line number="511" hits="0" branch="false"/>
            <line number="512" hits="0" branch="false"/>
            <line number="513" hits="0" branch="false"/>
            <line number="514" hits="0" branch="false"/>
            <line number="515" hits="0" branch="false"/>
            <line number="554" hits="13" branch="false"/>
            <line number="555" hits="0" branch="false"/>
            <line number="557" hits="13" branch="false"/>
            <line number="558" hits="13" branch="false"/>
            <line number="560" hits="13" branch="false"/>
            <line number="562" hits="13" branch="false"/>
            <line number="565" hits="13" branch="false"/>
            <line number="566" hits="13" branch="false"/>
            <line number="567" hits="13" branch="false"/>
            <line number="568" hits="13" branch="false"/>
            <line number="571" hits="13" branch="false"/>
            <line number="572" hits="1" branch="false"/>
            <line number="574" hits="1" branch="false"/>
            <line number="575" hits="1" branch="false"/>
            <line number="576" hits="1" branch="false"/>
            <line number="578" hits="1" branch="false"/>
            <line number="579" hits="1" branch="false"/>
            <line number="580" hits="2" branch="false"/>
            <line number="581" hits="6" branch="false"/>
            <line number="582" hits="2" branch="false"/>
            <line number="584" hits="2" branch="false"/>
            <line number="585" hits="2" branch="false"/>
            <line number="586" hits="2" branch="false"/>
            <line number="588" hits="2" branch="false"/>
            <line number="591" hits="0" branch="false"/>
            <line number="597" hits="13" branch="false"/>
            <line number="626" hits="2664" branch="false"/>
            <line number="628" hits="0" branch="false"/>
            <line number="629" hits="0" branch="false"/>
            <line number="631" hits="0" branch="false"/>
            <line number="633" hits="2664" branch="false"/>
            <line number="635" hits="0" branch="false"/>
            <line number="637" hits="2664" branch="false"/>
            <line number="639" hits="65" branch="false"/>
            <line number="640" hits="65" branch="false"/>
            <line number="642" hits="2599" branch="false"/>
            <line number="643" hits="0" branch="false"/>
            <line number="648" hits="2729" branch="false"/>
            <line number="653" hits="392" branch="false"/>
            <line number="676" hits="2" branch="false"/>
            <line number="677" hits="2" branch="false"/>
            <line number="678" hits="2" branch="false"/>
            <line number="679" hits="2" branch="false"/>
            <line number="680" hits="2" branch="false"/>
            <line number="683" hits="1" branch="false"/>
            <line number="684" hits="0" branch="false"/>
            <line number="686" hits="1" branch="false"/>
            <line number="687" hits="1" branch="false"/>
            <line number="688" hits="1" branch="false"/>
            <line number="689" hits="1" branch="false"/>
            <line number="690" hits="1" branch="false"/>
            <line number="691" hits="0" branch="false"/>
            <line number="692" hits="1" branch="false"/>
            <line number="693" hits="1" branch="false"/>
            <line number="694" hits="1" branch="false"/>
            <line number="695" hits="1" branch="false"/>
            <line number="696" hits="1" branch="false"/>
            <line number="717" hits="3" branch="false"/>
          </lines>
        </class>
        <class name="utils.R" filename="R/utils.R" line-rate="1" branch-rate="0" complexity="0">
          <methods>
            <method name="%||%" signature="" line-rate="1" branch-rate="0">
              <lines>
                <line number="21" hits="3" branch="false"/>
              </lines>
            </method>
          </methods>
          <lines>
            <line number="21" hits="3" branch="false"/>
          </lines>
        </class>
      </classes>
    </package>
  </packages>
</coverage>
