<?xml version="1.0" encoding="UTF-8"?>
<!DOCTYPE coverage SYSTEM "https://raw.githubusercontent.com/cobertura/cobertura/master/cobertura/src/site/htdocs/xml/coverage-04.dtd">
<coverage line-rate="0.91766158913133" branch-rate="0" lines-covered="2229" lines-valid="2429" branches-covered="0" branches-valid="0" complexity="0" version="3.6.4" timestamp="2024-03-20 23:10:25.221764">
  <sources>
    <source>/__w/formatters/formatters/formatters</source>
  </sources>
  <packages>
    <package name="formatters" line-rate="0.91766158913133" branch-rate="0" complexity="0">
      <classes>
        <class name="format_value.R" filename="R/format_value.R" line-rate="0.938144329896907" branch-rate="0" complexity="0">
          <methods>
            <method name="list_valid_format_labels" signature="" line-rate="1" branch-rate="0" complexity="0">
              <lines>
                <line number="43" hits="55" branch="false"/>
                <line number="44" hits="55" branch="false"/>
                <line number="45" hits="55" branch="false"/>
                <line number="46" hits="55" branch="false"/>
                <line number="47" hits="55" branch="false"/>
                <line number="48" hits="55" branch="false"/>
                <line number="49" hits="55" branch="false"/>
                <line number="50" hits="55" branch="false"/>
              </lines>
            </method>
            <method name="list_valid_aligns" signature="" line-rate="1" branch-rate="0" complexity="0">
              <lines>
                <line number="62" hits="8993" branch="false"/>
              </lines>
            </method>
            <method name="is_valid_format" signature="" line-rate="0.75" branch-rate="0" complexity="0">
              <lines>
                <line number="85" hits="52" branch="false"/>
                <line number="87" hits="52" branch="false"/>
                <line number="88" hits="0" branch="false"/>
                <line number="91" hits="52" branch="false"/>
              </lines>
            </method>
            <method name="check_aligns" signature="" line-rate="0" branch-rate="0" complexity="0">
              <lines>
                <line number="105" hits="0" branch="false"/>
                <line number="106" hits="0" branch="false"/>
                <line number="108" hits="0" branch="false"/>
                <line number="109" hits="0" branch="false"/>
                <line number="110" hits="0" branch="false"/>
                <line number="112" hits="0" branch="false"/>
              </lines>
            </method>
            <method name="sprintf_format" signature="" line-rate="1" branch-rate="0" complexity="0">
              <lines>
                <line number="133" hits="1" branch="false"/>
                <line number="134" hits="1" branch="false"/>
                <line number="135" hits="1" branch="false"/>
              </lines>
            </method>
            <method name="round_fmt" signature="" line-rate="0.875" branch-rate="0" complexity="0">
              <lines>
                <line number="186" hits="196" branch="false"/>
                <line number="187" hits="0" branch="false"/>
                <line number="189" hits="196" branch="false"/>
                <line number="190" hits="4" branch="false"/>
                <line number="191" hits="192" branch="false"/>
                <line number="192" hits="44" branch="false"/>
                <line number="194" hits="148" branch="false"/>
                <line number="195" hits="148" branch="false"/>
              </lines>
            </method>
            <method name="val_pct_helper" signature="" line-rate="1" branch-rate="0" complexity="0">
              <lines>
                <line number="200" hits="32" branch="false"/>
                <line number="201" hits="18" branch="false"/>
                <line number="203" hits="32" branch="false"/>
                <line number="204" hits="32" branch="false"/>
                <line number="206" hits="32" branch="false"/>
                <line number="207" hits="32" branch="false"/>
                <line number="208" hits="32" branch="false"/>
                <line number="209" hits="32" branch="false"/>
                <line number="210" hits="32" branch="false"/>
                <line number="211" hits="32" branch="false"/>
              </lines>
            </method>
            <method name="sep_2d_helper" signature="" line-rate="1" branch-rate="0" complexity="0">
              <lines>
                <line number="215" hits="43" branch="false"/>
                <line number="216" hits="43" branch="false"/>
                <line number="217" hits="43" branch="false"/>
                <line number="218" hits="43" branch="false"/>
                <line number="219" hits="20" branch="false"/>
                <line number="221" hits="43" branch="false"/>
              </lines>
            </method>
            <method name="format_value" signature="" line-rate="0.972789115646258" branch-rate="0" complexity="0">
              <lines>
                <line number="257" hits="6395" branch="false"/>
                <line number="258" hits="1" branch="false"/>
                <line number="261" hits="6394" branch="false"/>
                <line number="262" hits="6394" branch="false"/>
                <line number="263" hits="1" branch="false"/>
                <line number="265" hits="6394" branch="false"/>
                <line number="266" hits="1" branch="false"/>
                <line number="270" hits="6394" branch="false"/>
                <line number="271" hits="22" branch="false"/>
                <line number="272" hits="6394" branch="false"/>
                <line number="273" hits="110" branch="false"/>
                <line number="274" hits="6394" branch="false"/>
                <line number="275" hits="1" branch="false"/>
                <line number="276" hits="6394" branch="false"/>
                <line number="277" hits="6261" branch="false"/>
                <line number="278" hits="6183" branch="false"/>
                <line number="279" hits="6261" branch="false"/>
                <line number="280" hits="69" branch="false"/>
                <line number="281" hits="6261" branch="false"/>
                <line number="282" hits="8" branch="false"/>
                <line number="283" hits="6261" branch="false"/>
                <line number="284" hits="1" branch="false"/>
                <line number="285" hits="1" branch="false"/>
                <line number="286" hits="1" branch="false"/>
                <line number="287" hits="1" branch="false"/>
                <line number="288" hits="6261" branch="false"/>
                <line number="289" hits="6260" branch="false"/>
                <line number="290" hits="2" branch="false"/>
                <line number="291" hits="2" branch="false"/>
                <line number="292" hits="2" branch="false"/>
                <line number="293" hits="2" branch="false"/>
                <line number="294" hits="6394" branch="false"/>
                <line number="295" hits="6258" branch="false"/>
                <line number="296" hits="0" branch="false"/>
                <line number="297" hits="6394" branch="false"/>
                <line number="298" hits="6258" branch="false"/>
                <line number="299" hits="6142" branch="false"/>
                <line number="300" hits="3" branch="false"/>
                <line number="301" hits="6" branch="false"/>
                <line number="302" hits="3" branch="false"/>
                <line number="303" hits="3" branch="false"/>
                <line number="304" hits="3" branch="false"/>
                <line number="305" hits="2" branch="false"/>
                <line number="306" hits="2" branch="false"/>
                <line number="307" hits="2" branch="false"/>
                <line number="308" hits="2" branch="false"/>
                <line number="309" hits="2" branch="false"/>
                <line number="310" hits="2" branch="false"/>
                <line number="311" hits="2" branch="false"/>
                <line number="312" hits="3" branch="false"/>
                <line number="313" hits="3" branch="false"/>
                <line number="314" hits="3" branch="false"/>
                <line number="315" hits="2" branch="false"/>
                <line number="316" hits="2" branch="false"/>
                <line number="317" hits="2" branch="false"/>
                <line number="318" hits="2" branch="false"/>
                <line number="319" hits="2" branch="false"/>
                <line number="320" hits="2" branch="false"/>
                <line number="321" hits="3" branch="false"/>
                <line number="322" hits="2" branch="false"/>
                <line number="323" hits="2" branch="false"/>
                <line number="324" hits="2" branch="false"/>
                <line number="325" hits="2" branch="false"/>
                <line number="326" hits="3" branch="false"/>
                <line number="327" hits="2" branch="false"/>
                <line number="328" hits="2" branch="false"/>
                <line number="329" hits="2" branch="false"/>
                <line number="330" hits="2" branch="false"/>
                <line number="331" hits="2" branch="false"/>
                <line number="332" hits="2" branch="false"/>
                <line number="333" hits="2" branch="false"/>
                <line number="334" hits="2" branch="false"/>
                <line number="335" hits="2" branch="false"/>
                <line number="336" hits="2" branch="false"/>
                <line number="337" hits="2" branch="false"/>
                <line number="338" hits="2" branch="false"/>
                <line number="339" hits="2" branch="false"/>
                <line number="340" hits="2" branch="false"/>
                <line number="341" hits="2" branch="false"/>
                <line number="342" hits="2" branch="false"/>
                <line number="343" hits="2" branch="false"/>
                <line number="344" hits="2" branch="false"/>
                <line number="345" hits="2" branch="false"/>
                <line number="346" hits="2" branch="false"/>
                <line number="347" hits="2" branch="false"/>
                <line number="348" hits="2" branch="false"/>
                <line number="349" hits="2" branch="false"/>
                <line number="350" hits="2" branch="false"/>
                <line number="351" hits="2" branch="false"/>
                <line number="352" hits="2" branch="false"/>
                <line number="353" hits="5" branch="false"/>
                <line number="354" hits="2" branch="false"/>
                <line number="355" hits="2" branch="false"/>
                <line number="356" hits="2" branch="false"/>
                <line number="357" hits="2" branch="false"/>
                <line number="358" hits="2" branch="false"/>
                <line number="359" hits="2" branch="false"/>
                <line number="360" hits="2" branch="false"/>
                <line number="361" hits="2" branch="false"/>
                <line number="362" hits="2" branch="false"/>
                <line number="363" hits="2" branch="false"/>
                <line number="364" hits="2" branch="false"/>
                <line number="365" hits="2" branch="false"/>
                <line number="366" hits="2" branch="false"/>
                <line number="367" hits="2" branch="false"/>
                <line number="368" hits="2" branch="false"/>
                <line number="369" hits="2" branch="false"/>
                <line number="370" hits="2" branch="false"/>
                <line number="371" hits="2" branch="false"/>
                <line number="372" hits="2" branch="false"/>
                <line number="373" hits="2" branch="false"/>
                <line number="374" hits="2" branch="false"/>
                <line number="375" hits="2" branch="false"/>
                <line number="376" hits="2" branch="false"/>
                <line number="377" hits="2" branch="false"/>
                <line number="378" hits="2" branch="false"/>
                <line number="379" hits="2" branch="false"/>
                <line number="380" hits="2" branch="false"/>
                <line number="381" hits="2" branch="false"/>
                <line number="382" hits="2" branch="false"/>
                <line number="383" hits="2" branch="false"/>
                <line number="384" hits="2" branch="false"/>
                <line number="385" hits="2" branch="false"/>
                <line number="386" hits="2" branch="false"/>
                <line number="387" hits="2" branch="false"/>
                <line number="388" hits="2" branch="false"/>
                <line number="389" hits="2" branch="false"/>
                <line number="390" hits="2" branch="false"/>
                <line number="391" hits="2" branch="false"/>
                <line number="392" hits="2" branch="false"/>
                <line number="393" hits="2" branch="false"/>
                <line number="394" hits="2" branch="false"/>
                <line number="395" hits="2" branch="false"/>
                <line number="396" hits="0" branch="false"/>
                <line number="397" hits="6394" branch="false"/>
                <line number="398" hits="6394" branch="false"/>
                <line number="399" hits="6391" branch="false"/>
                <line number="400" hits="6391" branch="false"/>
                <line number="401" hits="6390" branch="false"/>
                <line number="402" hits="1" branch="false"/>
                <line number="406" hits="1" branch="false"/>
                <line number="407" hits="0" branch="false"/>
                <line number="409" hits="1" branch="false"/>
                <line number="410" hits="1" branch="false"/>
                <line number="411" hits="1" branch="false"/>
                <line number="412" hits="1" branch="false"/>
                <line number="415" hits="0" branch="false"/>
              </lines>
            </method>
            <method name="fmt_config" signature="" line-rate="1" branch-rate="0" complexity="0">
              <lines>
                <line number="446" hits="2" branch="false"/>
                <line number="299" hits="2" branch="false"/>
                <line number="316" hits="1" branch="false"/>
                <line number="317" hits="1" branch="false"/>
                <line number="332" hits="2" branch="false"/>
                <line number="348" hits="1" branch="false"/>
                <line number="349" hits="1" branch="false"/>
                <line number="364" hits="2" branch="false"/>
                <line number="380" hits="1" branch="false"/>
                <line number="381" hits="1" branch="false"/>
              </lines>
            </method>
          </methods>
          <lines>
            <line number="43" hits="55" branch="false"/>
            <line number="44" hits="55" branch="false"/>
            <line number="45" hits="55" branch="false"/>
            <line number="46" hits="55" branch="false"/>
            <line number="47" hits="55" branch="false"/>
            <line number="48" hits="55" branch="false"/>
            <line number="49" hits="55" branch="false"/>
            <line number="50" hits="55" branch="false"/>
            <line number="62" hits="8993" branch="false"/>
            <line number="85" hits="52" branch="false"/>
            <line number="87" hits="52" branch="false"/>
            <line number="88" hits="0" branch="false"/>
            <line number="91" hits="52" branch="false"/>
            <line number="105" hits="0" branch="false"/>
            <line number="106" hits="0" branch="false"/>
            <line number="108" hits="0" branch="false"/>
            <line number="109" hits="0" branch="false"/>
            <line number="110" hits="0" branch="false"/>
            <line number="112" hits="0" branch="false"/>
            <line number="133" hits="1" branch="false"/>
            <line number="134" hits="1" branch="false"/>
            <line number="135" hits="1" branch="false"/>
            <line number="186" hits="196" branch="false"/>
            <line number="187" hits="0" branch="false"/>
            <line number="189" hits="196" branch="false"/>
            <line number="190" hits="4" branch="false"/>
            <line number="191" hits="192" branch="false"/>
            <line number="192" hits="44" branch="false"/>
            <line number="194" hits="148" branch="false"/>
            <line number="195" hits="148" branch="false"/>
            <line number="200" hits="32" branch="false"/>
            <line number="201" hits="18" branch="false"/>
            <line number="203" hits="32" branch="false"/>
            <line number="204" hits="32" branch="false"/>
            <line number="206" hits="32" branch="false"/>
            <line number="207" hits="32" branch="false"/>
            <line number="208" hits="32" branch="false"/>
            <line number="209" hits="32" branch="false"/>
            <line number="210" hits="32" branch="false"/>
            <line number="211" hits="32" branch="false"/>
            <line number="215" hits="43" branch="false"/>
            <line number="216" hits="43" branch="false"/>
            <line number="217" hits="43" branch="false"/>
            <line number="218" hits="43" branch="false"/>
            <line number="219" hits="20" branch="false"/>
            <line number="221" hits="43" branch="false"/>
            <line number="257" hits="6395" branch="false"/>
            <line number="258" hits="1" branch="false"/>
            <line number="261" hits="6394" branch="false"/>
            <line number="262" hits="6394" branch="false"/>
            <line number="263" hits="1" branch="false"/>
            <line number="265" hits="6394" branch="false"/>
            <line number="266" hits="1" branch="false"/>
            <line number="270" hits="6394" branch="false"/>
            <line number="271" hits="22" branch="false"/>
            <line number="272" hits="6394" branch="false"/>
            <line number="273" hits="110" branch="false"/>
            <line number="274" hits="6394" branch="false"/>
            <line number="275" hits="1" branch="false"/>
            <line number="276" hits="6394" branch="false"/>
            <line number="277" hits="6261" branch="false"/>
            <line number="278" hits="6183" branch="false"/>
            <line number="279" hits="6261" branch="false"/>
            <line number="280" hits="69" branch="false"/>
            <line number="281" hits="6261" branch="false"/>
            <line number="282" hits="8" branch="false"/>
            <line number="283" hits="6261" branch="false"/>
            <line number="284" hits="1" branch="false"/>
            <line number="285" hits="1" branch="false"/>
            <line number="286" hits="1" branch="false"/>
            <line number="287" hits="1" branch="false"/>
            <line number="288" hits="6261" branch="false"/>
            <line number="289" hits="6260" branch="false"/>
            <line number="290" hits="2" branch="false"/>
            <line number="291" hits="2" branch="false"/>
            <line number="292" hits="2" branch="false"/>
            <line number="293" hits="2" branch="false"/>
            <line number="294" hits="6394" branch="false"/>
            <line number="295" hits="6258" branch="false"/>
            <line number="296" hits="0" branch="false"/>
            <line number="297" hits="6394" branch="false"/>
            <line number="298" hits="6258" branch="false"/>
            <line number="299" hits="6142" branch="false"/>
            <line number="300" hits="3" branch="false"/>
            <line number="301" hits="6" branch="false"/>
            <line number="302" hits="3" branch="false"/>
            <line number="303" hits="3" branch="false"/>
            <line number="304" hits="3" branch="false"/>
            <line number="305" hits="2" branch="false"/>
            <line number="306" hits="2" branch="false"/>
            <line number="307" hits="2" branch="false"/>
            <line number="308" hits="2" branch="false"/>
            <line number="309" hits="2" branch="false"/>
            <line number="310" hits="2" branch="false"/>
            <line number="311" hits="2" branch="false"/>
            <line number="312" hits="3" branch="false"/>
            <line number="313" hits="3" branch="false"/>
            <line number="314" hits="3" branch="false"/>
            <line number="315" hits="2" branch="false"/>
            <line number="316" hits="2" branch="false"/>
            <line number="317" hits="2" branch="false"/>
            <line number="318" hits="2" branch="false"/>
            <line number="319" hits="2" branch="false"/>
            <line number="320" hits="2" branch="false"/>
            <line number="321" hits="3" branch="false"/>
            <line number="322" hits="2" branch="false"/>
            <line number="323" hits="2" branch="false"/>
            <line number="324" hits="2" branch="false"/>
            <line number="325" hits="2" branch="false"/>
            <line number="326" hits="3" branch="false"/>
            <line number="327" hits="2" branch="false"/>
            <line number="328" hits="2" branch="false"/>
            <line number="329" hits="2" branch="false"/>
            <line number="330" hits="2" branch="false"/>
            <line number="331" hits="2" branch="false"/>
            <line number="332" hits="2" branch="false"/>
            <line number="333" hits="2" branch="false"/>
            <line number="334" hits="2" branch="false"/>
            <line number="335" hits="2" branch="false"/>
            <line number="336" hits="2" branch="false"/>
            <line number="337" hits="2" branch="false"/>
            <line number="338" hits="2" branch="false"/>
            <line number="339" hits="2" branch="false"/>
            <line number="340" hits="2" branch="false"/>
            <line number="341" hits="2" branch="false"/>
            <line number="342" hits="2" branch="false"/>
            <line number="343" hits="2" branch="false"/>
            <line number="344" hits="2" branch="false"/>
            <line number="345" hits="2" branch="false"/>
            <line number="346" hits="2" branch="false"/>
            <line number="347" hits="2" branch="false"/>
            <line number="348" hits="2" branch="false"/>
            <line number="349" hits="2" branch="false"/>
            <line number="350" hits="2" branch="false"/>
            <line number="351" hits="2" branch="false"/>
            <line number="352" hits="2" branch="false"/>
            <line number="353" hits="5" branch="false"/>
            <line number="354" hits="2" branch="false"/>
            <line number="355" hits="2" branch="false"/>
            <line number="356" hits="2" branch="false"/>
            <line number="357" hits="2" branch="false"/>
            <line number="358" hits="2" branch="false"/>
            <line number="359" hits="2" branch="false"/>
            <line number="360" hits="2" branch="false"/>
            <line number="361" hits="2" branch="false"/>
            <line number="362" hits="2" branch="false"/>
            <line number="363" hits="2" branch="false"/>
            <line number="364" hits="2" branch="false"/>
            <line number="365" hits="2" branch="false"/>
            <line number="366" hits="2" branch="false"/>
            <line number="367" hits="2" branch="false"/>
            <line number="368" hits="2" branch="false"/>
            <line number="369" hits="2" branch="false"/>
            <line number="370" hits="2" branch="false"/>
            <line number="371" hits="2" branch="false"/>
            <line number="372" hits="2" branch="false"/>
            <line number="373" hits="2" branch="false"/>
            <line number="374" hits="2" branch="false"/>
            <line number="375" hits="2" branch="false"/>
            <line number="376" hits="2" branch="false"/>
            <line number="377" hits="2" branch="false"/>
            <line number="378" hits="2" branch="false"/>
            <line number="379" hits="2" branch="false"/>
            <line number="380" hits="2" branch="false"/>
            <line number="381" hits="2" branch="false"/>
            <line number="382" hits="2" branch="false"/>
            <line number="383" hits="2" branch="false"/>
            <line number="384" hits="2" branch="false"/>
            <line number="385" hits="2" branch="false"/>
            <line number="386" hits="2" branch="false"/>
            <line number="387" hits="2" branch="false"/>
            <line number="388" hits="2" branch="false"/>
            <line number="389" hits="2" branch="false"/>
            <line number="390" hits="2" branch="false"/>
            <line number="391" hits="2" branch="false"/>
            <line number="392" hits="2" branch="false"/>
            <line number="393" hits="2" branch="false"/>
            <line number="394" hits="2" branch="false"/>
            <line number="395" hits="2" branch="false"/>
            <line number="396" hits="0" branch="false"/>
            <line number="397" hits="6394" branch="false"/>
            <line number="398" hits="6394" branch="false"/>
            <line number="399" hits="6391" branch="false"/>
            <line number="400" hits="6391" branch="false"/>
            <line number="401" hits="6390" branch="false"/>
            <line number="402" hits="1" branch="false"/>
            <line number="406" hits="1" branch="false"/>
            <line number="407" hits="0" branch="false"/>
            <line number="409" hits="1" branch="false"/>
            <line number="410" hits="1" branch="false"/>
            <line number="411" hits="1" branch="false"/>
            <line number="412" hits="1" branch="false"/>
            <line number="415" hits="0" branch="false"/>
            <line number="446" hits="2" branch="false"/>
          </lines>
        </class>
        <class name="generics.R" filename="R/generics.R" line-rate="0.933333333333333" branch-rate="0" complexity="0">
          <methods>
            <method name="matrix_form" signature="" line-rate="1" branch-rate="0" complexity="0">
              <lines>
                <line number="112" hits="261" branch="false"/>
              </lines>
            </method>
            <method name="MatrixPrintForm" signature="" line-rate="0.896039603960396" branch-rate="0" complexity="0">
              <lines>
                <line number="122" hits="261" branch="false"/>
                <line number="402" hits="369" branch="false"/>
                <line number="414" hits="12" branch="false"/>
                <line number="415" hits="12" branch="false"/>
                <line number="429" hits="368" branch="false"/>
                <line number="441" hits="11" branch="false"/>
                <line number="442" hits="11" branch="false"/>
                <line number="456" hits="393" branch="false"/>
                <line number="471" hits="2" branch="false"/>
                <line number="472" hits="0" branch="false"/>
                <line number="474" hits="2" branch="false"/>
                <line number="475" hits="2" branch="false"/>
                <line number="489" hits="355" branch="false"/>
                <line number="502" hits="207" branch="false"/>
                <line number="503" hits="0" branch="false"/>
                <line number="505" hits="207" branch="false"/>
                <line number="506" hits="207" branch="false"/>
                <line number="520" hits="420" branch="false"/>
                <line number="532" hits="257" branch="false"/>
                <line number="533" hits="0" branch="false"/>
                <line number="535" hits="257" branch="false"/>
                <line number="536" hits="257" branch="false"/>
                <line number="573" hits="342" branch="false"/>
                <line number="585" hits="4" branch="false"/>
                <line number="586" hits="4" branch="false"/>
                <line number="587" hits="1" branch="false"/>
                <line number="589" hits="3" branch="false"/>
                <line number="590" hits="3" branch="false"/>
                <line number="649" hits="120" branch="false"/>
                <line number="659" hits="0" branch="false"/>
                <line number="660" hits="0" branch="false"/>
                <line number="672" hits="97" branch="false"/>
                <line number="682" hits="1" branch="false"/>
                <line number="683" hits="1" branch="false"/>
                <line number="278" hits="39" branch="false"/>
                <line number="280" hits="39" branch="false"/>
                <line number="281" hits="39" branch="false"/>
                <line number="282" hits="39" branch="false"/>
                <line number="283" hits="39" branch="false"/>
                <line number="284" hits="39" branch="false"/>
                <line number="285" hits="39" branch="false"/>
                <line number="286" hits="39" branch="false"/>
                <line number="287" hits="39" branch="false"/>
                <line number="288" hits="39" branch="false"/>
                <line number="289" hits="39" branch="false"/>
                <line number="290" hits="39" branch="false"/>
                <line number="291" hits="39" branch="false"/>
                <line number="292" hits="39" branch="false"/>
                <line number="293" hits="39" branch="false"/>
                <line number="294" hits="39" branch="false"/>
                <line number="295" hits="39" branch="false"/>
                <line number="296" hits="39" branch="false"/>
                <line number="297" hits="39" branch="false"/>
                <line number="298" hits="39" branch="false"/>
                <line number="299" hits="39" branch="false"/>
                <line number="300" hits="39" branch="false"/>
                <line number="301" hits="39" branch="false"/>
                <line number="302" hits="39" branch="false"/>
                <line number="303" hits="39" branch="false"/>
                <line number="304" hits="39" branch="false"/>
                <line number="305" hits="39" branch="false"/>
                <line number="306" hits="39" branch="false"/>
                <line number="307" hits="39" branch="false"/>
                <line number="310" hits="39" branch="false"/>
                <line number="311" hits="39" branch="false"/>
                <line number="315" hits="39" branch="false"/>
                <line number="316" hits="39" branch="false"/>
                <line number="318" hits="39" branch="false"/>
                <line number="319" hits="39" branch="false"/>
                <line number="320" hits="39" branch="false"/>
                <line number="767" hits="15" branch="false"/>
                <line number="374" hits="126" branch="false"/>
                <line number="376" hits="126" branch="false"/>
                <line number="379" hits="126" branch="false"/>
                <line number="380" hits="0" branch="false"/>
                <line number="381" hits="0" branch="false"/>
                <line number="382" hits="0" branch="false"/>
                <line number="383" hits="0" branch="false"/>
                <line number="384" hits="0" branch="false"/>
                <line number="386" hits="126" branch="false"/>
                <line number="387" hits="0" branch="false"/>
                <line number="388" hits="0" branch="false"/>
                <line number="389" hits="0" branch="false"/>
                <line number="390" hits="0" branch="false"/>
                <line number="394" hits="126" branch="false"/>
                <line number="395" hits="126" branch="false"/>
                <line number="396" hits="126" branch="false"/>
                <line number="397" hits="0" branch="false"/>
                <line number="398" hits="0" branch="false"/>
                <line number="399" hits="0" branch="false"/>
                <line number="400" hits="0" branch="false"/>
                <line number="401" hits="0" branch="false"/>
                <line number="402" hits="0" branch="false"/>
                <line number="405" hits="126" branch="false"/>
                <line number="409" hits="126" branch="false"/>
                <line number="410" hits="22" branch="false"/>
                <line number="413" hits="20" branch="false"/>
                <line number="414" hits="9" branch="false"/>
                <line number="415" hits="9" branch="false"/>
                <line number="416" hits="9" branch="false"/>
                <line number="417" hits="2" branch="false"/>
                <line number="418" hits="2" branch="false"/>
                <line number="419" hits="2" branch="false"/>
                <line number="420" hits="2" branch="false"/>
                <line number="421" hits="2" branch="false"/>
                <line number="422" hits="2" branch="false"/>
                <line number="423" hits="2" branch="false"/>
                <line number="424" hits="2" branch="false"/>
                <line number="430" hits="122" branch="false"/>
                <line number="432" hits="104" branch="false"/>
                <line number="434" hits="18" branch="false"/>
                <line number="438" hits="122" branch="false"/>
                <line number="441" hits="122" branch="false"/>
                <line number="442" hits="122" branch="false"/>
                <line number="443" hits="122" branch="false"/>
                <line number="444" hits="122" branch="false"/>
                <line number="445" hits="122" branch="false"/>
                <line number="446" hits="122" branch="false"/>
                <line number="447" hits="122" branch="false"/>
                <line number="450" hits="122" branch="false"/>
                <line number="452" hits="120" branch="false"/>
                <line number="453" hits="120" branch="false"/>
                <line number="454" hits="120" branch="false"/>
                <line number="456" hits="120" branch="false"/>
                <line number="457" hits="120" branch="false"/>
                <line number="458" hits="120" branch="false"/>
                <line number="460" hits="120" branch="false"/>
                <line number="463" hits="120" branch="false"/>
                <line number="464" hits="18" branch="false"/>
                <line number="468" hits="120" branch="false"/>
                <line number="469" hits="120" branch="false"/>
                <line number="472" hits="120" branch="false"/>
                <line number="473" hits="120" branch="false"/>
                <line number="474" hits="97" branch="false"/>
                <line number="476" hits="120" branch="false"/>
                <line number="477" hits="120" branch="false"/>
                <line number="478" hits="120" branch="false"/>
                <line number="479" hits="0" branch="false"/>
                <line number="481" hits="120" branch="false"/>
                <line number="485" hits="120" branch="false"/>
                <line number="488" hits="120" branch="false"/>
                <line number="489" hits="120" branch="false"/>
                <line number="490" hits="2" branch="false"/>
                <line number="493" hits="2" branch="false"/>
                <line number="494" hits="2" branch="false"/>
                <line number="495" hits="2" branch="false"/>
                <line number="498" hits="2" branch="false"/>
                <line number="499" hits="2" branch="false"/>
                <line number="500" hits="2" branch="false"/>
                <line number="501" hits="2" branch="false"/>
                <line number="502" hits="2" branch="false"/>
                <line number="503" hits="2" branch="false"/>
                <line number="504" hits="2" branch="false"/>
                <line number="505" hits="2" branch="false"/>
                <line number="506" hits="6" branch="false"/>
                <line number="507" hits="6" branch="false"/>
                <line number="508" hits="6" branch="false"/>
                <line number="509" hits="6" branch="false"/>
                <line number="510" hits="6" branch="false"/>
                <line number="511" hits="6" branch="false"/>
                <line number="512" hits="6" branch="false"/>
                <line number="513" hits="6" branch="false"/>
                <line number="514" hits="6" branch="false"/>
                <line number="519" hits="6" branch="false"/>
                <line number="520" hits="4" branch="false"/>
                <line number="521" hits="4" branch="false"/>
                <line number="522" hits="4" branch="false"/>
                <line number="523" hits="4" branch="false"/>
                <line number="524" hits="6" branch="false"/>
                <line number="525" hits="6" branch="false"/>
                <line number="526" hits="6" branch="false"/>
                <line number="530" hits="118" branch="false"/>
                <line number="534" hits="120" branch="false"/>
                <line number="536" hits="120" branch="false"/>
                <line number="538" hits="120" branch="false"/>
                <line number="539" hits="2" branch="false"/>
                <line number="542" hits="120" branch="false"/>
                <line number="543" hits="120" branch="false"/>
                <line number="544" hits="120" branch="false"/>
                <line number="545" hits="120" branch="false"/>
                <line number="546" hits="120" branch="false"/>
                <line number="547" hits="120" branch="false"/>
                <line number="550" hits="120" branch="false"/>
                <line number="551" hits="40" branch="false"/>
                <line number="552" hits="40" branch="false"/>
                <line number="554" hits="120" branch="false"/>
                <line number="557" hits="120" branch="false"/>
                <line number="558" hits="40" branch="false"/>
                <line number="559" hits="40" branch="false"/>
                <line number="560" hits="40" branch="false"/>
                <line number="562" hits="40" branch="false"/>
                <line number="566" hits="120" branch="false"/>
                <line number="567" hits="120" branch="false"/>
                <line number="568" hits="120" branch="false"/>
                <line number="569" hits="120" branch="false"/>
                <line number="570" hits="120" branch="false"/>
                <line number="571" hits="120" branch="false"/>
                <line number="572" hits="120" branch="false"/>
                <line number="573" hits="120" branch="false"/>
                <line number="574" hits="120" branch="false"/>
                <line number="575" hits="120" branch="false"/>
                <line number="576" hits="120" branch="false"/>
              </lines>
            </method>
            <method name="divider_height" signature="" line-rate="1" branch-rate="0" complexity="0">
              <lines>
                <line number="145" hits="31" branch="false"/>
              </lines>
            </method>
            <method name="ANY" signature="" line-rate="0.941176470588235" branch-rate="0" complexity="0">
              <lines>
                <line number="151" hits="31" branch="false"/>
                <line number="274" hits="3" branch="false"/>
                <line number="281" hits="2" branch="false"/>
                <line number="282" hits="2" branch="false"/>
                <line number="295" hits="203" branch="false"/>
                <line number="309" hits="2" branch="false"/>
                <line number="310" hits="2" branch="false"/>
                <line number="328" hits="1" branch="false"/>
                <line number="341" hits="1" branch="false"/>
                <line number="342" hits="1" branch="false"/>
                <line number="360" hits="1" branch="false"/>
                <line number="373" hits="1" branch="false"/>
                <line number="374" hits="1" branch="false"/>
                <line number="460" hits="0" branch="false"/>
                <line number="613" hits="65" branch="false"/>
                <line number="639" hits="36" branch="false"/>
                <line number="1018" hits="29" branch="false"/>
              </lines>
            </method>
            <method name="nlines" signature="" line-rate="1" branch-rate="0" complexity="0">
              <lines>
                <line number="168" hits="32612" branch="false"/>
              </lines>
            </method>
            <method name="list" signature="" line-rate="1" branch-rate="0" complexity="0">
              <lines>
                <line number="177" hits="2" branch="false"/>
                <line number="178" hits="1" branch="false"/>
                <line number="180" hits="1" branch="false"/>
              </lines>
            </method>
            <method name="character" signature="" line-rate="1" branch-rate="0" complexity="0">
              <lines>
                <line number="192" hits="32609" branch="false"/>
                <line number="193" hits="1" branch="false"/>
                <line number="196" hits="32608" branch="false"/>
                <line number="197" hits="32608" branch="false"/>
                <line number="198" hits="32608" branch="false"/>
                <line number="199" hits="291" branch="false"/>
                <line number="200" hits="32336" branch="false"/>
                <line number="201" hits="32273" branch="false"/>
                <line number="202" hits="32608" branch="false"/>
                <line number="203" hits="63" branch="false"/>
                <line number="204" hits="32608" branch="false"/>
                <line number="205" hits="32608" branch="false"/>
                <line number="206" hits="32608" branch="false"/>
                <line number="207" hits="32608" branch="false"/>
              </lines>
            </method>
            <method name="obj_label" signature="" line-rate="1" branch-rate="0" complexity="0">
              <lines>
                <line number="265" hits="3" branch="false"/>
              </lines>
            </method>
            <method name="obj_label&lt;-" signature="" line-rate="1" branch-rate="0" complexity="0">
              <lines>
                <line number="270" hits="2" branch="false"/>
              </lines>
            </method>
            <method name="obj_format" signature="" line-rate="1" branch-rate="0" complexity="0">
              <lines>
                <line number="290" hits="205" branch="false"/>
              </lines>
            </method>
            <method name="fmt_config" signature="" line-rate="1" branch-rate="0" complexity="0">
              <lines>
                <line number="446" hits="2" branch="false"/>
                <line number="299" hits="2" branch="false"/>
                <line number="316" hits="1" branch="false"/>
                <line number="317" hits="1" branch="false"/>
                <line number="332" hits="2" branch="false"/>
                <line number="348" hits="1" branch="false"/>
                <line number="349" hits="1" branch="false"/>
                <line number="364" hits="2" branch="false"/>
                <line number="380" hits="1" branch="false"/>
                <line number="381" hits="1" branch="false"/>
              </lines>
            </method>
            <method name="obj_format&lt;-" signature="" line-rate="1" branch-rate="0" complexity="0">
              <lines>
                <line number="303" hits="3" branch="false"/>
              </lines>
            </method>
            <method name="obj_na_str" signature="" line-rate="1" branch-rate="0" complexity="0">
              <lines>
                <line number="324" hits="3" branch="false"/>
              </lines>
            </method>
            <method name="obj_na_str&lt;-" signature="" line-rate="1" branch-rate="0" complexity="0">
              <lines>
                <line number="336" hits="2" branch="false"/>
              </lines>
            </method>
            <method name="obj_align" signature="" line-rate="1" branch-rate="0" complexity="0">
              <lines>
                <line number="356" hits="3" branch="false"/>
              </lines>
            </method>
            <method name="obj_align&lt;-" signature="" line-rate="1" branch-rate="0" complexity="0">
              <lines>
                <line number="368" hits="2" branch="false"/>
              </lines>
            </method>
            <method name="main_title" signature="" line-rate="1" branch-rate="0" complexity="0">
              <lines>
                <line number="396" hits="369" branch="false"/>
              </lines>
            </method>
            <method name="main_title&lt;-" signature="" line-rate="1" branch-rate="0" complexity="0">
              <lines>
                <line number="407" hits="12" branch="false"/>
              </lines>
            </method>
            <method name="page_titles" signature="" line-rate="1" branch-rate="0" complexity="0">
              <lines>
                <line number="450" hits="393" branch="false"/>
              </lines>
            </method>
            <method name="page_titles&lt;-" signature="" line-rate="1" branch-rate="0" complexity="0">
              <lines>
                <line number="464" hits="2" branch="false"/>
              </lines>
            </method>
            <method name="main_footer" signature="" line-rate="1" branch-rate="0" complexity="0">
              <lines>
                <line number="483" hits="355" branch="false"/>
              </lines>
            </method>
            <method name="main_footer&lt;-" signature="" line-rate="1" branch-rate="0" complexity="0">
              <lines>
                <line number="495" hits="207" branch="false"/>
              </lines>
            </method>
            <method name="prov_footer" signature="" line-rate="1" branch-rate="0" complexity="0">
              <lines>
                <line number="514" hits="420" branch="false"/>
              </lines>
            </method>
            <method name="prov_footer&lt;-" signature="" line-rate="1" branch-rate="0" complexity="0">
              <lines>
                <line number="525" hits="257" branch="false"/>
              </lines>
            </method>
            <method name="all_footers" signature="" line-rate="1" branch-rate="0" complexity="0">
              <lines>
                <line number="542" hits="1" branch="false"/>
              </lines>
            </method>
            <method name="all_titles" signature="" line-rate="1" branch-rate="0" complexity="0">
              <lines>
                <line number="546" hits="363" branch="false"/>
              </lines>
            </method>
            <method name="table_inset" signature="" line-rate="1" branch-rate="0" complexity="0">
              <lines>
                <line number="567" hits="342" branch="false"/>
              </lines>
            </method>
            <method name="table_inset&lt;-" signature="" line-rate="1" branch-rate="0" complexity="0">
              <lines>
                <line number="578" hits="4" branch="false"/>
              </lines>
            </method>
            <method name="do_forced_paginate" signature="" line-rate="1" branch-rate="0" complexity="0">
              <lines>
                <line number="609" hits="68" branch="false"/>
              </lines>
            </method>
            <method name="num_rep_cols" signature="" line-rate="1" branch-rate="0" complexity="0">
              <lines>
                <line number="635" hits="36" branch="false"/>
              </lines>
            </method>
            <method name="header_section_div" signature="" line-rate="1" branch-rate="0" complexity="0">
              <lines>
                <line number="644" hits="120" branch="false"/>
              </lines>
            </method>
            <method name="header_section_div&lt;-" signature="" line-rate="0" branch-rate="0" complexity="0">
              <lines>
                <line number="653" hits="0" branch="false"/>
              </lines>
            </method>
            <method name="horizontal_sep" signature="" line-rate="1" branch-rate="0" complexity="0">
              <lines>
                <line number="667" hits="97" branch="false"/>
              </lines>
            </method>
            <method name="horizontal_sep&lt;-" signature="" line-rate="1" branch-rate="0" complexity="0">
              <lines>
                <line number="676" hits="1" branch="false"/>
              </lines>
            </method>
          </methods>
          <lines>
            <line number="112" hits="261" branch="false"/>
            <line number="122" hits="261" branch="false"/>
            <line number="145" hits="31" branch="false"/>
            <line number="151" hits="31" branch="false"/>
            <line number="168" hits="32612" branch="false"/>
            <line number="177" hits="2" branch="false"/>
            <line number="178" hits="1" branch="false"/>
            <line number="180" hits="1" branch="false"/>
            <line number="192" hits="32609" branch="false"/>
            <line number="193" hits="1" branch="false"/>
            <line number="196" hits="32608" branch="false"/>
            <line number="197" hits="32608" branch="false"/>
            <line number="198" hits="32608" branch="false"/>
            <line number="199" hits="291" branch="false"/>
            <line number="200" hits="32336" branch="false"/>
            <line number="201" hits="32273" branch="false"/>
            <line number="202" hits="32608" branch="false"/>
            <line number="203" hits="63" branch="false"/>
            <line number="204" hits="32608" branch="false"/>
            <line number="205" hits="32608" branch="false"/>
            <line number="206" hits="32608" branch="false"/>
            <line number="207" hits="32608" branch="false"/>
            <line number="265" hits="3" branch="false"/>
            <line number="270" hits="2" branch="false"/>
            <line number="274" hits="3" branch="false"/>
            <line number="281" hits="2" branch="false"/>
            <line number="282" hits="2" branch="false"/>
            <line number="290" hits="205" branch="false"/>
            <line number="295" hits="203" branch="false"/>
            <line number="299" hits="2" branch="false"/>
            <line number="303" hits="3" branch="false"/>
            <line number="309" hits="2" branch="false"/>
            <line number="310" hits="2" branch="false"/>
            <line number="316" hits="1" branch="false"/>
            <line number="317" hits="1" branch="false"/>
            <line number="324" hits="3" branch="false"/>
            <line number="328" hits="1" branch="false"/>
            <line number="332" hits="2" branch="false"/>
            <line number="336" hits="2" branch="false"/>
            <line number="341" hits="1" branch="false"/>
            <line number="342" hits="1" branch="false"/>
            <line number="348" hits="1" branch="false"/>
            <line number="349" hits="1" branch="false"/>
            <line number="356" hits="3" branch="false"/>
            <line number="360" hits="1" branch="false"/>
            <line number="364" hits="2" branch="false"/>
            <line number="368" hits="2" branch="false"/>
            <line number="373" hits="1" branch="false"/>
            <line number="374" hits="1" branch="false"/>
            <line number="380" hits="1" branch="false"/>
            <line number="381" hits="1" branch="false"/>
            <line number="396" hits="369" branch="false"/>
            <line number="402" hits="369" branch="false"/>
            <line number="407" hits="12" branch="false"/>
            <line number="414" hits="12" branch="false"/>
            <line number="415" hits="12" branch="false"/>
            <line number="429" hits="368" branch="false"/>
            <line number="441" hits="11" branch="false"/>
            <line number="442" hits="11" branch="false"/>
            <line number="450" hits="393" branch="false"/>
            <line number="456" hits="393" branch="false"/>
            <line number="460" hits="0" branch="false"/>
            <line number="464" hits="2" branch="false"/>
            <line number="471" hits="2" branch="false"/>
            <line number="472" hits="0" branch="false"/>
            <line number="474" hits="2" branch="false"/>
            <line number="475" hits="2" branch="false"/>
            <line number="483" hits="355" branch="false"/>
            <line number="489" hits="355" branch="false"/>
            <line number="495" hits="207" branch="false"/>
            <line number="502" hits="207" branch="false"/>
            <line number="503" hits="0" branch="false"/>
            <line number="505" hits="207" branch="false"/>
            <line number="506" hits="207" branch="false"/>
            <line number="514" hits="420" branch="false"/>
            <line number="520" hits="420" branch="false"/>
            <line number="525" hits="257" branch="false"/>
            <line number="532" hits="257" branch="false"/>
            <line number="533" hits="0" branch="false"/>
            <line number="535" hits="257" branch="false"/>
            <line number="536" hits="257" branch="false"/>
            <line number="542" hits="1" branch="false"/>
            <line number="546" hits="363" branch="false"/>
            <line number="567" hits="342" branch="false"/>
            <line number="573" hits="342" branch="false"/>
            <line number="578" hits="4" branch="false"/>
            <line number="585" hits="4" branch="false"/>
            <line number="586" hits="4" branch="false"/>
            <line number="587" hits="1" branch="false"/>
            <line number="589" hits="3" branch="false"/>
            <line number="590" hits="3" branch="false"/>
            <line number="609" hits="68" branch="false"/>
            <line number="613" hits="65" branch="false"/>
            <line number="635" hits="36" branch="false"/>
            <line number="639" hits="36" branch="false"/>
            <line number="644" hits="120" branch="false"/>
            <line number="649" hits="120" branch="false"/>
            <line number="653" hits="0" branch="false"/>
            <line number="659" hits="0" branch="false"/>
            <line number="660" hits="0" branch="false"/>
            <line number="667" hits="97" branch="false"/>
            <line number="672" hits="97" branch="false"/>
            <line number="676" hits="1" branch="false"/>
            <line number="682" hits="1" branch="false"/>
            <line number="683" hits="1" branch="false"/>
          </lines>
        </class>
        <class name="labels.R" filename="R/labels.R" line-rate="0.872727272727273" branch-rate="0" complexity="0">
          <methods>
            <method name="with_label" signature="" line-rate="1" branch-rate="0" complexity="0">
              <lines>
                <line number="15" hits="1" branch="false"/>
                <line number="16" hits="1" branch="false"/>
              </lines>
            </method>
            <method name="var_labels" signature="" line-rate="0.863636363636364" branch-rate="0" complexity="0">
              <lines>
                <line number="41" hits="5" branch="false"/>
                <line number="42" hits="5" branch="false"/>
                <line number="43" hits="1" branch="false"/>
                <line number="46" hits="4" branch="false"/>
                <line number="47" hits="4" branch="false"/>
                <line number="49" hits="4" branch="false"/>
                <line number="50" hits="4" branch="false"/>
                <line number="51" hits="0" branch="false"/>
                <line number="52" hits="4" branch="false"/>
                <line number="53" hits="4" branch="false"/>
                <line number="54" hits="4" branch="false"/>
                <line number="55" hits="4" branch="false"/>
                <line number="56" hits="4" branch="false"/>
                <line number="57" hits="0" branch="false"/>
                <line number="58" hits="4" branch="false"/>
                <line number="59" hits="4" branch="false"/>
                <line number="60" hits="4" branch="false"/>
                <line number="61" hits="4" branch="false"/>
                <line number="63" hits="4" branch="false"/>
                <line number="65" hits="4" branch="false"/>
                <line number="66" hits="0" branch="false"/>
                <line number="69" hits="4" branch="false"/>
              </lines>
            </method>
            <method name="var_labels&lt;-" signature="" line-rate="0.923076923076923" branch-rate="0" complexity="0">
              <lines>
                <line number="95" hits="3" branch="false"/>
                <line number="96" hits="3" branch="false"/>
                <line number="97" hits="3" branch="false"/>
                <line number="98" hits="3" branch="false"/>
                <line number="99" hits="3" branch="false"/>
                <line number="101" hits="3" branch="false"/>
                <line number="103" hits="3" branch="false"/>
                <line number="104" hits="21" branch="false"/>
                <line number="105" hits="21" branch="false"/>
                <line number="106" hits="21" branch="false"/>
                <line number="107" hits="0" branch="false"/>
                <line number="108" hits="21" branch="false"/>
                <line number="111" hits="3" branch="false"/>
              </lines>
            </method>
            <method name="var_relabel" signature="" line-rate="0.785714285714286" branch-rate="0" complexity="0">
              <lines>
                <line number="131" hits="1" branch="false"/>
                <line number="132" hits="1" branch="false"/>
                <line number="133" hits="0" branch="false"/>
                <line number="135" hits="1" branch="false"/>
                <line number="136" hits="1" branch="false"/>
                <line number="137" hits="1" branch="false"/>
                <line number="139" hits="1" branch="false"/>
                <line number="141" hits="1" branch="false"/>
                <line number="142" hits="0" branch="false"/>
                <line number="145" hits="1" branch="false"/>
                <line number="146" hits="0" branch="false"/>
                <line number="149" hits="1" branch="false"/>
                <line number="150" hits="1" branch="false"/>
                <line number="153" hits="1" branch="false"/>
              </lines>
            </method>
            <method name="var_labels_remove" signature="" line-rate="1" branch-rate="0" complexity="0">
              <lines>
                <line number="169" hits="1" branch="false"/>
                <line number="171" hits="1" branch="false"/>
                <line number="172" hits="11" branch="false"/>
                <line number="175" hits="1" branch="false"/>
              </lines>
            </method>
          </methods>
          <lines>
            <line number="15" hits="1" branch="false"/>
            <line number="16" hits="1" branch="false"/>
            <line number="41" hits="5" branch="false"/>
            <line number="42" hits="5" branch="false"/>
            <line number="43" hits="1" branch="false"/>
            <line number="46" hits="4" branch="false"/>
            <line number="47" hits="4" branch="false"/>
            <line number="49" hits="4" branch="false"/>
            <line number="50" hits="4" branch="false"/>
            <line number="51" hits="0" branch="false"/>
            <line number="52" hits="4" branch="false"/>
            <line number="53" hits="4" branch="false"/>
            <line number="54" hits="4" branch="false"/>
            <line number="55" hits="4" branch="false"/>
            <line number="56" hits="4" branch="false"/>
            <line number="57" hits="0" branch="false"/>
            <line number="58" hits="4" branch="false"/>
            <line number="59" hits="4" branch="false"/>
            <line number="60" hits="4" branch="false"/>
            <line number="61" hits="4" branch="false"/>
            <line number="63" hits="4" branch="false"/>
            <line number="65" hits="4" branch="false"/>
            <line number="66" hits="0" branch="false"/>
            <line number="69" hits="4" branch="false"/>
            <line number="95" hits="3" branch="false"/>
            <line number="96" hits="3" branch="false"/>
            <line number="97" hits="3" branch="false"/>
            <line number="98" hits="3" branch="false"/>
            <line number="99" hits="3" branch="false"/>
            <line number="101" hits="3" branch="false"/>
            <line number="103" hits="3" branch="false"/>
            <line number="104" hits="21" branch="false"/>
            <line number="105" hits="21" branch="false"/>
            <line number="106" hits="21" branch="false"/>
            <line number="107" hits="0" branch="false"/>
            <line number="108" hits="21" branch="false"/>
            <line number="111" hits="3" branch="false"/>
            <line number="131" hits="1" branch="false"/>
            <line number="132" hits="1" branch="false"/>
            <line number="133" hits="0" branch="false"/>
            <line number="135" hits="1" branch="false"/>
            <line number="136" hits="1" branch="false"/>
            <line number="137" hits="1" branch="false"/>
            <line number="139" hits="1" branch="false"/>
            <line number="141" hits="1" branch="false"/>
            <line number="142" hits="0" branch="false"/>
            <line number="145" hits="1" branch="false"/>
            <line number="146" hits="0" branch="false"/>
            <line number="149" hits="1" branch="false"/>
            <line number="150" hits="1" branch="false"/>
            <line number="153" hits="1" branch="false"/>
            <line number="169" hits="1" branch="false"/>
            <line number="171" hits="1" branch="false"/>
            <line number="172" hits="11" branch="false"/>
            <line number="175" hits="1" branch="false"/>
          </lines>
        </class>
        <class name="matrix_form.R" filename="R/matrix_form.R" line-rate="0.909420289855073" branch-rate="0" complexity="0">
          <methods>
            <method name="mform_handle_newlines" signature="" line-rate="0.985294117647059" branch-rate="0" complexity="0">
              <lines>
                <line number="14" hits="197" branch="false"/>
                <line number="15" hits="197" branch="false"/>
                <line number="16" hits="197" branch="false"/>
                <line number="17" hits="197" branch="false"/>
                <line number="18" hits="197" branch="false"/>
                <line number="19" hits="197" branch="false"/>
                <line number="20" hits="197" branch="false"/>
                <line number="21" hits="197" branch="false"/>
                <line number="24" hits="197" branch="false"/>
                <line number="25" hits="197" branch="false"/>
                <line number="26" hits="3" branch="false"/>
                <line number="27" hits="3" branch="false"/>
                <line number="28" hits="3" branch="false"/>
                <line number="29" hits="3" branch="false"/>
                <line number="30" hits="3" branch="false"/>
                <line number="31" hits="3" branch="false"/>
                <line number="35" hits="197" branch="false"/>
                <line number="36" hits="197" branch="false"/>
                <line number="37" hits="197" branch="false"/>
                <line number="38" hits="197" branch="false"/>
                <line number="39" hits="197" branch="false"/>
                <line number="40" hits="197" branch="false"/>
                <line number="43" hits="197" branch="false"/>
                <line number="46" hits="197" branch="false"/>
                <line number="47" hits="1" branch="false"/>
                <line number="51" hits="197" branch="false"/>
                <line number="55" hits="25" branch="false"/>
                <line number="56" hits="25" branch="false"/>
                <line number="57" hits="25" branch="false"/>
                <line number="58" hits="25" branch="false"/>
                <line number="59" hits="25" branch="false"/>
                <line number="60" hits="25" branch="false"/>
                <line number="61" hits="25" branch="false"/>
                <line number="62" hits="25" branch="false"/>
                <line number="63" hits="25" branch="false"/>
                <line number="64" hits="25" branch="false"/>
                <line number="65" hits="25" branch="false"/>
                <line number="66" hits="25" branch="false"/>
                <line number="67" hits="25" branch="false"/>
                <line number="69" hits="25" branch="false"/>
                <line number="70" hits="25" branch="false"/>
                <line number="71" hits="25" branch="false"/>
                <line number="72" hits="25" branch="false"/>
                <line number="73" hits="25" branch="false"/>
                <line number="74" hits="25" branch="false"/>
                <line number="75" hits="25" branch="false"/>
                <line number="76" hits="25" branch="false"/>
                <line number="78" hits="25" branch="false"/>
                <line number="79" hits="3" branch="false"/>
                <line number="80" hits="2" branch="false"/>
                <line number="81" hits="3" branch="false"/>
                <line number="82" hits="1" branch="false"/>
                <line number="83" hits="3" branch="false"/>
                <line number="84" hits="3" branch="false"/>
                <line number="87" hits="25" branch="false"/>
                <line number="88" hits="25" branch="false"/>
                <line number="89" hits="25" branch="false"/>
                <line number="90" hits="25" branch="false"/>
                <line number="92" hits="25" branch="false"/>
                <line number="96" hits="197" branch="false"/>
                <line number="97" hits="2" branch="false"/>
                <line number="98" hits="2" branch="false"/>
                <line number="99" hits="2" branch="false"/>
                <line number="100" hits="2" branch="false"/>
                <line number="102" hits="0" branch="false"/>
                <line number="107" hits="197" branch="false"/>
                <line number="108" hits="197" branch="false"/>
                <line number="112" hits="197" branch="false"/>
              </lines>
            </method>
            <method name=".quick_handle_nl" signature="" line-rate="1" branch-rate="0" complexity="0">
              <lines>
                <line number="116" hits="398" branch="false"/>
                <line number="117" hits="4" branch="false"/>
                <line number="119" hits="394" branch="false"/>
              </lines>
            </method>
            <method name=".compress_mat" signature="" line-rate="1" branch-rate="0" complexity="0">
              <lines>
                <line number="125" hits="788" branch="false"/>
                <line number="126" hits="788" branch="false"/>
                <line number="127" hits="788" branch="false"/>
                <line number="128" hits="788" branch="false"/>
                <line number="129" hits="788" branch="false"/>
                <line number="130" hits="788" branch="false"/>
                <line number="131" hits="788" branch="false"/>
                <line number="132" hits="788" branch="false"/>
                <line number="133" hits="788" branch="false"/>
                <line number="134" hits="788" branch="false"/>
                <line number="135" hits="788" branch="false"/>
                <line number="136" hits="788" branch="false"/>
                <line number="137" hits="788" branch="false"/>
                <line number="138" hits="788" branch="false"/>
                <line number="139" hits="788" branch="false"/>
                <line number="140" hits="788" branch="false"/>
                <line number="141" hits="788" branch="false"/>
                <line number="142" hits="788" branch="false"/>
              </lines>
            </method>
            <method name="disp_from_spans" signature="" line-rate="1" branch-rate="0" complexity="0">
              <lines>
                <line number="146" hits="331" branch="false"/>
                <line number="148" hits="331" branch="false"/>
                <line number="149" hits="331" branch="false"/>
                <line number="150" hits="1" branch="false"/>
                <line number="151" hits="1" branch="false"/>
                <line number="152" hits="1" branch="false"/>
                <line number="153" hits="1" branch="false"/>
                <line number="154" hits="1" branch="false"/>
                <line number="158" hits="1" branch="false"/>
                <line number="160" hits="1" branch="false"/>
                <line number="161" hits="1" branch="false"/>
                <line number="162" hits="1" branch="false"/>
                <line number="163" hits="1" branch="false"/>
                <line number="164" hits="1" branch="false"/>
                <line number="165" hits="1" branch="false"/>
                <line number="167" hits="331" branch="false"/>
              </lines>
            </method>
            <method name="MatrixPrintForm" signature="" line-rate="0.896039603960396" branch-rate="0" complexity="0">
              <lines>
                <line number="122" hits="261" branch="false"/>
                <line number="402" hits="369" branch="false"/>
                <line number="414" hits="12" branch="false"/>
                <line number="415" hits="12" branch="false"/>
                <line number="429" hits="368" branch="false"/>
                <line number="441" hits="11" branch="false"/>
                <line number="442" hits="11" branch="false"/>
                <line number="456" hits="393" branch="false"/>
                <line number="471" hits="2" branch="false"/>
                <line number="472" hits="0" branch="false"/>
                <line number="474" hits="2" branch="false"/>
                <line number="475" hits="2" branch="false"/>
                <line number="489" hits="355" branch="false"/>
                <line number="502" hits="207" branch="false"/>
                <line number="503" hits="0" branch="false"/>
                <line number="505" hits="207" branch="false"/>
                <line number="506" hits="207" branch="false"/>
                <line number="520" hits="420" branch="false"/>
                <line number="532" hits="257" branch="false"/>
                <line number="533" hits="0" branch="false"/>
                <line number="535" hits="257" branch="false"/>
                <line number="536" hits="257" branch="false"/>
                <line number="573" hits="342" branch="false"/>
                <line number="585" hits="4" branch="false"/>
                <line number="586" hits="4" branch="false"/>
                <line number="587" hits="1" branch="false"/>
                <line number="589" hits="3" branch="false"/>
                <line number="590" hits="3" branch="false"/>
                <line number="649" hits="120" branch="false"/>
                <line number="659" hits="0" branch="false"/>
                <line number="660" hits="0" branch="false"/>
                <line number="672" hits="97" branch="false"/>
                <line number="682" hits="1" branch="false"/>
                <line number="683" hits="1" branch="false"/>
                <line number="278" hits="39" branch="false"/>
                <line number="280" hits="39" branch="false"/>
                <line number="281" hits="39" branch="false"/>
                <line number="282" hits="39" branch="false"/>
                <line number="283" hits="39" branch="false"/>
                <line number="284" hits="39" branch="false"/>
                <line number="285" hits="39" branch="false"/>
                <line number="286" hits="39" branch="false"/>
                <line number="287" hits="39" branch="false"/>
                <line number="288" hits="39" branch="false"/>
                <line number="289" hits="39" branch="false"/>
                <line number="290" hits="39" branch="false"/>
                <line number="291" hits="39" branch="false"/>
                <line number="292" hits="39" branch="false"/>
                <line number="293" hits="39" branch="false"/>
                <line number="294" hits="39" branch="false"/>
                <line number="295" hits="39" branch="false"/>
                <line number="296" hits="39" branch="false"/>
                <line number="297" hits="39" branch="false"/>
                <line number="298" hits="39" branch="false"/>
                <line number="299" hits="39" branch="false"/>
                <line number="300" hits="39" branch="false"/>
                <line number="301" hits="39" branch="false"/>
                <line number="302" hits="39" branch="false"/>
                <line number="303" hits="39" branch="false"/>
                <line number="304" hits="39" branch="false"/>
                <line number="305" hits="39" branch="false"/>
                <line number="306" hits="39" branch="false"/>
                <line number="307" hits="39" branch="false"/>
                <line number="310" hits="39" branch="false"/>
                <line number="311" hits="39" branch="false"/>
                <line number="315" hits="39" branch="false"/>
                <line number="316" hits="39" branch="false"/>
                <line number="318" hits="39" branch="false"/>
                <line number="319" hits="39" branch="false"/>
                <line number="320" hits="39" branch="false"/>
                <line number="767" hits="15" branch="false"/>
                <line number="374" hits="126" branch="false"/>
                <line number="376" hits="126" branch="false"/>
                <line number="379" hits="126" branch="false"/>
                <line number="380" hits="0" branch="false"/>
                <line number="381" hits="0" branch="false"/>
                <line number="382" hits="0" branch="false"/>
                <line number="383" hits="0" branch="false"/>
                <line number="384" hits="0" branch="false"/>
                <line number="386" hits="126" branch="false"/>
                <line number="387" hits="0" branch="false"/>
                <line number="388" hits="0" branch="false"/>
                <line number="389" hits="0" branch="false"/>
                <line number="390" hits="0" branch="false"/>
                <line number="394" hits="126" branch="false"/>
                <line number="395" hits="126" branch="false"/>
                <line number="396" hits="126" branch="false"/>
                <line number="397" hits="0" branch="false"/>
                <line number="398" hits="0" branch="false"/>
                <line number="399" hits="0" branch="false"/>
                <line number="400" hits="0" branch="false"/>
                <line number="401" hits="0" branch="false"/>
                <line number="402" hits="0" branch="false"/>
                <line number="405" hits="126" branch="false"/>
                <line number="409" hits="126" branch="false"/>
                <line number="410" hits="22" branch="false"/>
                <line number="413" hits="20" branch="false"/>
                <line number="414" hits="9" branch="false"/>
                <line number="415" hits="9" branch="false"/>
                <line number="416" hits="9" branch="false"/>
                <line number="417" hits="2" branch="false"/>
                <line number="418" hits="2" branch="false"/>
                <line number="419" hits="2" branch="false"/>
                <line number="420" hits="2" branch="false"/>
                <line number="421" hits="2" branch="false"/>
                <line number="422" hits="2" branch="false"/>
                <line number="423" hits="2" branch="false"/>
                <line number="424" hits="2" branch="false"/>
                <line number="430" hits="122" branch="false"/>
                <line number="432" hits="104" branch="false"/>
                <line number="434" hits="18" branch="false"/>
                <line number="438" hits="122" branch="false"/>
                <line number="441" hits="122" branch="false"/>
                <line number="442" hits="122" branch="false"/>
                <line number="443" hits="122" branch="false"/>
                <line number="444" hits="122" branch="false"/>
                <line number="445" hits="122" branch="false"/>
                <line number="446" hits="122" branch="false"/>
                <line number="447" hits="122" branch="false"/>
                <line number="450" hits="122" branch="false"/>
                <line number="452" hits="120" branch="false"/>
                <line number="453" hits="120" branch="false"/>
                <line number="454" hits="120" branch="false"/>
                <line number="456" hits="120" branch="false"/>
                <line number="457" hits="120" branch="false"/>
                <line number="458" hits="120" branch="false"/>
                <line number="460" hits="120" branch="false"/>
                <line number="463" hits="120" branch="false"/>
                <line number="464" hits="18" branch="false"/>
                <line number="468" hits="120" branch="false"/>
                <line number="469" hits="120" branch="false"/>
                <line number="472" hits="120" branch="false"/>
                <line number="473" hits="120" branch="false"/>
                <line number="474" hits="97" branch="false"/>
                <line number="476" hits="120" branch="false"/>
                <line number="477" hits="120" branch="false"/>
                <line number="478" hits="120" branch="false"/>
                <line number="479" hits="0" branch="false"/>
                <line number="481" hits="120" branch="false"/>
                <line number="485" hits="120" branch="false"/>
                <line number="488" hits="120" branch="false"/>
                <line number="489" hits="120" branch="false"/>
                <line number="490" hits="2" branch="false"/>
                <line number="493" hits="2" branch="false"/>
                <line number="494" hits="2" branch="false"/>
                <line number="495" hits="2" branch="false"/>
                <line number="498" hits="2" branch="false"/>
                <line number="499" hits="2" branch="false"/>
                <line number="500" hits="2" branch="false"/>
                <line number="501" hits="2" branch="false"/>
                <line number="502" hits="2" branch="false"/>
                <line number="503" hits="2" branch="false"/>
                <line number="504" hits="2" branch="false"/>
                <line number="505" hits="2" branch="false"/>
                <line number="506" hits="6" branch="false"/>
                <line number="507" hits="6" branch="false"/>
                <line number="508" hits="6" branch="false"/>
[...]
            <line number="571" hits="120" branch="false"/>
            <line number="572" hits="120" branch="false"/>
            <line number="573" hits="120" branch="false"/>
            <line number="574" hits="120" branch="false"/>
            <line number="575" hits="120" branch="false"/>
            <line number="576" hits="120" branch="false"/>
            <line number="584" hits="171" branch="false"/>
            <line number="585" hits="107" branch="false"/>
            <line number="586" hits="1" branch="false"/>
            <line number="587" hits="171" branch="false"/>
            <line number="588" hits="107" branch="false"/>
            <line number="589" hits="171" branch="false"/>
            <line number="590" hits="64" branch="false"/>
            <line number="591" hits="16" branch="false"/>
            <line number="592" hits="6" branch="false"/>
            <line number="593" hits="171" branch="false"/>
            <line number="594" hits="10" branch="false"/>
            <line number="595" hits="171" branch="false"/>
            <line number="596" hits="48" branch="false"/>
            <line number="597" hits="43" branch="false"/>
            <line number="598" hits="5" branch="false"/>
            <line number="600" hits="4" branch="false"/>
            <line number="601" hits="1" branch="false"/>
            <line number="602" hits="171" branch="false"/>
            <line number="603" hits="3" branch="false"/>
            <line number="604" hits="171" branch="false"/>
            <line number="605" hits="1" branch="false"/>
            <line number="606" hits="171" branch="false"/>
            <line number="607" hits="171" branch="false"/>
            <line number="608" hits="169" branch="false"/>
            <line number="612" hits="814" branch="false"/>
            <line number="613" hits="795" branch="false"/>
            <line number="615" hits="19" branch="false"/>
            <line number="616" hits="19" branch="false"/>
            <line number="617" hits="19" branch="false"/>
            <line number="618" hits="0" branch="false"/>
            <line number="619" hits="0" branch="false"/>
            <line number="621" hits="19" branch="false"/>
            <line number="625" hits="82" branch="false"/>
            <line number="629" hits="120" branch="false"/>
            <line number="630" hits="120" branch="false"/>
            <line number="631" hits="120" branch="false"/>
            <line number="632" hits="120" branch="false"/>
            <line number="633" hits="120" branch="false"/>
            <line number="634" hits="120" branch="false"/>
            <line number="635" hits="14" branch="false"/>
            <line number="637" hits="120" branch="false"/>
            <line number="638" hits="120" branch="false"/>
            <line number="639" hits="120" branch="false"/>
            <line number="640" hits="120" branch="false"/>
            <line number="641" hits="68" branch="false"/>
            <line number="642" hits="66" branch="false"/>
            <line number="643" hits="66" branch="false"/>
            <line number="644" hits="66" branch="false"/>
            <line number="645" hits="66" branch="false"/>
            <line number="647" hits="2" branch="false"/>
            <line number="649" hits="68" branch="false"/>
            <line number="650" hits="68" branch="false"/>
            <line number="651" hits="68" branch="false"/>
            <line number="652" hits="68" branch="false"/>
            <line number="653" hits="68" branch="false"/>
            <line number="654" hits="68" branch="false"/>
            <line number="655" hits="68" branch="false"/>
            <line number="656" hits="68" branch="false"/>
            <line number="657" hits="68" branch="false"/>
            <line number="658" hits="68" branch="false"/>
            <line number="659" hits="68" branch="false"/>
            <line number="661" hits="120" branch="false"/>
            <line number="665" hits="123" branch="false"/>
            <line number="666" hits="123" branch="false"/>
            <line number="667" hits="123" branch="false"/>
            <line number="668" hits="123" branch="false"/>
            <line number="670" hits="123" branch="false"/>
            <line number="671" hits="107" branch="false"/>
            <line number="672" hits="107" branch="false"/>
            <line number="673" hits="107" branch="false"/>
            <line number="675" hits="16" branch="false"/>
            <line number="676" hits="16" branch="false"/>
            <line number="677" hits="16" branch="false"/>
            <line number="679" hits="123" branch="false"/>
            <line number="683" hits="80" branch="false"/>
            <line number="684" hits="0" branch="false"/>
            <line number="685" hits="0" branch="false"/>
            <line number="686" hits="0" branch="false"/>
            <line number="687" hits="0" branch="false"/>
            <line number="688" hits="0" branch="false"/>
            <line number="689" hits="0" branch="false"/>
            <line number="690" hits="0" branch="false"/>
            <line number="691" hits="0" branch="false"/>
            <line number="724" hits="22397" branch="false"/>
            <line number="725" hits="80" branch="false"/>
            <line number="726" hits="80" branch="false"/>
            <line number="727" hits="80" branch="false"/>
            <line number="728" hits="80" branch="false"/>
            <line number="729" hits="80" branch="false"/>
            <line number="730" hits="80" branch="false"/>
            <line number="732" hits="22317" branch="false"/>
            <line number="733" hits="22317" branch="false"/>
            <line number="734" hits="2613" branch="false"/>
            <line number="736" hits="19704" branch="false"/>
            <line number="737" hits="19704" branch="false"/>
            <line number="739" hits="19704" branch="false"/>
            <line number="740" hits="0" branch="false"/>
            <line number="741" hits="0" branch="false"/>
            <line number="742" hits="0" branch="false"/>
            <line number="743" hits="0" branch="false"/>
            <line number="744" hits="0" branch="false"/>
            <line number="748" hits="19704" branch="false"/>
            <line number="751" hits="19704" branch="false"/>
            <line number="752" hits="53" branch="false"/>
            <line number="755" hits="53" branch="false"/>
            <line number="756" hits="53" branch="false"/>
            <line number="758" hits="53" branch="false"/>
            <line number="759" hits="53" branch="false"/>
            <line number="760" hits="53" branch="false"/>
            <line number="761" hits="6" branch="false"/>
            <line number="762" hits="6" branch="false"/>
            <line number="763" hits="6" branch="false"/>
            <line number="764" hits="6" branch="false"/>
            <line number="765" hits="6" branch="false"/>
            <line number="766" hits="53" branch="false"/>
            <line number="767" hits="53" branch="false"/>
            <line number="768" hits="53" branch="false"/>
            <line number="770" hits="53" branch="false"/>
            <line number="771" hits="53" branch="false"/>
            <line number="772" hits="53" branch="false"/>
            <line number="773" hits="53" branch="false"/>
            <line number="775" hits="53" branch="false"/>
            <line number="776" hits="6" branch="false"/>
            <line number="777" hits="6" branch="false"/>
            <line number="778" hits="53" branch="false"/>
            <line number="780" hits="53" branch="false"/>
            <line number="783" hits="53" branch="false"/>
            <line number="784" hits="53" branch="false"/>
            <line number="785" hits="53" branch="false"/>
            <line number="786" hits="53" branch="false"/>
            <line number="789" hits="53" branch="false"/>
            <line number="791" hits="11" branch="false"/>
            <line number="792" hits="11" branch="false"/>
            <line number="793" hits="11" branch="false"/>
            <line number="794" hits="53" branch="false"/>
            <line number="795" hits="49" branch="false"/>
            <line number="796" hits="53" branch="false"/>
            <line number="797" hits="53" branch="false"/>
            <line number="800" hits="19655" branch="false"/>
            <line number="801" hits="19363" branch="false"/>
            <line number="804" hits="292" branch="false"/>
            <line number="808" hits="19824" branch="false"/>
            <line number="809" hits="19824" branch="false"/>
            <line number="810" hits="19824" branch="false"/>
            <line number="811" hits="19824" branch="false"/>
            <line number="812" hits="19824" branch="false"/>
            <line number="813" hits="19824" branch="false"/>
            <line number="818" hits="11" branch="false"/>
            <line number="819" hits="11" branch="false"/>
            <line number="820" hits="11" branch="false"/>
            <line number="821" hits="11" branch="false"/>
            <line number="822" hits="11" branch="false"/>
            <line number="823" hits="11" branch="false"/>
            <line number="824" hits="11" branch="false"/>
            <line number="825" hits="11" branch="false"/>
            <line number="826" hits="11" branch="false"/>
            <line number="828" hits="0" branch="false"/>
            <line number="831" hits="11" branch="false"/>
            <line number="836" hits="60" branch="false"/>
            <line number="837" hits="60" branch="false"/>
            <line number="838" hits="60" branch="false"/>
            <line number="839" hits="60" branch="false"/>
            <line number="840" hits="60" branch="false"/>
            <line number="842" hits="60" branch="false"/>
            <line number="843" hits="0" branch="false"/>
            <line number="844" hits="60" branch="false"/>
            <line number="845" hits="60" branch="false"/>
            <line number="846" hits="60" branch="false"/>
            <line number="849" hits="60" branch="false"/>
            <line number="850" hits="60" branch="false"/>
            <line number="860" hits="225" branch="false"/>
            <line number="864" hits="5366" branch="false"/>
            <line number="868" hits="270" branch="false"/>
            <line number="872" hits="640" branch="false"/>
            <line number="873" hits="640" branch="false"/>
            <line number="874" hits="640" branch="false"/>
            <line number="878" hits="612" branch="false"/>
            <line number="879" hits="612" branch="false"/>
            <line number="880" hits="612" branch="false"/>
            <line number="884" hits="946" branch="false"/>
            <line number="885" hits="946" branch="false"/>
            <line number="889" hits="1252" branch="false"/>
            <line number="890" hits="1252" branch="false"/>
            <line number="891" hits="1252" branch="false"/>
            <line number="892" hits="946" branch="false"/>
            <line number="894" hits="1252" branch="false"/>
            <line number="898" hits="175" branch="false"/>
            <line number="899" hits="175" branch="false"/>
            <line number="900" hits="175" branch="false"/>
            <line number="901" hits="175" branch="false"/>
            <line number="902" hits="175" branch="false"/>
            <line number="903" hits="175" branch="false"/>
            <line number="904" hits="175" branch="false"/>
            <line number="905" hits="175" branch="false"/>
            <line number="935" hits="2" branch="false"/>
            <line number="936" hits="0" branch="false"/>
            <line number="938" hits="2" branch="false"/>
            <line number="939" hits="2" branch="false"/>
            <line number="940" hits="2" branch="false"/>
            <line number="941" hits="2" branch="false"/>
            <line number="942" hits="2" branch="false"/>
            <line number="943" hits="2" branch="false"/>
            <line number="944" hits="2" branch="false"/>
            <line number="945" hits="2" branch="false"/>
            <line number="946" hits="2" branch="false"/>
            <line number="947" hits="2" branch="false"/>
            <line number="948" hits="2" branch="false"/>
            <line number="949" hits="2" branch="false"/>
            <line number="968" hits="83" branch="false"/>
            <line number="969" hits="0" branch="false"/>
            <line number="971" hits="83" branch="false"/>
            <line number="972" hits="83" branch="false"/>
            <line number="973" hits="83" branch="false"/>
            <line number="974" hits="83" branch="false"/>
            <line number="977" hits="83" branch="false"/>
            <line number="978" hits="27" branch="false"/>
            <line number="981" hits="80" branch="false"/>
            <line number="984" hits="80" branch="false"/>
            <line number="985" hits="80" branch="false"/>
            <line number="986" hits="80" branch="false"/>
            <line number="987" hits="80" branch="false"/>
            <line number="990" hits="80" branch="false"/>
            <line number="991" hits="1" branch="false"/>
            <line number="993" hits="1" branch="false"/>
            <line number="994" hits="1" branch="false"/>
            <line number="995" hits="1" branch="false"/>
            <line number="997" hits="1" branch="false"/>
            <line number="998" hits="1" branch="false"/>
            <line number="999" hits="1" branch="false"/>
            <line number="1000" hits="2" branch="false"/>
            <line number="1001" hits="1" branch="false"/>
            <line number="1003" hits="1" branch="false"/>
            <line number="1004" hits="1" branch="false"/>
            <line number="1005" hits="1" branch="false"/>
            <line number="1007" hits="1" branch="false"/>
            <line number="1010" hits="0" branch="false"/>
            <line number="1016" hits="80" branch="false"/>
            <line number="1042" hits="8471" branch="false"/>
            <line number="1044" hits="1" branch="false"/>
            <line number="1045" hits="1" branch="false"/>
            <line number="1047" hits="2" branch="false"/>
            <line number="1049" hits="8469" branch="false"/>
            <line number="1051" hits="0" branch="false"/>
            <line number="1053" hits="8469" branch="false"/>
            <line number="1055" hits="777" branch="false"/>
            <line number="1056" hits="777" branch="false"/>
            <line number="1058" hits="7541" branch="false"/>
            <line number="1059" hits="10" branch="false"/>
            <line number="1061" hits="61" branch="false"/>
            <line number="1062" hits="61" branch="false"/>
            <line number="1064" hits="45" branch="false"/>
            <line number="1065" hits="35" branch="false"/>
            <line number="1070" hits="9465" branch="false"/>
            <line number="1074" hits="1406" branch="false"/>
            <line number="1098" hits="2" branch="false"/>
            <line number="1099" hits="2" branch="false"/>
            <line number="1100" hits="2" branch="false"/>
            <line number="1101" hits="2" branch="false"/>
            <line number="1102" hits="2" branch="false"/>
            <line number="1104" hits="1" branch="false"/>
            <line number="1105" hits="0" branch="false"/>
            <line number="1107" hits="1" branch="false"/>
            <line number="1108" hits="1" branch="false"/>
            <line number="1109" hits="1" branch="false"/>
            <line number="1110" hits="1" branch="false"/>
            <line number="1111" hits="1" branch="false"/>
            <line number="1112" hits="0" branch="false"/>
            <line number="1113" hits="1" branch="false"/>
            <line number="1114" hits="1" branch="false"/>
            <line number="1115" hits="1" branch="false"/>
            <line number="1116" hits="1" branch="false"/>
            <line number="1117" hits="1" branch="false"/>
            <line number="1135" hits="3" branch="false"/>
          </lines>
        </class>
        <class name="utils.R" filename="R/utils.R" line-rate="1" branch-rate="0" complexity="0">
          <methods>
            <method name="%||%" signature="" line-rate="1" branch-rate="0" complexity="0">
              <lines>
                <line number="22" hits="360" branch="false"/>
                <line number="23" hits="52" branch="false"/>
                <line number="25" hits="308" branch="false"/>
              </lines>
            </method>
          </methods>
          <lines>
            <line number="22" hits="360" branch="false"/>
            <line number="23" hits="52" branch="false"/>
            <line number="25" hits="308" branch="false"/>
          </lines>
        </class>
        <class name="zzz.R" filename="R/zzz.R" line-rate="0.647058823529412" branch-rate="0" complexity="0">
          <methods>
            <method name="default_hsep" signature="" line-rate="0.5" branch-rate="0" complexity="0">
              <lines>
                <line number="22" hits="41" branch="false"/>
                <line number="24" hits="41" branch="false"/>
                <line number="25" hits="40" branch="false"/>
                <line number="26" hits="40" branch="false"/>
                <line number="28" hits="0" branch="false"/>
                <line number="29" hits="0" branch="false"/>
                <line number="30" hits="0" branch="false"/>
                <line number="31" hits="0" branch="false"/>
                <line number="32" hits="0" branch="false"/>
                <line number="33" hits="0" branch="false"/>
                <line number="38" hits="1" branch="false"/>
                <line number="40" hits="41" branch="false"/>
              </lines>
            </method>
            <method name="set_default_hsep" signature="" line-rate="1" branch-rate="0" complexity="0">
              <lines>
                <line number="46" hits="3" branch="false"/>
                <line number="47" hits="2" branch="false"/>
              </lines>
            </method>
            <method name="default_page_number" signature="" line-rate="1" branch-rate="0" complexity="0">
              <lines>
                <line number="70" hits="29" branch="false"/>
              </lines>
            </method>
            <method name="set_default_page_number" signature="" line-rate="1" branch-rate="0" complexity="0">
              <lines>
                <line number="76" hits="4" branch="false"/>
                <line number="77" hits="4" branch="false"/>
              </lines>
            </method>
          </methods>
          <lines>
            <line number="22" hits="41" branch="false"/>
            <line number="24" hits="41" branch="false"/>
            <line number="25" hits="40" branch="false"/>
            <line number="26" hits="40" branch="false"/>
            <line number="28" hits="0" branch="false"/>
            <line number="29" hits="0" branch="false"/>
            <line number="30" hits="0" branch="false"/>
            <line number="31" hits="0" branch="false"/>
            <line number="32" hits="0" branch="false"/>
            <line number="33" hits="0" branch="false"/>
            <line number="38" hits="1" branch="false"/>
            <line number="40" hits="41" branch="false"/>
            <line number="46" hits="3" branch="false"/>
            <line number="47" hits="2" branch="false"/>
            <line number="70" hits="29" branch="false"/>
            <line number="76" hits="4" branch="false"/>
            <line number="77" hits="4" branch="false"/>
          </lines>
        </class>
      </classes>
    </package>
  </packages>
</coverage>
